stty: standard input: Inappropriate ioctl for device
simple_logistic.py
arguments
Namespace(batch_norm=True, batchsize=256, batchsize_net=512, bias=0.1, bottleneck_dim=256, channel_pca=0, compute_nflops=False, compute_patch_gram_matrix=False, compute_sparsity=False, convolutional_classifier=6, convolutional_loss=False, correct_padding=False, dataset='imagenet128', force_recompute=False, learn_patches=False, lr_schedule='{0:1e-4,60:1e-5,80:1e-6,90:1e-7}', multigpu=False, n_bagging_patches=0, n_channel_convolution=4096, nepochs=100, no_cudnn=False, no_jit=False, no_padding=False, no_progress_bar=True, no_zca=False, num_workers=4, numpy_seed=0, optimizer='Adam', padding_mode='reflect', patch_distribution='empirical', patches_file='', path_test='/mnt/home/fguth/datasets/imagenet128/out_data_val', path_train='/mnt/home/fguth/datasets/imagenet128/out_data_train', positive_shrink=False, resume='', save_best_model=False, save_model=True, separable_convolution=False, sgd_momentum=0.0, shrink='heaviside', spatialsize_avg_pooling=20, spatialsize_convolution=24, stride_avg_pooling=12, stride_convolution=1, topk_fraction=0.25, torch_seed=0, weight_decay=0.0, zca_bias=0.001)
device: cuda
Trainset : (1268289, 128, 128, 3)
patches extracted: (500000, 3, 24, 24)
zca bias 0.001
patches normalized: (500000, 3, 24, 24)
patches randomly selected: (4096, 3, 24, 24)
saving patches in file patches/imagenet128_seed0_n4096_size24_zcabias0.001_filter.t7
Net output size: out1 torch.Size([4096, 9, 9]) out2 torch.Size([4096, 9, 9])
Parameters shape [torch.Size([4096]), torch.Size([4096]), torch.Size([4096]), torch.Size([4096]), torch.Size([1000, 256, 6, 6]), torch.Size([1000]), torch.Size([256, 4096, 1, 1]), torch.Size([256]), torch.Size([256, 4096, 1, 1]), torch.Size([256])]
N parameters : 11.331048 millions
optimizing net execution with torch.jit
Model will be saved at file checkpoints/imagenet128_4096patches_24x24/Adam_{0:1e-4,60:1e-5,80:1e-6,90:1e-7}/4e1605e68cc396fe1bef9cca243baf46.pth.tar.
new lr:0.0001
Train, epoch: 0; Loss: 4.92 | Acc: 13.5 ; threshold 0.100
Test, epoch: 0; Loss: 4.42 | Acc: 19.1 @1 37.7 @5 ; threshold 0.100
Best acc (19.096).
saving...
Train, epoch: 1; Loss: 4.31 | Acc: 20.6 ; threshold 0.100
Test, epoch: 1; Loss: 4.20 | Acc: 22.0 @1 41.8 @5 ; threshold 0.100
Best acc (22.006).
saving...
Train, epoch: 2; Loss: 4.10 | Acc: 23.5 ; threshold 0.100
Test, epoch: 2; Loss: 4.04 | Acc: 24.0 @1 44.4 @5 ; threshold 0.100
Best acc (24.006).
saving...
Train, epoch: 3; Loss: 3.96 | Acc: 25.3 ; threshold 0.100
Test, epoch: 3; Loss: 3.96 | Acc: 25.5 @1 46.0 @5 ; threshold 0.100
Best acc (25.476).
saving...
Train, epoch: 4; Loss: 3.86 | Acc: 26.6 ; threshold 0.100
Test, epoch: 4; Loss: 3.86 | Acc: 26.8 @1 47.5 @5 ; threshold 0.100
Best acc (26.754).
saving...
Train, epoch: 5; Loss: 3.79 | Acc: 27.7 ; threshold 0.100
Test, epoch: 5; Loss: 3.82 | Acc: 27.3 @1 48.5 @5 ; threshold 0.100
Best acc (27.33).
saving...
Train, epoch: 6; Loss: 3.73 | Acc: 28.6 ; threshold 0.100
Test, epoch: 6; Loss: 3.84 | Acc: 27.4 @1 48.2 @5 ; threshold 0.100
Best acc (27.446).
saving...
Train, epoch: 7; Loss: 3.68 | Acc: 29.4 ; threshold 0.100
Test, epoch: 7; Loss: 3.78 | Acc: 28.1 @1 49.4 @5 ; threshold 0.100
Best acc (28.106).
saving...
Train, epoch: 8; Loss: 3.63 | Acc: 30.1 ; threshold 0.100
Test, epoch: 8; Loss: 3.71 | Acc: 28.8 @1 50.4 @5 ; threshold 0.100
Best acc (28.822).
saving...
Train, epoch: 9; Loss: 3.59 | Acc: 30.6 ; threshold 0.100
Test, epoch: 9; Loss: 3.76 | Acc: 28.9 @1 49.9 @5 ; threshold 0.100
Best acc (28.926).
saving...
Train, epoch: 10; Loss: 3.55 | Acc: 31.2 ; threshold 0.100
Test, epoch: 10; Loss: 3.73 | Acc: 28.9 @1 50.2 @5 ; threshold 0.100
saving...
Train, epoch: 11; Loss: 3.52 | Acc: 31.6 ; threshold 0.100
Test, epoch: 11; Loss: 3.71 | Acc: 29.3 @1 50.8 @5 ; threshold 0.100
Best acc (29.26).
saving...
Train, epoch: 12; Loss: 3.49 | Acc: 32.0 ; threshold 0.100
Test, epoch: 12; Loss: 3.68 | Acc: 29.8 @1 51.2 @5 ; threshold 0.100
Best acc (29.75).
saving...
Train, epoch: 13; Loss: 3.46 | Acc: 32.5 ; threshold 0.100
Test, epoch: 13; Loss: 3.63 | Acc: 30.3 @1 51.9 @5 ; threshold 0.100
Best acc (30.304).
saving...
Train, epoch: 14; Loss: 3.43 | Acc: 32.9 ; threshold 0.100
Test, epoch: 14; Loss: 3.65 | Acc: 30.2 @1 51.7 @5 ; threshold 0.100
saving...
Train, epoch: 15; Loss: 3.41 | Acc: 33.2 ; threshold 0.100
Test, epoch: 15; Loss: 3.62 | Acc: 30.8 @1 52.3 @5 ; threshold 0.100
Best acc (30.782).
saving...
Train, epoch: 16; Loss: 3.39 | Acc: 33.5 ; threshold 0.100
Test, epoch: 16; Loss: 3.65 | Acc: 30.4 @1 52.1 @5 ; threshold 0.100
saving...
Train, epoch: 17; Loss: 3.37 | Acc: 33.8 ; threshold 0.100
Test, epoch: 17; Loss: 3.63 | Acc: 30.6 @1 52.3 @5 ; threshold 0.100
saving...
Train, epoch: 18; Loss: 3.34 | Acc: 34.2 ; threshold 0.100
Test, epoch: 18; Loss: 3.61 | Acc: 31.0 @1 52.5 @5 ; threshold 0.100
Best acc (30.97).
saving...
Train, epoch: 19; Loss: 3.33 | Acc: 34.5 ; threshold 0.100
Test, epoch: 19; Loss: 3.60 | Acc: 31.3 @1 52.8 @5 ; threshold 0.100
Best acc (31.316).
saving...
Train, epoch: 20; Loss: 3.31 | Acc: 34.7 ; threshold 0.100
Test, epoch: 20; Loss: 3.57 | Acc: 31.5 @1 53.2 @5 ; threshold 0.100
Best acc (31.5).
saving...
Train, epoch: 21; Loss: 3.29 | Acc: 34.9 ; threshold 0.100
Test, epoch: 21; Loss: 3.60 | Acc: 31.4 @1 52.9 @5 ; threshold 0.100
saving...
Train, epoch: 22; Loss: 3.27 | Acc: 35.2 ; threshold 0.100
Test, epoch: 22; Loss: 3.59 | Acc: 31.4 @1 52.9 @5 ; threshold 0.100
saving...
Train, epoch: 23; Loss: 3.26 | Acc: 35.4 ; threshold 0.100
Test, epoch: 23; Loss: 3.63 | Acc: 31.4 @1 52.5 @5 ; threshold 0.100
saving...
Train, epoch: 24; Loss: 3.24 | Acc: 35.7 ; threshold 0.100
Test, epoch: 24; Loss: 3.57 | Acc: 31.8 @1 53.3 @5 ; threshold 0.100
Best acc (31.778).
saving...
Train, epoch: 25; Loss: 3.23 | Acc: 35.8 ; threshold 0.100
Test, epoch: 25; Loss: 3.56 | Acc: 31.8 @1 53.3 @5 ; threshold 0.100
Best acc (31.802).
saving...
Train, epoch: 26; Loss: 3.22 | Acc: 36.0 ; threshold 0.100
Test, epoch: 26; Loss: 3.57 | Acc: 31.6 @1 53.5 @5 ; threshold 0.100
saving...
Train, epoch: 27; Loss: 3.20 | Acc: 36.2 ; threshold 0.100
Test, epoch: 27; Loss: 3.53 | Acc: 32.4 @1 54.1 @5 ; threshold 0.100
Best acc (32.38).
saving...
Train, epoch: 28; Loss: 3.19 | Acc: 36.4 ; threshold 0.100
Test, epoch: 28; Loss: 3.56 | Acc: 31.7 @1 53.5 @5 ; threshold 0.100
saving...
Train, epoch: 29; Loss: 3.18 | Acc: 36.6 ; threshold 0.100
Test, epoch: 29; Loss: 3.59 | Acc: 31.5 @1 53.5 @5 ; threshold 0.100
saving...
Train, epoch: 30; Loss: 3.17 | Acc: 36.8 ; threshold 0.100
Test, epoch: 30; Loss: 3.58 | Acc: 32.1 @1 53.5 @5 ; threshold 0.100
saving...
Train, epoch: 31; Loss: 3.16 | Acc: 36.8 ; threshold 0.100
Test, epoch: 31; Loss: 3.57 | Acc: 31.8 @1 53.8 @5 ; threshold 0.100
saving...
Train, epoch: 32; Loss: 3.15 | Acc: 37.0 ; threshold 0.100
Test, epoch: 32; Loss: 3.54 | Acc: 32.3 @1 54.0 @5 ; threshold 0.100
saving...
Train, epoch: 33; Loss: 3.14 | Acc: 37.2 ; threshold 0.100
Test, epoch: 33; Loss: 3.57 | Acc: 32.1 @1 53.6 @5 ; threshold 0.100
saving...
Train, epoch: 34; Loss: 3.13 | Acc: 37.3 ; threshold 0.100
Test, epoch: 34; Loss: 3.55 | Acc: 32.2 @1 54.0 @5 ; threshold 0.100
saving...
Train, epoch: 35; Loss: 3.12 | Acc: 37.5 ; threshold 0.100
Test, epoch: 35; Loss: 3.58 | Acc: 32.0 @1 53.7 @5 ; threshold 0.100
saving...
Train, epoch: 36; Loss: 3.11 | Acc: 37.7 ; threshold 0.100
Test, epoch: 36; Loss: 3.54 | Acc: 32.4 @1 54.2 @5 ; threshold 0.100
saving...
Train, epoch: 37; Loss: 3.10 | Acc: 37.7 ; threshold 0.100
Test, epoch: 37; Loss: 3.54 | Acc: 32.5 @1 54.4 @5 ; threshold 0.100
Best acc (32.456).
saving...
Train, epoch: 38; Loss: 3.09 | Acc: 37.9 ; threshold 0.100
Test, epoch: 38; Loss: 3.57 | Acc: 32.1 @1 53.9 @5 ; threshold 0.100
saving...
Train, epoch: 39; Loss: 3.08 | Acc: 38.0 ; threshold 0.100
Test, epoch: 39; Loss: 3.57 | Acc: 32.4 @1 53.8 @5 ; threshold 0.100
saving...
Train, epoch: 40; Loss: 3.07 | Acc: 38.2 ; threshold 0.100
Test, epoch: 40; Loss: 3.53 | Acc: 32.4 @1 54.4 @5 ; threshold 0.100
saving...
Train, epoch: 41; Loss: 3.06 | Acc: 38.3 ; threshold 0.100
Test, epoch: 41; Loss: 3.55 | Acc: 32.3 @1 54.4 @5 ; threshold 0.100
saving...
Train, epoch: 42; Loss: 3.06 | Acc: 38.4 ; threshold 0.100
Test, epoch: 42; Loss: 3.54 | Acc: 32.3 @1 54.3 @5 ; threshold 0.100
saving...
Train, epoch: 43; Loss: 3.05 | Acc: 38.4 ; threshold 0.100
Test, epoch: 43; Loss: 3.54 | Acc: 32.6 @1 54.2 @5 ; threshold 0.100
Best acc (32.61).
saving...
Train, epoch: 44; Loss: 3.04 | Acc: 38.6 ; threshold 0.100
Test, epoch: 44; Loss: 3.58 | Acc: 32.2 @1 54.1 @5 ; threshold 0.100
saving...
Train, epoch: 45; Loss: 3.03 | Acc: 38.7 ; threshold 0.100
Test, epoch: 45; Loss: 3.52 | Acc: 32.8 @1 54.6 @5 ; threshold 0.100
Best acc (32.796).
saving...
Train, epoch: 46; Loss: 3.03 | Acc: 38.8 ; threshold 0.100
Test, epoch: 46; Loss: 3.52 | Acc: 32.8 @1 54.7 @5 ; threshold 0.100
Best acc (32.804).
saving...
Train, epoch: 47; Loss: 3.02 | Acc: 38.9 ; threshold 0.100
Test, epoch: 47; Loss: 3.52 | Acc: 32.9 @1 54.8 @5 ; threshold 0.100
Best acc (32.866).
saving...
Train, epoch: 48; Loss: 3.01 | Acc: 39.0 ; threshold 0.100
Test, epoch: 48; Loss: 3.55 | Acc: 32.5 @1 54.3 @5 ; threshold 0.100
saving...
Train, epoch: 49; Loss: 3.01 | Acc: 39.1 ; threshold 0.100
Test, epoch: 49; Loss: 3.55 | Acc: 32.5 @1 54.2 @5 ; threshold 0.100
saving...
slurmstepd: error: *** JOB 502781 ON workergpu15 CANCELLED AT 2020-03-14T10:20:55 DUE TO TIME LIMIT ***
