stty: standard input: Inappropriate ioctl for device
simple_logistic.py
arguments
Namespace(batch_norm=True, batchsize=256, batchsize_net=0, bias=0.1, bottleneck_dim=192, channel_pca=0, compute_nflops=False, compute_patch_gram_matrix=False, compute_sparsity=False, convolutional_classifier=6, convolutional_loss=False, correct_padding=False, dataset='imagenet128', force_recompute=False, learn_patches=False, lr_schedule='{0:1e-4,60:1e-5,80:1e-6,90:1e-7}', multigpu=False, n_bagging_patches=0, n_channel_convolution=512, nepochs=100, no_cudnn=False, no_jit=False, no_padding=False, no_progress_bar=True, no_zca=False, num_workers=4, numpy_seed=0, optimizer='Adam', padding_mode='reflect', patch_distribution='empirical', patches_file='', path_test='/mnt/home/fguth/datasets/imagenet128/out_data_val', path_train='/mnt/home/fguth/datasets/imagenet128/out_data_train', positive_shrink=False, resume='', save_best_model=False, save_model=True, separable_convolution=False, sgd_momentum=0.0, shrink='heaviside', spatialsize_avg_pooling=20, spatialsize_convolution=24, stride_avg_pooling=12, stride_convolution=1, topk_fraction=0.25, torch_seed=0, weight_decay=0.0, zca_bias=0.001)
device: cuda
Net output size: out1 torch.Size([512, 9, 9]) out2 torch.Size([512, 9, 9])
Parameters shape [torch.Size([512]), torch.Size([512]), torch.Size([512]), torch.Size([512]), torch.Size([1000, 192, 6, 6]), torch.Size([1000]), torch.Size([192, 512, 1, 1]), torch.Size([192]), torch.Size([192, 512, 1, 1]), torch.Size([192])]
N parameters : 7.11204 millions
optimizing net execution with torch.jit
Model will be saved at file checkpoints/imagenet128_512patches_24x24/Adam_{0:1e-4,60:1e-5,80:1e-6,90:1e-7}/5d9042e7670a1c47a16a72520a5765e0.pth.tar.
new lr:0.0001
Train, epoch: 0; Loss: 5.11 | Acc: 11.9 ; threshold 0.100
Test, epoch: 0; Loss: 4.63 | Acc: 16.8 @1 34.3 @5 ; threshold 0.100
Best acc (16.838).
saving...
Train, epoch: 1; Loss: 4.53 | Acc: 18.4 ; threshold 0.100
Test, epoch: 1; Loss: 4.39 | Acc: 20.0 @1 38.7 @5 ; threshold 0.100
Best acc (19.99).
saving...
Train, epoch: 2; Loss: 4.33 | Acc: 20.9 ; threshold 0.100
Test, epoch: 2; Loss: 4.27 | Acc: 21.4 @1 40.7 @5 ; threshold 0.100
Best acc (21.422).
saving...
Train, epoch: 3; Loss: 4.21 | Acc: 22.5 ; threshold 0.100
Test, epoch: 3; Loss: 4.18 | Acc: 22.8 @1 42.3 @5 ; threshold 0.100
Best acc (22.802).
saving...
Train, epoch: 4; Loss: 4.13 | Acc: 23.6 ; threshold 0.100
Test, epoch: 4; Loss: 4.12 | Acc: 23.5 @1 43.2 @5 ; threshold 0.100
Best acc (23.518).
saving...
Train, epoch: 5; Loss: 4.06 | Acc: 24.5 ; threshold 0.100
Test, epoch: 5; Loss: 4.07 | Acc: 24.3 @1 44.1 @5 ; threshold 0.100
Best acc (24.332).
saving...
Train, epoch: 6; Loss: 4.01 | Acc: 25.2 ; threshold 0.100
Test, epoch: 6; Loss: 4.05 | Acc: 24.5 @1 44.6 @5 ; threshold 0.100
Best acc (24.532).
saving...
Train, epoch: 7; Loss: 3.97 | Acc: 25.8 ; threshold 0.100
Test, epoch: 7; Loss: 4.02 | Acc: 25.1 @1 45.0 @5 ; threshold 0.100
Best acc (25.11).
saving...
Train, epoch: 8; Loss: 3.93 | Acc: 26.4 ; threshold 0.100
Test, epoch: 8; Loss: 3.99 | Acc: 25.6 @1 45.8 @5 ; threshold 0.100
Best acc (25.574).
saving...
Train, epoch: 9; Loss: 3.90 | Acc: 26.8 ; threshold 0.100
Test, epoch: 9; Loss: 3.98 | Acc: 25.6 @1 45.9 @5 ; threshold 0.100
Best acc (25.638).
saving...
Train, epoch: 10; Loss: 3.87 | Acc: 27.1 ; threshold 0.100
Test, epoch: 10; Loss: 3.98 | Acc: 26.0 @1 46.1 @5 ; threshold 0.100
Best acc (25.97).
saving...
Train, epoch: 11; Loss: 3.85 | Acc: 27.5 ; threshold 0.100
Test, epoch: 11; Loss: 3.95 | Acc: 26.0 @1 46.6 @5 ; threshold 0.100
Best acc (26.04).
saving...
Train, epoch: 12; Loss: 3.82 | Acc: 27.8 ; threshold 0.100
Test, epoch: 12; Loss: 3.95 | Acc: 26.0 @1 46.5 @5 ; threshold 0.100
saving...
Train, epoch: 13; Loss: 3.80 | Acc: 28.1 ; threshold 0.100
Test, epoch: 13; Loss: 3.92 | Acc: 26.4 @1 46.9 @5 ; threshold 0.100
Best acc (26.42).
saving...
Train, epoch: 14; Loss: 3.78 | Acc: 28.4 ; threshold 0.100
Test, epoch: 14; Loss: 3.91 | Acc: 26.6 @1 47.1 @5 ; threshold 0.100
Best acc (26.616).
saving...
Train, epoch: 15; Loss: 3.77 | Acc: 28.5 ; threshold 0.100
Test, epoch: 15; Loss: 3.92 | Acc: 26.6 @1 47.1 @5 ; threshold 0.100
saving...
Train, epoch: 16; Loss: 3.76 | Acc: 28.8 ; threshold 0.100
Test, epoch: 16; Loss: 3.91 | Acc: 26.7 @1 47.2 @5 ; threshold 0.100
Best acc (26.738).
saving...
Train, epoch: 17; Loss: 3.74 | Acc: 28.9 ; threshold 0.100
Test, epoch: 17; Loss: 3.89 | Acc: 27.0 @1 47.6 @5 ; threshold 0.100
Best acc (27.006).
saving...
Train, epoch: 18; Loss: 3.73 | Acc: 29.1 ; threshold 0.100
Test, epoch: 18; Loss: 3.89 | Acc: 27.1 @1 47.5 @5 ; threshold 0.100
Best acc (27.052).
saving...
Train, epoch: 19; Loss: 3.72 | Acc: 29.3 ; threshold 0.100
Test, epoch: 19; Loss: 3.87 | Acc: 27.2 @1 47.7 @5 ; threshold 0.100
Best acc (27.182).
saving...
Train, epoch: 20; Loss: 3.71 | Acc: 29.4 ; threshold 0.100
Test, epoch: 20; Loss: 3.88 | Acc: 27.2 @1 47.6 @5 ; threshold 0.100
saving...
Train, epoch: 21; Loss: 3.70 | Acc: 29.6 ; threshold 0.100
Test, epoch: 21; Loss: 3.87 | Acc: 27.4 @1 47.8 @5 ; threshold 0.100
Best acc (27.43).
saving...
Train, epoch: 22; Loss: 3.69 | Acc: 29.7 ; threshold 0.100
Test, epoch: 22; Loss: 3.86 | Acc: 27.4 @1 48.0 @5 ; threshold 0.100
saving...
Train, epoch: 23; Loss: 3.68 | Acc: 29.9 ; threshold 0.100
Test, epoch: 23; Loss: 3.87 | Acc: 27.3 @1 47.8 @5 ; threshold 0.100
saving...
Train, epoch: 24; Loss: 3.67 | Acc: 30.0 ; threshold 0.100
Test, epoch: 24; Loss: 3.86 | Acc: 27.6 @1 48.0 @5 ; threshold 0.100
Best acc (27.566).
saving...
Train, epoch: 25; Loss: 3.66 | Acc: 30.1 ; threshold 0.100
Test, epoch: 25; Loss: 3.85 | Acc: 27.5 @1 48.1 @5 ; threshold 0.100
saving...
Train, epoch: 26; Loss: 3.66 | Acc: 30.2 ; threshold 0.100
Test, epoch: 26; Loss: 3.85 | Acc: 27.7 @1 48.3 @5 ; threshold 0.100
Best acc (27.74).
saving...
Train, epoch: 27; Loss: 3.65 | Acc: 30.3 ; threshold 0.100
Test, epoch: 27; Loss: 3.84 | Acc: 27.9 @1 48.2 @5 ; threshold 0.100
Best acc (27.898).
saving...
Train, epoch: 28; Loss: 3.64 | Acc: 30.4 ; threshold 0.100
Test, epoch: 28; Loss: 3.84 | Acc: 28.0 @1 48.4 @5 ; threshold 0.100
Best acc (27.96).
saving...
Train, epoch: 29; Loss: 3.63 | Acc: 30.5 ; threshold 0.100
Test, epoch: 29; Loss: 3.84 | Acc: 27.9 @1 48.1 @5 ; threshold 0.100
saving...
Train, epoch: 30; Loss: 3.63 | Acc: 30.6 ; threshold 0.100
Test, epoch: 30; Loss: 3.84 | Acc: 27.7 @1 48.4 @5 ; threshold 0.100
saving...
Train, epoch: 31; Loss: 3.62 | Acc: 30.6 ; threshold 0.100
Test, epoch: 31; Loss: 3.83 | Acc: 27.8 @1 48.7 @5 ; threshold 0.100
saving...
Train, epoch: 32; Loss: 3.62 | Acc: 30.7 ; threshold 0.100
Test, epoch: 32; Loss: 3.85 | Acc: 27.8 @1 48.3 @5 ; threshold 0.100
saving...
Train, epoch: 33; Loss: 3.61 | Acc: 30.8 ; threshold 0.100
Test, epoch: 33; Loss: 3.83 | Acc: 28.0 @1 48.6 @5 ; threshold 0.100
Best acc (27.966).
saving...
Train, epoch: 34; Loss: 3.61 | Acc: 30.9 ; threshold 0.100
Test, epoch: 34; Loss: 3.83 | Acc: 28.3 @1 48.8 @5 ; threshold 0.100
Best acc (28.258).
saving...
Train, epoch: 35; Loss: 3.60 | Acc: 30.9 ; threshold 0.100
Test, epoch: 35; Loss: 3.84 | Acc: 27.9 @1 48.6 @5 ; threshold 0.100
saving...
Train, epoch: 36; Loss: 3.59 | Acc: 31.0 ; threshold 0.100
Test, epoch: 36; Loss: 3.83 | Acc: 27.9 @1 48.6 @5 ; threshold 0.100
saving...
Train, epoch: 37; Loss: 3.59 | Acc: 31.1 ; threshold 0.100
Test, epoch: 37; Loss: 3.84 | Acc: 27.9 @1 48.5 @5 ; threshold 0.100
saving...
Train, epoch: 38; Loss: 3.59 | Acc: 31.1 ; threshold 0.100
Test, epoch: 38; Loss: 3.81 | Acc: 28.2 @1 48.8 @5 ; threshold 0.100
saving...
Train, epoch: 39; Loss: 3.58 | Acc: 31.2 ; threshold 0.100
Test, epoch: 39; Loss: 3.82 | Acc: 28.1 @1 48.9 @5 ; threshold 0.100
saving...
Train, epoch: 40; Loss: 3.58 | Acc: 31.3 ; threshold 0.100
Test, epoch: 40; Loss: 3.83 | Acc: 28.0 @1 48.7 @5 ; threshold 0.100
saving...
Train, epoch: 41; Loss: 3.57 | Acc: 31.3 ; threshold 0.100
Test, epoch: 41; Loss: 3.81 | Acc: 28.5 @1 48.8 @5 ; threshold 0.100
Best acc (28.452).
saving...
Train, epoch: 42; Loss: 3.57 | Acc: 31.4 ; threshold 0.100
Test, epoch: 42; Loss: 3.82 | Acc: 28.1 @1 48.8 @5 ; threshold 0.100
saving...
Train, epoch: 43; Loss: 3.57 | Acc: 31.5 ; threshold 0.100
Test, epoch: 43; Loss: 3.82 | Acc: 28.2 @1 48.7 @5 ; threshold 0.100
saving...
Train, epoch: 44; Loss: 3.56 | Acc: 31.5 ; threshold 0.100
Test, epoch: 44; Loss: 3.81 | Acc: 28.5 @1 49.0 @5 ; threshold 0.100
Best acc (28.456).
saving...
Train, epoch: 45; Loss: 3.56 | Acc: 31.5 ; threshold 0.100
Test, epoch: 45; Loss: 3.81 | Acc: 28.4 @1 49.0 @5 ; threshold 0.100
saving...
Train, epoch: 46; Loss: 3.56 | Acc: 31.6 ; threshold 0.100
Test, epoch: 46; Loss: 3.81 | Acc: 28.3 @1 48.9 @5 ; threshold 0.100
saving...
Train, epoch: 47; Loss: 3.55 | Acc: 31.6 ; threshold 0.100
Test, epoch: 47; Loss: 3.81 | Acc: 28.2 @1 48.8 @5 ; threshold 0.100
saving...
Train, epoch: 48; Loss: 3.55 | Acc: 31.7 ; threshold 0.100
Test, epoch: 48; Loss: 3.81 | Acc: 28.4 @1 49.1 @5 ; threshold 0.100
saving...
Train, epoch: 49; Loss: 3.55 | Acc: 31.7 ; threshold 0.100
Test, epoch: 49; Loss: 3.80 | Acc: 28.4 @1 49.3 @5 ; threshold 0.100
saving...
Train, epoch: 50; Loss: 3.54 | Acc: 31.7 ; threshold 0.100
Test, epoch: 50; Loss: 3.79 | Acc: 28.4 @1 49.2 @5 ; threshold 0.100
saving...
Train, epoch: 51; Loss: 3.54 | Acc: 31.8 ; threshold 0.100
Test, epoch: 51; Loss: 3.80 | Acc: 28.3 @1 49.2 @5 ; threshold 0.100
saving...
Train, epoch: 52; Loss: 3.54 | Acc: 31.9 ; threshold 0.100
Test, epoch: 52; Loss: 3.81 | Acc: 28.4 @1 49.0 @5 ; threshold 0.100
saving...
Train, epoch: 53; Loss: 3.54 | Acc: 31.9 ; threshold 0.100
Test, epoch: 53; Loss: 3.79 | Acc: 28.5 @1 49.4 @5 ; threshold 0.100
Best acc (28.546).
saving...
Train, epoch: 54; Loss: 3.53 | Acc: 31.9 ; threshold 0.100
Test, epoch: 54; Loss: 3.80 | Acc: 28.7 @1 49.2 @5 ; threshold 0.100
Best acc (28.652).
saving...
Train, epoch: 55; Loss: 3.53 | Acc: 32.0 ; threshold 0.100
Test, epoch: 55; Loss: 3.80 | Acc: 28.5 @1 49.1 @5 ; threshold 0.100
saving...
Train, epoch: 56; Loss: 3.53 | Acc: 32.0 ; threshold 0.100
Test, epoch: 56; Loss: 3.79 | Acc: 28.7 @1 49.4 @5 ; threshold 0.100
Best acc (28.732).
saving...
Train, epoch: 57; Loss: 3.52 | Acc: 32.0 ; threshold 0.100
Test, epoch: 57; Loss: 3.80 | Acc: 28.6 @1 49.3 @5 ; threshold 0.100
saving...
Train, epoch: 58; Loss: 3.52 | Acc: 32.1 ; threshold 0.100
Test, epoch: 58; Loss: 3.80 | Acc: 28.5 @1 49.3 @5 ; threshold 0.100
saving...
Train, epoch: 59; Loss: 3.52 | Acc: 32.0 ; threshold 0.100
Test, epoch: 59; Loss: 3.79 | Acc: 28.6 @1 49.5 @5 ; threshold 0.100
saving...
new lr:1e-05
Train, epoch: 60; Loss: 3.39 | Acc: 34.2 ; threshold 0.100
Test, epoch: 60; Loss: 3.71 | Acc: 29.7 @1 50.7 @5 ; threshold 0.100
Best acc (29.728).
saving...
Train, epoch: 61; Loss: 3.38 | Acc: 34.4 ; threshold 0.100
Test, epoch: 61; Loss: 3.71 | Acc: 29.8 @1 50.7 @5 ; threshold 0.100
Best acc (29.84).
saving...
Train, epoch: 62; Loss: 3.37 | Acc: 34.5 ; threshold 0.100
Test, epoch: 62; Loss: 3.70 | Acc: 29.9 @1 50.9 @5 ; threshold 0.100
Best acc (29.854).
saving...
Train, epoch: 63; Loss: 3.37 | Acc: 34.5 ; threshold 0.100
Test, epoch: 63; Loss: 3.70 | Acc: 30.0 @1 50.7 @5 ; threshold 0.100
Best acc (29.972).
saving...
Train, epoch: 64; Loss: 3.37 | Acc: 34.6 ; threshold 0.100
Test, epoch: 64; Loss: 3.70 | Acc: 30.0 @1 50.8 @5 ; threshold 0.100
saving...
Train, epoch: 65; Loss: 3.36 | Acc: 34.7 ; threshold 0.100
Test, epoch: 65; Loss: 3.70 | Acc: 29.9 @1 50.8 @5 ; threshold 0.100
saving...
Train, epoch: 66; Loss: 3.36 | Acc: 34.7 ; threshold 0.100
Test, epoch: 66; Loss: 3.70 | Acc: 30.0 @1 50.8 @5 ; threshold 0.100
Best acc (29.984).
saving...
Train, epoch: 67; Loss: 3.36 | Acc: 34.7 ; threshold 0.100
Test, epoch: 67; Loss: 3.70 | Acc: 30.0 @1 51.0 @5 ; threshold 0.100
Best acc (30.024).
saving...
Train, epoch: 68; Loss: 3.36 | Acc: 34.7 ; threshold 0.100
Test, epoch: 68; Loss: 3.70 | Acc: 30.1 @1 50.8 @5 ; threshold 0.100
Best acc (30.056).
saving...
Train, epoch: 69; Loss: 3.36 | Acc: 34.7 ; threshold 0.100
Test, epoch: 69; Loss: 3.70 | Acc: 30.1 @1 50.8 @5 ; threshold 0.100
Best acc (30.078).
saving...
Train, epoch: 70; Loss: 3.36 | Acc: 34.7 ; threshold 0.100
Test, epoch: 70; Loss: 3.70 | Acc: 30.0 @1 50.9 @5 ; threshold 0.100
saving...
Train, epoch: 71; Loss: 3.35 | Acc: 34.8 ; threshold 0.100
Test, epoch: 71; Loss: 3.70 | Acc: 30.1 @1 50.9 @5 ; threshold 0.100
Best acc (30.146).
saving...
Train, epoch: 72; Loss: 3.35 | Acc: 34.8 ; threshold 0.100
Test, epoch: 72; Loss: 3.70 | Acc: 30.1 @1 50.9 @5 ; threshold 0.100
saving...
Train, epoch: 73; Loss: 3.35 | Acc: 34.8 ; threshold 0.100
Test, epoch: 73; Loss: 3.70 | Acc: 30.0 @1 50.9 @5 ; threshold 0.100
saving...
Train, epoch: 74; Loss: 3.35 | Acc: 34.8 ; threshold 0.100
Test, epoch: 74; Loss: 3.70 | Acc: 30.2 @1 50.9 @5 ; threshold 0.100
Best acc (30.214).
saving...
Train, epoch: 75; Loss: 3.35 | Acc: 34.8 ; threshold 0.100
Test, epoch: 75; Loss: 3.69 | Acc: 30.1 @1 50.9 @5 ; threshold 0.100
saving...
Train, epoch: 76; Loss: 3.35 | Acc: 34.9 ; threshold 0.100
Test, epoch: 76; Loss: 3.70 | Acc: 30.1 @1 50.9 @5 ; threshold 0.100
saving...
Train, epoch: 77; Loss: 3.35 | Acc: 34.9 ; threshold 0.100
Test, epoch: 77; Loss: 3.70 | Acc: 30.1 @1 50.9 @5 ; threshold 0.100
saving...
Train, epoch: 78; Loss: 3.35 | Acc: 34.9 ; threshold 0.100
Test, epoch: 78; Loss: 3.70 | Acc: 30.2 @1 50.8 @5 ; threshold 0.100
saving...
Train, epoch: 79; Loss: 3.34 | Acc: 34.9 ; threshold 0.100
Test, epoch: 79; Loss: 3.69 | Acc: 30.1 @1 51.0 @5 ; threshold 0.100
saving...
new lr:1e-06
Train, epoch: 80; Loss: 3.33 | Acc: 35.1 ; threshold 0.100
Test, epoch: 80; Loss: 3.69 | Acc: 30.2 @1 51.0 @5 ; threshold 0.100
saving...
Train, epoch: 81; Loss: 3.33 | Acc: 35.2 ; threshold 0.100
Test, epoch: 81; Loss: 3.69 | Acc: 30.2 @1 51.1 @5 ; threshold 0.100
saving...
Train, epoch: 82; Loss: 3.33 | Acc: 35.2 ; threshold 0.100
Test, epoch: 82; Loss: 3.69 | Acc: 30.2 @1 51.0 @5 ; threshold 0.100
saving...
Train, epoch: 83; Loss: 3.33 | Acc: 35.2 ; threshold 0.100
Test, epoch: 83; Loss: 3.69 | Acc: 30.2 @1 50.9 @5 ; threshold 0.100
Best acc (30.242).
saving...
Train, epoch: 84; Loss: 3.33 | Acc: 35.2 ; threshold 0.100
Test, epoch: 84; Loss: 3.69 | Acc: 30.2 @1 51.1 @5 ; threshold 0.100
saving...
Train, epoch: 85; Loss: 3.33 | Acc: 35.2 ; threshold 0.100
Test, epoch: 85; Loss: 3.69 | Acc: 30.2 @1 51.1 @5 ; threshold 0.100
saving...
Train, epoch: 86; Loss: 3.33 | Acc: 35.2 ; threshold 0.100
Test, epoch: 86; Loss: 3.69 | Acc: 30.3 @1 51.1 @5 ; threshold 0.100
Best acc (30.286).
saving...
Train, epoch: 87; Loss: 3.33 | Acc: 35.2 ; threshold 0.100
Test, epoch: 87; Loss: 3.69 | Acc: 30.3 @1 51.1 @5 ; threshold 0.100
saving...
Train, epoch: 88; Loss: 3.33 | Acc: 35.2 ; threshold 0.100
Test, epoch: 88; Loss: 3.69 | Acc: 30.3 @1 51.0 @5 ; threshold 0.100
saving...
Train, epoch: 89; Loss: 3.33 | Acc: 35.2 ; threshold 0.100
Test, epoch: 89; Loss: 3.69 | Acc: 30.1 @1 51.0 @5 ; threshold 0.100
saving...
new lr:1e-07
Train, epoch: 90; Loss: 3.33 | Acc: 35.2 ; threshold 0.100
Test, epoch: 90; Loss: 3.69 | Acc: 30.3 @1 51.1 @5 ; threshold 0.100
saving...
Train, epoch: 91; Loss: 3.33 | Acc: 35.3 ; threshold 0.100
Test, epoch: 91; Loss: 3.69 | Acc: 30.3 @1 51.0 @5 ; threshold 0.100
Best acc (30.34).
saving...
Train, epoch: 92; Loss: 3.33 | Acc: 35.2 ; threshold 0.100
Test, epoch: 92; Loss: 3.69 | Acc: 30.2 @1 51.0 @5 ; threshold 0.100
saving...
Train, epoch: 93; Loss: 3.33 | Acc: 35.3 ; threshold 0.100
Test, epoch: 93; Loss: 3.69 | Acc: 30.2 @1 51.0 @5 ; threshold 0.100
saving...
Train, epoch: 94; Loss: 3.33 | Acc: 35.2 ; threshold 0.100
Test, epoch: 94; Loss: 3.69 | Acc: 30.3 @1 51.1 @5 ; threshold 0.100
saving...
Train, epoch: 95; Loss: 3.33 | Acc: 35.2 ; threshold 0.100
Test, epoch: 95; Loss: 3.69 | Acc: 30.3 @1 51.1 @5 ; threshold 0.100
saving...
Train, epoch: 96; Loss: 3.33 | Acc: 35.2 ; threshold 0.100
Test, epoch: 96; Loss: 3.69 | Acc: 30.3 @1 51.0 @5 ; threshold 0.100
saving...
Train, epoch: 97; Loss: 3.33 | Acc: 35.3 ; threshold 0.100
Test, epoch: 97; Loss: 3.69 | Acc: 30.3 @1 51.1 @5 ; threshold 0.100
saving...
Train, epoch: 98; Loss: 3.33 | Acc: 35.2 ; threshold 0.100
Test, epoch: 98; Loss: 3.69 | Acc: 30.2 @1 51.0 @5 ; threshold 0.100
saving...
Train, epoch: 99; Loss: 3.33 | Acc: 35.2 ; threshold 0.100
Test, epoch: 99; Loss: 3.69 | Acc: 30.2 @1 51.0 @5 ; threshold 0.100
saving...
Best test acc. 30.34  at epoch 91/99
Done in 25.0 hours with 1 GPU
