stty: standard input: Inappropriate ioctl for device
simple_logistic.py
arguments
Namespace(batch_norm=True, batchsize=256, batchsize_net=512, bias=0.1, bottleneck_dim=256, channel_pca=0, compute_nflops=False, compute_patch_gram_matrix=False, compute_sparsity=False, convolutional_classifier=6, convolutional_loss=False, correct_padding=False, dataset='imagenet128', force_recompute=False, learn_patches=False, lr_schedule='{0:1e-4,60:1e-5,80:1e-6,90:1e-7}', multigpu=False, n_bagging_patches=0, n_channel_convolution=1024, nepochs=100, no_cudnn=False, no_jit=False, no_padding=False, no_progress_bar=True, no_zca=False, num_workers=4, numpy_seed=0, optimizer='Adam', padding_mode='reflect', patch_distribution='empirical', patches_file='', path_test='/mnt/home/fguth/datasets/imagenet128/out_data_val', path_train='/mnt/home/fguth/datasets/imagenet128/out_data_train', positive_shrink=False, resume='', save_best_model=False, save_model=True, separable_convolution=False, sgd_momentum=0.0, shrink='heaviside', spatialsize_avg_pooling=20, spatialsize_convolution=24, stride_avg_pooling=12, stride_convolution=1, topk_fraction=0.25, torch_seed=0, weight_decay=0.0, zca_bias=0.001)
device: cuda
Trainset : (1268289, 128, 128, 3)
patches extracted: (500000, 3, 24, 24)
zca bias 0.001
patches normalized: (500000, 3, 24, 24)
patches randomly selected: (1024, 3, 24, 24)
saving patches in file patches/imagenet128_seed0_n1024_size24_zcabias0.001_filter.t7
Net output size: out1 torch.Size([1024, 9, 9]) out2 torch.Size([1024, 9, 9])
Parameters shape [torch.Size([1024]), torch.Size([1024]), torch.Size([1024]), torch.Size([1024]), torch.Size([1000, 256, 6, 6]), torch.Size([1000]), torch.Size([256, 1024, 1, 1]), torch.Size([256]), torch.Size([256, 1024, 1, 1]), torch.Size([256])]
N parameters : 9.745896 millions
optimizing net execution with torch.jit
Model will be saved at file checkpoints/imagenet128_1024patches_24x24/Adam_{0:1e-4,60:1e-5,80:1e-6,90:1e-7}/96cedc3e386c317a4432a2e0c5ca2bce.pth.tar.
new lr:0.0001
Train, epoch: 0; Loss: 4.98 | Acc: 13.2 ; threshold 0.100
Test, epoch: 0; Loss: 4.49 | Acc: 18.2 @1 36.5 @5 ; threshold 0.100
Best acc (18.206).
saving...
Train, epoch: 1; Loss: 4.38 | Acc: 20.1 ; threshold 0.100
Test, epoch: 1; Loss: 4.24 | Acc: 21.6 @1 41.1 @5 ; threshold 0.100
Best acc (21.604).
saving...
Train, epoch: 2; Loss: 4.17 | Acc: 22.8 ; threshold 0.100
Test, epoch: 2; Loss: 4.11 | Acc: 23.1 @1 43.2 @5 ; threshold 0.100
Best acc (23.114).
saving...
Train, epoch: 3; Loss: 4.05 | Acc: 24.5 ; threshold 0.100
Test, epoch: 3; Loss: 4.02 | Acc: 24.7 @1 44.9 @5 ; threshold 0.100
Best acc (24.748).
saving...
Train, epoch: 4; Loss: 3.96 | Acc: 25.7 ; threshold 0.100
Test, epoch: 4; Loss: 3.99 | Acc: 25.5 @1 45.2 @5 ; threshold 0.100
Best acc (25.544).
saving...
Train, epoch: 5; Loss: 3.89 | Acc: 26.8 ; threshold 0.100
Test, epoch: 5; Loss: 3.95 | Acc: 25.8 @1 46.1 @5 ; threshold 0.100
Best acc (25.804).
saving...
Train, epoch: 6; Loss: 3.83 | Acc: 27.5 ; threshold 0.100
Test, epoch: 6; Loss: 3.90 | Acc: 26.5 @1 46.9 @5 ; threshold 0.100
Best acc (26.536).
saving...
Train, epoch: 7; Loss: 3.78 | Acc: 28.1 ; threshold 0.100
Test, epoch: 7; Loss: 3.88 | Acc: 26.8 @1 47.3 @5 ; threshold 0.100
Best acc (26.796).
saving...
Train, epoch: 8; Loss: 3.74 | Acc: 28.7 ; threshold 0.100
Test, epoch: 8; Loss: 3.85 | Acc: 27.3 @1 47.8 @5 ; threshold 0.100
Best acc (27.282).
saving...
Train, epoch: 9; Loss: 3.71 | Acc: 29.2 ; threshold 0.100
Test, epoch: 9; Loss: 3.84 | Acc: 27.4 @1 48.1 @5 ; threshold 0.100
Best acc (27.426).
saving...
Train, epoch: 10; Loss: 3.68 | Acc: 29.7 ; threshold 0.100
Test, epoch: 10; Loss: 3.80 | Acc: 28.2 @1 48.7 @5 ; threshold 0.100
Best acc (28.228).
saving...
Train, epoch: 11; Loss: 3.65 | Acc: 30.1 ; threshold 0.100
Test, epoch: 11; Loss: 3.80 | Acc: 28.0 @1 48.8 @5 ; threshold 0.100
saving...
Train, epoch: 12; Loss: 3.62 | Acc: 30.4 ; threshold 0.100
Test, epoch: 12; Loss: 3.78 | Acc: 28.1 @1 49.1 @5 ; threshold 0.100
saving...
Train, epoch: 13; Loss: 3.60 | Acc: 30.8 ; threshold 0.100
Test, epoch: 13; Loss: 3.79 | Acc: 28.2 @1 49.2 @5 ; threshold 0.100
saving...
Train, epoch: 14; Loss: 3.58 | Acc: 31.0 ; threshold 0.100
Test, epoch: 14; Loss: 3.80 | Acc: 28.2 @1 49.1 @5 ; threshold 0.100
saving...
Train, epoch: 15; Loss: 3.56 | Acc: 31.3 ; threshold 0.100
Test, epoch: 15; Loss: 3.77 | Acc: 28.6 @1 49.5 @5 ; threshold 0.100
Best acc (28.552).
saving...
Train, epoch: 16; Loss: 3.54 | Acc: 31.6 ; threshold 0.100
Test, epoch: 16; Loss: 3.77 | Acc: 28.4 @1 49.6 @5 ; threshold 0.100
saving...
Train, epoch: 17; Loss: 3.53 | Acc: 31.8 ; threshold 0.100
Test, epoch: 17; Loss: 3.74 | Acc: 29.0 @1 50.1 @5 ; threshold 0.100
Best acc (29.048).
saving...
Train, epoch: 18; Loss: 3.51 | Acc: 32.0 ; threshold 0.100
Test, epoch: 18; Loss: 3.76 | Acc: 28.8 @1 49.7 @5 ; threshold 0.100
saving...
Train, epoch: 19; Loss: 3.50 | Acc: 32.2 ; threshold 0.100
Test, epoch: 19; Loss: 3.73 | Acc: 29.1 @1 50.3 @5 ; threshold 0.100
Best acc (29.146).
saving...
Train, epoch: 20; Loss: 3.49 | Acc: 32.4 ; threshold 0.100
Test, epoch: 20; Loss: 3.72 | Acc: 29.4 @1 50.5 @5 ; threshold 0.100
Best acc (29.432).
saving...
Train, epoch: 21; Loss: 3.47 | Acc: 32.5 ; threshold 0.100
Test, epoch: 21; Loss: 3.74 | Acc: 29.2 @1 50.4 @5 ; threshold 0.100
saving...
Train, epoch: 22; Loss: 3.46 | Acc: 32.7 ; threshold 0.100
Test, epoch: 22; Loss: 3.72 | Acc: 29.4 @1 50.5 @5 ; threshold 0.100
saving...
Train, epoch: 23; Loss: 3.45 | Acc: 32.9 ; threshold 0.100
Test, epoch: 23; Loss: 3.71 | Acc: 29.6 @1 50.5 @5 ; threshold 0.100
Best acc (29.64).
saving...
Train, epoch: 24; Loss: 3.44 | Acc: 33.1 ; threshold 0.100
Test, epoch: 24; Loss: 3.72 | Acc: 29.5 @1 50.4 @5 ; threshold 0.100
saving...
Train, epoch: 25; Loss: 3.43 | Acc: 33.2 ; threshold 0.100
Test, epoch: 25; Loss: 3.72 | Acc: 29.5 @1 50.5 @5 ; threshold 0.100
saving...
Train, epoch: 26; Loss: 3.42 | Acc: 33.3 ; threshold 0.100
Test, epoch: 26; Loss: 3.73 | Acc: 29.6 @1 50.6 @5 ; threshold 0.100
saving...
Train, epoch: 27; Loss: 3.41 | Acc: 33.5 ; threshold 0.100
Test, epoch: 27; Loss: 3.70 | Acc: 29.7 @1 50.8 @5 ; threshold 0.100
Best acc (29.748).
saving...
Train, epoch: 28; Loss: 3.40 | Acc: 33.5 ; threshold 0.100
Test, epoch: 28; Loss: 3.70 | Acc: 29.9 @1 51.0 @5 ; threshold 0.100
Best acc (29.866).
saving...
Train, epoch: 29; Loss: 3.39 | Acc: 33.7 ; threshold 0.100
Test, epoch: 29; Loss: 3.71 | Acc: 29.7 @1 50.6 @5 ; threshold 0.100
saving...
Train, epoch: 30; Loss: 3.39 | Acc: 33.8 ; threshold 0.100
Test, epoch: 30; Loss: 3.70 | Acc: 29.8 @1 51.0 @5 ; threshold 0.100
saving...
Train, epoch: 31; Loss: 3.38 | Acc: 33.9 ; threshold 0.100
Test, epoch: 31; Loss: 3.70 | Acc: 30.0 @1 51.0 @5 ; threshold 0.100
Best acc (30.036).
saving...
Train, epoch: 32; Loss: 3.37 | Acc: 34.0 ; threshold 0.100
Test, epoch: 32; Loss: 3.69 | Acc: 30.1 @1 51.2 @5 ; threshold 0.100
Best acc (30.12).
saving...
Train, epoch: 33; Loss: 3.37 | Acc: 34.0 ; threshold 0.100
Test, epoch: 33; Loss: 3.70 | Acc: 30.2 @1 50.9 @5 ; threshold 0.100
Best acc (30.2).
saving...
Train, epoch: 34; Loss: 3.36 | Acc: 34.2 ; threshold 0.100
Test, epoch: 34; Loss: 3.69 | Acc: 30.1 @1 51.0 @5 ; threshold 0.100
saving...
Train, epoch: 35; Loss: 3.35 | Acc: 34.3 ; threshold 0.100
Test, epoch: 35; Loss: 3.71 | Acc: 29.8 @1 50.8 @5 ; threshold 0.100
saving...
Train, epoch: 36; Loss: 3.35 | Acc: 34.3 ; threshold 0.100
Test, epoch: 36; Loss: 3.72 | Acc: 29.6 @1 50.6 @5 ; threshold 0.100
saving...
Train, epoch: 37; Loss: 3.34 | Acc: 34.5 ; threshold 0.100
Test, epoch: 37; Loss: 3.67 | Acc: 30.5 @1 51.4 @5 ; threshold 0.100
Best acc (30.47).
saving...
Train, epoch: 38; Loss: 3.33 | Acc: 34.7 ; threshold 0.100
Test, epoch: 38; Loss: 3.69 | Acc: 30.2 @1 51.3 @5 ; threshold 0.100
saving...
Train, epoch: 39; Loss: 3.33 | Acc: 34.6 ; threshold 0.100
Test, epoch: 39; Loss: 3.70 | Acc: 30.2 @1 51.1 @5 ; threshold 0.100
saving...
Train, epoch: 40; Loss: 3.32 | Acc: 34.7 ; threshold 0.100
Test, epoch: 40; Loss: 3.68 | Acc: 30.2 @1 51.4 @5 ; threshold 0.100
saving...
Train, epoch: 41; Loss: 3.32 | Acc: 34.8 ; threshold 0.100
Test, epoch: 41; Loss: 3.68 | Acc: 30.2 @1 51.3 @5 ; threshold 0.100
saving...
Train, epoch: 42; Loss: 3.31 | Acc: 34.8 ; threshold 0.100
Test, epoch: 42; Loss: 3.69 | Acc: 30.2 @1 51.1 @5 ; threshold 0.100
saving...
Train, epoch: 43; Loss: 3.31 | Acc: 35.0 ; threshold 0.100
Test, epoch: 43; Loss: 3.68 | Acc: 30.4 @1 51.4 @5 ; threshold 0.100
saving...
Train, epoch: 44; Loss: 3.30 | Acc: 34.9 ; threshold 0.100
Test, epoch: 44; Loss: 3.69 | Acc: 30.3 @1 51.4 @5 ; threshold 0.100
saving...
Train, epoch: 45; Loss: 3.30 | Acc: 35.1 ; threshold 0.100
Test, epoch: 45; Loss: 3.70 | Acc: 30.0 @1 51.2 @5 ; threshold 0.100
saving...
Train, epoch: 46; Loss: 3.29 | Acc: 35.2 ; threshold 0.100
Test, epoch: 46; Loss: 3.68 | Acc: 30.4 @1 51.4 @5 ; threshold 0.100
saving...
Train, epoch: 47; Loss: 3.29 | Acc: 35.2 ; threshold 0.100
Test, epoch: 47; Loss: 3.68 | Acc: 30.6 @1 51.7 @5 ; threshold 0.100
Best acc (30.58).
saving...
Train, epoch: 48; Loss: 3.28 | Acc: 35.3 ; threshold 0.100
Test, epoch: 48; Loss: 3.68 | Acc: 30.3 @1 51.6 @5 ; threshold 0.100
saving...
Train, epoch: 49; Loss: 3.28 | Acc: 35.3 ; threshold 0.100
Test, epoch: 49; Loss: 3.69 | Acc: 30.4 @1 51.5 @5 ; threshold 0.100
saving...
Train, epoch: 50; Loss: 3.28 | Acc: 35.5 ; threshold 0.100
Test, epoch: 50; Loss: 3.68 | Acc: 30.4 @1 51.5 @5 ; threshold 0.100
saving...
Train, epoch: 51; Loss: 3.27 | Acc: 35.4 ; threshold 0.100
Test, epoch: 51; Loss: 3.67 | Acc: 30.4 @1 51.8 @5 ; threshold 0.100
saving...
Train, epoch: 52; Loss: 3.27 | Acc: 35.5 ; threshold 0.100
Test, epoch: 52; Loss: 3.68 | Acc: 30.5 @1 51.7 @5 ; threshold 0.100
saving...
Train, epoch: 53; Loss: 3.27 | Acc: 35.5 ; threshold 0.100
Test, epoch: 53; Loss: 3.67 | Acc: 30.4 @1 51.5 @5 ; threshold 0.100
saving...
Train, epoch: 54; Loss: 3.26 | Acc: 35.6 ; threshold 0.100
Test, epoch: 54; Loss: 3.67 | Acc: 30.3 @1 51.6 @5 ; threshold 0.100
saving...
Train, epoch: 55; Loss: 3.26 | Acc: 35.7 ; threshold 0.100
Test, epoch: 55; Loss: 3.67 | Acc: 30.5 @1 51.7 @5 ; threshold 0.100
saving...
Train, epoch: 56; Loss: 3.26 | Acc: 35.7 ; threshold 0.100
Test, epoch: 56; Loss: 3.66 | Acc: 30.7 @1 51.9 @5 ; threshold 0.100
Best acc (30.682).
saving...
Train, epoch: 57; Loss: 3.25 | Acc: 35.8 ; threshold 0.100
Test, epoch: 57; Loss: 3.68 | Acc: 30.6 @1 51.7 @5 ; threshold 0.100
saving...
Train, epoch: 58; Loss: 3.25 | Acc: 35.9 ; threshold 0.100
Test, epoch: 58; Loss: 3.66 | Acc: 30.6 @1 52.0 @5 ; threshold 0.100
saving...
Train, epoch: 59; Loss: 3.25 | Acc: 35.9 ; threshold 0.100
Test, epoch: 59; Loss: 3.66 | Acc: 30.7 @1 52.0 @5 ; threshold 0.100
saving...
new lr:1e-05
Train, epoch: 60; Loss: 3.04 | Acc: 39.3 ; threshold 0.100
Test, epoch: 60; Loss: 3.53 | Acc: 32.4 @1 53.7 @5 ; threshold 0.100
Best acc (32.43).
saving...
Train, epoch: 61; Loss: 3.03 | Acc: 39.6 ; threshold 0.100
Test, epoch: 61; Loss: 3.51 | Acc: 32.6 @1 54.0 @5 ; threshold 0.100
Best acc (32.642).
saving...
Train, epoch: 62; Loss: 3.02 | Acc: 39.8 ; threshold 0.100
Test, epoch: 62; Loss: 3.51 | Acc: 32.6 @1 54.1 @5 ; threshold 0.100
saving...
Train, epoch: 63; Loss: 3.01 | Acc: 39.9 ; threshold 0.100
Test, epoch: 63; Loss: 3.51 | Acc: 32.7 @1 54.1 @5 ; threshold 0.100
Best acc (32.678).
saving...
Train, epoch: 64; Loss: 3.01 | Acc: 39.9 ; threshold 0.100
Test, epoch: 64; Loss: 3.51 | Acc: 32.7 @1 54.1 @5 ; threshold 0.100
saving...
Train, epoch: 65; Loss: 3.00 | Acc: 40.0 ; threshold 0.100
Test, epoch: 65; Loss: 3.51 | Acc: 32.7 @1 54.1 @5 ; threshold 0.100
Best acc (32.712).
saving...
Train, epoch: 66; Loss: 3.00 | Acc: 40.0 ; threshold 0.100
Test, epoch: 66; Loss: 3.51 | Acc: 32.7 @1 54.1 @5 ; threshold 0.100
saving...
Train, epoch: 67; Loss: 3.00 | Acc: 40.1 ; threshold 0.100
Test, epoch: 67; Loss: 3.51 | Acc: 32.7 @1 54.1 @5 ; threshold 0.100
saving...
Train, epoch: 68; Loss: 2.99 | Acc: 40.1 ; threshold 0.100
Test, epoch: 68; Loss: 3.51 | Acc: 32.8 @1 54.1 @5 ; threshold 0.100
Best acc (32.84).
saving...
Train, epoch: 69; Loss: 2.99 | Acc: 40.1 ; threshold 0.100
Test, epoch: 69; Loss: 3.51 | Acc: 32.8 @1 54.1 @5 ; threshold 0.100
saving...
Train, epoch: 70; Loss: 2.99 | Acc: 40.1 ; threshold 0.100
Test, epoch: 70; Loss: 3.51 | Acc: 32.8 @1 54.3 @5 ; threshold 0.100
saving...
Train, epoch: 71; Loss: 2.99 | Acc: 40.2 ; threshold 0.100
Test, epoch: 71; Loss: 3.51 | Acc: 32.9 @1 54.3 @5 ; threshold 0.100
Best acc (32.882).
saving...
Train, epoch: 72; Loss: 2.99 | Acc: 40.2 ; threshold 0.100
Test, epoch: 72; Loss: 3.51 | Acc: 32.8 @1 54.3 @5 ; threshold 0.100
saving...
Train, epoch: 73; Loss: 2.98 | Acc: 40.2 ; threshold 0.100
Test, epoch: 73; Loss: 3.51 | Acc: 32.9 @1 54.3 @5 ; threshold 0.100
saving...
Train, epoch: 74; Loss: 2.98 | Acc: 40.3 ; threshold 0.100
Test, epoch: 74; Loss: 3.51 | Acc: 32.8 @1 54.1 @5 ; threshold 0.100
saving...
Train, epoch: 75; Loss: 2.98 | Acc: 40.3 ; threshold 0.100
Test, epoch: 75; Loss: 3.51 | Acc: 32.8 @1 54.2 @5 ; threshold 0.100
saving...
Train, epoch: 76; Loss: 2.98 | Acc: 40.3 ; threshold 0.100
Test, epoch: 76; Loss: 3.51 | Acc: 32.8 @1 54.2 @5 ; threshold 0.100
saving...
Train, epoch: 77; Loss: 2.98 | Acc: 40.4 ; threshold 0.100
Test, epoch: 77; Loss: 3.51 | Acc: 33.0 @1 54.3 @5 ; threshold 0.100
Best acc (33.022).
saving...
Train, epoch: 78; Loss: 2.98 | Acc: 40.3 ; threshold 0.100
Test, epoch: 78; Loss: 3.51 | Acc: 32.9 @1 54.3 @5 ; threshold 0.100
saving...
Train, epoch: 79; Loss: 2.98 | Acc: 40.3 ; threshold 0.100
Test, epoch: 79; Loss: 3.51 | Acc: 32.8 @1 54.1 @5 ; threshold 0.100
saving...
new lr:1e-06
Train, epoch: 80; Loss: 2.95 | Acc: 40.8 ; threshold 0.100
Test, epoch: 80; Loss: 3.50 | Acc: 33.0 @1 54.4 @5 ; threshold 0.100
saving...
Train, epoch: 81; Loss: 2.95 | Acc: 40.8 ; threshold 0.100
Test, epoch: 81; Loss: 3.50 | Acc: 33.0 @1 54.5 @5 ; threshold 0.100
saving...
Train, epoch: 82; Loss: 2.95 | Acc: 40.8 ; threshold 0.100
Test, epoch: 82; Loss: 3.50 | Acc: 33.0 @1 54.5 @5 ; threshold 0.100
saving...
Train, epoch: 83; Loss: 2.95 | Acc: 40.9 ; threshold 0.100
Test, epoch: 83; Loss: 3.50 | Acc: 33.1 @1 54.5 @5 ; threshold 0.100
Best acc (33.074).
saving...
Train, epoch: 84; Loss: 2.95 | Acc: 40.9 ; threshold 0.100
Test, epoch: 84; Loss: 3.49 | Acc: 33.0 @1 54.5 @5 ; threshold 0.100
saving...
Train, epoch: 85; Loss: 2.95 | Acc: 40.9 ; threshold 0.100
Test, epoch: 85; Loss: 3.50 | Acc: 33.0 @1 54.4 @5 ; threshold 0.100
saving...
Train, epoch: 86; Loss: 2.95 | Acc: 40.9 ; threshold 0.100
Test, epoch: 86; Loss: 3.50 | Acc: 33.1 @1 54.4 @5 ; threshold 0.100
saving...
Train, epoch: 87; Loss: 2.95 | Acc: 40.9 ; threshold 0.100
Test, epoch: 87; Loss: 3.50 | Acc: 33.0 @1 54.4 @5 ; threshold 0.100
saving...
Train, epoch: 88; Loss: 2.95 | Acc: 40.9 ; threshold 0.100
Test, epoch: 88; Loss: 3.50 | Acc: 33.1 @1 54.5 @5 ; threshold 0.100
saving...
Train, epoch: 89; Loss: 2.95 | Acc: 40.8 ; threshold 0.100
Test, epoch: 89; Loss: 3.50 | Acc: 33.1 @1 54.4 @5 ; threshold 0.100
Best acc (33.086).
saving...
new lr:1e-07
Train, epoch: 90; Loss: 2.95 | Acc: 40.9 ; threshold 0.100
Test, epoch: 90; Loss: 3.50 | Acc: 33.1 @1 54.5 @5 ; threshold 0.100
saving...
Train, epoch: 91; Loss: 2.95 | Acc: 41.0 ; threshold 0.100
Test, epoch: 91; Loss: 3.50 | Acc: 33.0 @1 54.5 @5 ; threshold 0.100
saving...
Train, epoch: 92; Loss: 2.95 | Acc: 40.9 ; threshold 0.100
Test, epoch: 92; Loss: 3.50 | Acc: 33.0 @1 54.4 @5 ; threshold 0.100
saving...
Train, epoch: 93; Loss: 2.95 | Acc: 40.9 ; threshold 0.100
Test, epoch: 93; Loss: 3.49 | Acc: 33.0 @1 54.5 @5 ; threshold 0.100
saving...
Train, epoch: 94; Loss: 2.95 | Acc: 40.9 ; threshold 0.100
Test, epoch: 94; Loss: 3.50 | Acc: 33.1 @1 54.4 @5 ; threshold 0.100
saving...
Train, epoch: 95; Loss: 2.95 | Acc: 40.9 ; threshold 0.100
Test, epoch: 95; Loss: 3.49 | Acc: 33.1 @1 54.5 @5 ; threshold 0.100
saving...
Train, epoch: 96; Loss: 2.95 | Acc: 40.9 ; threshold 0.100
Test, epoch: 96; Loss: 3.50 | Acc: 33.0 @1 54.4 @5 ; threshold 0.100
saving...
Train, epoch: 97; Loss: 2.95 | Acc: 40.9 ; threshold 0.100
Test, epoch: 97; Loss: 3.50 | Acc: 33.0 @1 54.5 @5 ; threshold 0.100
saving...
Train, epoch: 98; Loss: 2.95 | Acc: 40.9 ; threshold 0.100
Test, epoch: 98; Loss: 3.50 | Acc: 33.0 @1 54.5 @5 ; threshold 0.100
saving...
Train, epoch: 99; Loss: 2.95 | Acc: 40.9 ; threshold 0.100
Test, epoch: 99; Loss: 3.50 | Acc: 33.0 @1 54.4 @5 ; threshold 0.100
saving...
Best test acc. 33.086  at epoch 89/99
Done in 121.2 hours with 1 GPU
