stty: standard input: Inappropriate ioctl for device
simple_logistic.py
arguments
Namespace(batch_norm=True, batchsize=256, batchsize_net=0, bias=0.1, bottleneck_dim=512, channel_pca=0, compute_nflops=False, compute_patch_gram_matrix=False, compute_sparsity=False, convolutional_classifier=6, convolutional_loss=False, correct_padding=False, dataset='imagenet128', force_recompute=False, learn_patches=False, lr_schedule='{0:1e-4,60:1e-5,80:1e-6,90:1e-7}', multigpu=False, n_bagging_patches=0, n_channel_convolution=512, nepochs=100, no_cudnn=False, no_jit=False, no_padding=False, no_progress_bar=True, no_zca=False, num_workers=4, numpy_seed=0, optimizer='Adam', padding_mode='reflect', patch_distribution='empirical', patches_file='', path_test='/mnt/home/fguth/datasets/imagenet128/out_data_val', path_train='/mnt/home/fguth/datasets/imagenet128/out_data_train', positive_shrink=False, resume='', save_best_model=False, save_model=True, separable_convolution=True, sgd_momentum=0.0, shrink='heaviside', spatialsize_avg_pooling=20, spatialsize_convolution=24, stride_avg_pooling=12, stride_convolution=1, topk_fraction=0.25, torch_seed=0, weight_decay=0.0, zca_bias=0.001)
device: cuda
Net output size: out1 torch.Size([512, 9, 9]) out2 torch.Size([512, 9, 9])
Parameters shape [torch.Size([512]), torch.Size([512]), torch.Size([512]), torch.Size([512]), torch.Size([1000, 512, 1, 1]), torch.Size([1000]), torch.Size([1000, 1, 6, 6]), torch.Size([1000]), torch.Size([512, 512, 1, 1]), torch.Size([512]), torch.Size([512, 512, 1, 1]), torch.Size([512])]
N parameters : 1.07736 millions
optimizing net execution with torch.jit
Model will be saved at file checkpoints/imagenet128_512patches_24x24/Adam_{0:1e-4,60:1e-5,80:1e-6,90:1e-7}/ef11f3e26f2c6b5049ad9fa5e963a6c3.pth.tar.
new lr:0.0001
Train, epoch: 0; Loss: 5.93 | Acc: 4.4 ; threshold 0.100
Test, epoch: 0; Loss: 5.46 | Acc: 7.6 @1 19.0 @5 ; threshold 0.100
Best acc (7.616).
saving...
Train, epoch: 1; Loss: 5.30 | Acc: 9.1 ; threshold 0.100
Test, epoch: 1; Loss: 5.14 | Acc: 10.8 @1 24.6 @5 ; threshold 0.100
Best acc (10.768).
saving...
Train, epoch: 2; Loss: 5.04 | Acc: 11.9 ; threshold 0.100
Test, epoch: 2; Loss: 4.94 | Acc: 12.9 @1 28.6 @5 ; threshold 0.100
Best acc (12.932).
saving...
Train, epoch: 3; Loss: 4.88 | Acc: 13.8 ; threshold 0.100
Test, epoch: 3; Loss: 4.82 | Acc: 14.3 @1 30.7 @5 ; threshold 0.100
Best acc (14.28).
saving...
Train, epoch: 4; Loss: 4.77 | Acc: 15.1 ; threshold 0.100
Test, epoch: 4; Loss: 4.74 | Acc: 15.3 @1 31.9 @5 ; threshold 0.100
Best acc (15.298).
saving...
Train, epoch: 5; Loss: 4.68 | Acc: 16.1 ; threshold 0.100
Test, epoch: 5; Loss: 4.67 | Acc: 16.0 @1 33.4 @5 ; threshold 0.100
Best acc (16.024).
saving...
Train, epoch: 6; Loss: 4.62 | Acc: 17.0 ; threshold 0.100
Test, epoch: 6; Loss: 4.62 | Acc: 16.8 @1 34.1 @5 ; threshold 0.100
Best acc (16.826).
saving...
Train, epoch: 7; Loss: 4.56 | Acc: 17.6 ; threshold 0.100
Test, epoch: 7; Loss: 4.58 | Acc: 17.1 @1 35.1 @5 ; threshold 0.100
Best acc (17.13).
saving...
Train, epoch: 8; Loss: 4.52 | Acc: 18.2 ; threshold 0.100
Test, epoch: 8; Loss: 4.54 | Acc: 17.8 @1 35.8 @5 ; threshold 0.100
Best acc (17.762).
saving...
Train, epoch: 9; Loss: 4.48 | Acc: 18.7 ; threshold 0.100
Test, epoch: 9; Loss: 4.51 | Acc: 18.0 @1 36.3 @5 ; threshold 0.100
Best acc (18.034).
saving...
Train, epoch: 10; Loss: 4.45 | Acc: 19.2 ; threshold 0.100
Test, epoch: 10; Loss: 4.48 | Acc: 18.7 @1 36.9 @5 ; threshold 0.100
Best acc (18.656).
saving...
Train, epoch: 11; Loss: 4.42 | Acc: 19.5 ; threshold 0.100
Test, epoch: 11; Loss: 4.47 | Acc: 18.7 @1 36.9 @5 ; threshold 0.100
Best acc (18.704).
saving...
Train, epoch: 12; Loss: 4.39 | Acc: 19.9 ; threshold 0.100
Test, epoch: 12; Loss: 4.45 | Acc: 19.0 @1 37.3 @5 ; threshold 0.100
Best acc (19.0).
saving...
Train, epoch: 13; Loss: 4.37 | Acc: 20.1 ; threshold 0.100
Test, epoch: 13; Loss: 4.43 | Acc: 19.3 @1 37.8 @5 ; threshold 0.100
Best acc (19.266).
saving...
Train, epoch: 14; Loss: 4.35 | Acc: 20.4 ; threshold 0.100
Test, epoch: 14; Loss: 4.42 | Acc: 19.3 @1 38.0 @5 ; threshold 0.100
Best acc (19.33).
saving...
Train, epoch: 15; Loss: 4.34 | Acc: 20.6 ; threshold 0.100
Test, epoch: 15; Loss: 4.40 | Acc: 19.6 @1 38.4 @5 ; threshold 0.100
Best acc (19.626).
saving...
Train, epoch: 16; Loss: 4.32 | Acc: 20.8 ; threshold 0.100
Test, epoch: 16; Loss: 4.39 | Acc: 19.9 @1 38.5 @5 ; threshold 0.100
Best acc (19.85).
saving...
Train, epoch: 17; Loss: 4.30 | Acc: 21.0 ; threshold 0.100
Test, epoch: 17; Loss: 4.38 | Acc: 20.1 @1 38.9 @5 ; threshold 0.100
Best acc (20.062).
saving...
Train, epoch: 18; Loss: 4.29 | Acc: 21.2 ; threshold 0.100
Test, epoch: 18; Loss: 4.37 | Acc: 20.1 @1 39.0 @5 ; threshold 0.100
Best acc (20.122).
saving...
Train, epoch: 19; Loss: 4.28 | Acc: 21.4 ; threshold 0.100
Test, epoch: 19; Loss: 4.38 | Acc: 20.0 @1 38.6 @5 ; threshold 0.100
saving...
Train, epoch: 20; Loss: 4.27 | Acc: 21.5 ; threshold 0.100
Test, epoch: 20; Loss: 4.35 | Acc: 20.4 @1 39.1 @5 ; threshold 0.100
Best acc (20.448).
saving...
Train, epoch: 21; Loss: 4.26 | Acc: 21.7 ; threshold 0.100
Test, epoch: 21; Loss: 4.35 | Acc: 20.4 @1 39.4 @5 ; threshold 0.100
saving...
Train, epoch: 22; Loss: 4.25 | Acc: 21.8 ; threshold 0.100
Test, epoch: 22; Loss: 4.35 | Acc: 20.5 @1 39.4 @5 ; threshold 0.100
Best acc (20.528).
saving...
Train, epoch: 23; Loss: 4.24 | Acc: 21.9 ; threshold 0.100
Test, epoch: 23; Loss: 4.33 | Acc: 20.8 @1 39.8 @5 ; threshold 0.100
Best acc (20.788).
saving...
Train, epoch: 24; Loss: 4.23 | Acc: 22.0 ; threshold 0.100
Test, epoch: 24; Loss: 4.33 | Acc: 20.7 @1 39.7 @5 ; threshold 0.100
saving...
Train, epoch: 25; Loss: 4.22 | Acc: 22.2 ; threshold 0.100
Test, epoch: 25; Loss: 4.33 | Acc: 20.7 @1 39.9 @5 ; threshold 0.100
saving...
Train, epoch: 26; Loss: 4.22 | Acc: 22.3 ; threshold 0.100
Test, epoch: 26; Loss: 4.31 | Acc: 21.1 @1 40.0 @5 ; threshold 0.100
Best acc (21.056).
saving...
Train, epoch: 27; Loss: 4.21 | Acc: 22.4 ; threshold 0.100
Test, epoch: 27; Loss: 4.31 | Acc: 20.9 @1 40.1 @5 ; threshold 0.100
saving...
Train, epoch: 28; Loss: 4.20 | Acc: 22.4 ; threshold 0.100
Test, epoch: 28; Loss: 4.31 | Acc: 21.2 @1 40.1 @5 ; threshold 0.100
Best acc (21.204).
saving...
Train, epoch: 29; Loss: 4.20 | Acc: 22.5 ; threshold 0.100
Test, epoch: 29; Loss: 4.30 | Acc: 21.2 @1 40.2 @5 ; threshold 0.100
saving...
Train, epoch: 30; Loss: 4.19 | Acc: 22.6 ; threshold 0.100
Test, epoch: 30; Loss: 4.31 | Acc: 21.0 @1 40.2 @5 ; threshold 0.100
saving...
Train, epoch: 31; Loss: 4.19 | Acc: 22.7 ; threshold 0.100
Test, epoch: 31; Loss: 4.29 | Acc: 21.2 @1 40.3 @5 ; threshold 0.100
saving...
Train, epoch: 32; Loss: 4.18 | Acc: 22.7 ; threshold 0.100
Test, epoch: 32; Loss: 4.29 | Acc: 21.2 @1 40.5 @5 ; threshold 0.100
Best acc (21.226).
saving...
Train, epoch: 33; Loss: 4.17 | Acc: 22.8 ; threshold 0.100
Test, epoch: 33; Loss: 4.29 | Acc: 21.2 @1 40.6 @5 ; threshold 0.100
saving...
Train, epoch: 34; Loss: 4.17 | Acc: 22.9 ; threshold 0.100
Test, epoch: 34; Loss: 4.29 | Acc: 21.3 @1 40.3 @5 ; threshold 0.100
Best acc (21.338).
saving...
Train, epoch: 35; Loss: 4.16 | Acc: 22.9 ; threshold 0.100
Test, epoch: 35; Loss: 4.29 | Acc: 21.3 @1 40.4 @5 ; threshold 0.100
saving...
Train, epoch: 36; Loss: 4.16 | Acc: 23.0 ; threshold 0.100
Test, epoch: 36; Loss: 4.28 | Acc: 21.5 @1 40.8 @5 ; threshold 0.100
Best acc (21.474).
saving...
Train, epoch: 37; Loss: 4.16 | Acc: 23.1 ; threshold 0.100
Test, epoch: 37; Loss: 4.28 | Acc: 21.4 @1 40.8 @5 ; threshold 0.100
saving...
Train, epoch: 38; Loss: 4.15 | Acc: 23.1 ; threshold 0.100
Test, epoch: 38; Loss: 4.28 | Acc: 21.5 @1 40.6 @5 ; threshold 0.100
Best acc (21.534).
saving...
Train, epoch: 39; Loss: 4.15 | Acc: 23.2 ; threshold 0.100
Test, epoch: 39; Loss: 4.29 | Acc: 21.3 @1 40.6 @5 ; threshold 0.100
saving...
Train, epoch: 40; Loss: 4.14 | Acc: 23.3 ; threshold 0.100
Test, epoch: 40; Loss: 4.28 | Acc: 21.6 @1 40.8 @5 ; threshold 0.100
Best acc (21.638).
saving...
Train, epoch: 41; Loss: 4.14 | Acc: 23.3 ; threshold 0.100
Test, epoch: 41; Loss: 4.27 | Acc: 21.6 @1 40.9 @5 ; threshold 0.100
saving...
Train, epoch: 42; Loss: 4.14 | Acc: 23.3 ; threshold 0.100
Test, epoch: 42; Loss: 4.27 | Acc: 21.7 @1 40.9 @5 ; threshold 0.100
Best acc (21.728).
saving...
Train, epoch: 43; Loss: 4.13 | Acc: 23.3 ; threshold 0.100
Test, epoch: 43; Loss: 4.26 | Acc: 21.6 @1 41.0 @5 ; threshold 0.100
saving...
Train, epoch: 44; Loss: 4.13 | Acc: 23.4 ; threshold 0.100
Test, epoch: 44; Loss: 4.27 | Acc: 21.7 @1 40.8 @5 ; threshold 0.100
saving...
Train, epoch: 45; Loss: 4.13 | Acc: 23.5 ; threshold 0.100
Test, epoch: 45; Loss: 4.26 | Acc: 21.8 @1 41.2 @5 ; threshold 0.100
Best acc (21.794).
saving...
Train, epoch: 46; Loss: 4.12 | Acc: 23.5 ; threshold 0.100
Test, epoch: 46; Loss: 4.26 | Acc: 21.7 @1 41.1 @5 ; threshold 0.100
saving...
Train, epoch: 47; Loss: 4.12 | Acc: 23.6 ; threshold 0.100
Test, epoch: 47; Loss: 4.27 | Acc: 21.6 @1 41.0 @5 ; threshold 0.100
saving...
Train, epoch: 48; Loss: 4.12 | Acc: 23.6 ; threshold 0.100
Test, epoch: 48; Loss: 4.25 | Acc: 21.8 @1 41.3 @5 ; threshold 0.100
Best acc (21.836).
saving...
Train, epoch: 49; Loss: 4.11 | Acc: 23.6 ; threshold 0.100
Test, epoch: 49; Loss: 4.25 | Acc: 22.0 @1 41.5 @5 ; threshold 0.100
Best acc (22.0).
saving...
Train, epoch: 50; Loss: 4.11 | Acc: 23.7 ; threshold 0.100
Test, epoch: 50; Loss: 4.25 | Acc: 22.0 @1 41.2 @5 ; threshold 0.100
saving...
Train, epoch: 51; Loss: 4.11 | Acc: 23.7 ; threshold 0.100
Test, epoch: 51; Loss: 4.26 | Acc: 21.9 @1 41.1 @5 ; threshold 0.100
saving...
Train, epoch: 52; Loss: 4.11 | Acc: 23.8 ; threshold 0.100
Test, epoch: 52; Loss: 4.25 | Acc: 21.9 @1 41.1 @5 ; threshold 0.100
saving...
Train, epoch: 53; Loss: 4.10 | Acc: 23.8 ; threshold 0.100
Test, epoch: 53; Loss: 4.25 | Acc: 22.0 @1 41.1 @5 ; threshold 0.100
saving...
Train, epoch: 54; Loss: 4.10 | Acc: 23.8 ; threshold 0.100
Test, epoch: 54; Loss: 4.25 | Acc: 22.1 @1 41.2 @5 ; threshold 0.100
Best acc (22.144).
saving...
Train, epoch: 55; Loss: 4.10 | Acc: 23.8 ; threshold 0.100
Test, epoch: 55; Loss: 4.25 | Acc: 22.0 @1 41.4 @5 ; threshold 0.100
saving...
Train, epoch: 56; Loss: 4.10 | Acc: 23.9 ; threshold 0.100
Test, epoch: 56; Loss: 4.24 | Acc: 22.0 @1 41.4 @5 ; threshold 0.100
saving...
Train, epoch: 57; Loss: 4.09 | Acc: 23.9 ; threshold 0.100
Test, epoch: 57; Loss: 4.24 | Acc: 22.1 @1 41.4 @5 ; threshold 0.100
saving...
Train, epoch: 58; Loss: 4.09 | Acc: 24.0 ; threshold 0.100
Test, epoch: 58; Loss: 4.25 | Acc: 22.0 @1 41.3 @5 ; threshold 0.100
saving...
Train, epoch: 59; Loss: 4.09 | Acc: 24.0 ; threshold 0.100
Test, epoch: 59; Loss: 4.23 | Acc: 22.2 @1 41.5 @5 ; threshold 0.100
Best acc (22.216).
saving...
new lr:1e-05
Train, epoch: 60; Loss: 3.99 | Acc: 25.5 ; threshold 0.100
Test, epoch: 60; Loss: 4.17 | Acc: 23.4 @1 42.7 @5 ; threshold 0.100
Best acc (23.35).
saving...
Train, epoch: 61; Loss: 3.98 | Acc: 25.6 ; threshold 0.100
Test, epoch: 61; Loss: 4.16 | Acc: 23.4 @1 42.9 @5 ; threshold 0.100
Best acc (23.412).
saving...
Train, epoch: 62; Loss: 3.98 | Acc: 25.7 ; threshold 0.100
Test, epoch: 62; Loss: 4.16 | Acc: 23.5 @1 42.9 @5 ; threshold 0.100
Best acc (23.454).
saving...
Train, epoch: 63; Loss: 3.98 | Acc: 25.7 ; threshold 0.100
Test, epoch: 63; Loss: 4.16 | Acc: 23.4 @1 43.0 @5 ; threshold 0.100
saving...
Train, epoch: 64; Loss: 3.98 | Acc: 25.8 ; threshold 0.100
Test, epoch: 64; Loss: 4.16 | Acc: 23.4 @1 43.0 @5 ; threshold 0.100
saving...
Train, epoch: 65; Loss: 3.98 | Acc: 25.8 ; threshold 0.100
Test, epoch: 65; Loss: 4.16 | Acc: 23.4 @1 43.0 @5 ; threshold 0.100
saving...
Train, epoch: 66; Loss: 3.98 | Acc: 25.8 ; threshold 0.100
Test, epoch: 66; Loss: 4.16 | Acc: 23.5 @1 43.0 @5 ; threshold 0.100
Best acc (23.464).
saving...
Train, epoch: 67; Loss: 3.97 | Acc: 25.8 ; threshold 0.100
Test, epoch: 67; Loss: 4.16 | Acc: 23.5 @1 43.0 @5 ; threshold 0.100
Best acc (23.476).
saving...
Train, epoch: 68; Loss: 3.97 | Acc: 25.8 ; threshold 0.100
Test, epoch: 68; Loss: 4.16 | Acc: 23.4 @1 43.0 @5 ; threshold 0.100
saving...
Train, epoch: 69; Loss: 3.97 | Acc: 25.8 ; threshold 0.100
Test, epoch: 69; Loss: 4.16 | Acc: 23.5 @1 42.9 @5 ; threshold 0.100
Best acc (23.488).
saving...
Train, epoch: 70; Loss: 3.97 | Acc: 25.8 ; threshold 0.100
Test, epoch: 70; Loss: 4.16 | Acc: 23.5 @1 43.0 @5 ; threshold 0.100
saving...
Train, epoch: 71; Loss: 3.97 | Acc: 25.8 ; threshold 0.100
Test, epoch: 71; Loss: 4.16 | Acc: 23.3 @1 42.9 @5 ; threshold 0.100
saving...
Train, epoch: 72; Loss: 3.97 | Acc: 25.9 ; threshold 0.100
Test, epoch: 72; Loss: 4.16 | Acc: 23.5 @1 43.0 @5 ; threshold 0.100
saving...
Train, epoch: 73; Loss: 3.97 | Acc: 25.8 ; threshold 0.100
Test, epoch: 73; Loss: 4.16 | Acc: 23.4 @1 42.9 @5 ; threshold 0.100
saving...
Train, epoch: 74; Loss: 3.97 | Acc: 25.9 ; threshold 0.100
Test, epoch: 74; Loss: 4.16 | Acc: 23.6 @1 43.0 @5 ; threshold 0.100
Best acc (23.55).
saving...
Train, epoch: 75; Loss: 3.97 | Acc: 25.9 ; threshold 0.100
Test, epoch: 75; Loss: 4.16 | Acc: 23.5 @1 43.0 @5 ; threshold 0.100
saving...
Train, epoch: 76; Loss: 3.97 | Acc: 25.9 ; threshold 0.100
Test, epoch: 76; Loss: 4.16 | Acc: 23.5 @1 42.9 @5 ; threshold 0.100
saving...
Train, epoch: 77; Loss: 3.97 | Acc: 25.9 ; threshold 0.100
Test, epoch: 77; Loss: 4.16 | Acc: 23.3 @1 42.9 @5 ; threshold 0.100
saving...
Train, epoch: 78; Loss: 3.96 | Acc: 25.9 ; threshold 0.100
Test, epoch: 78; Loss: 4.16 | Acc: 23.4 @1 43.0 @5 ; threshold 0.100
saving...
Train, epoch: 79; Loss: 3.96 | Acc: 25.9 ; threshold 0.100
Test, epoch: 79; Loss: 4.16 | Acc: 23.5 @1 43.1 @5 ; threshold 0.100
saving...
new lr:1e-06
Train, epoch: 80; Loss: 3.95 | Acc: 26.1 ; threshold 0.100
Test, epoch: 80; Loss: 4.15 | Acc: 23.6 @1 43.2 @5 ; threshold 0.100
Best acc (23.606).
saving...
Train, epoch: 81; Loss: 3.95 | Acc: 26.1 ; threshold 0.100
Test, epoch: 81; Loss: 4.15 | Acc: 23.7 @1 43.1 @5 ; threshold 0.100
Best acc (23.666).
saving...
Train, epoch: 82; Loss: 3.95 | Acc: 26.1 ; threshold 0.100
Test, epoch: 82; Loss: 4.15 | Acc: 23.7 @1 43.1 @5 ; threshold 0.100
Best acc (23.696).
saving...
Train, epoch: 83; Loss: 3.95 | Acc: 26.2 ; threshold 0.100
Test, epoch: 83; Loss: 4.15 | Acc: 23.5 @1 43.0 @5 ; threshold 0.100
saving...
Train, epoch: 84; Loss: 3.95 | Acc: 26.1 ; threshold 0.100
Test, epoch: 84; Loss: 4.15 | Acc: 23.7 @1 43.1 @5 ; threshold 0.100
saving...
Train, epoch: 85; Loss: 3.95 | Acc: 26.1 ; threshold 0.100
Test, epoch: 85; Loss: 4.15 | Acc: 23.7 @1 43.2 @5 ; threshold 0.100
saving...
Train, epoch: 86; Loss: 3.95 | Acc: 26.1 ; threshold 0.100
Test, epoch: 86; Loss: 4.15 | Acc: 23.7 @1 43.1 @5 ; threshold 0.100
saving...
Train, epoch: 87; Loss: 3.95 | Acc: 26.1 ; threshold 0.100
Test, epoch: 87; Loss: 4.15 | Acc: 23.6 @1 43.1 @5 ; threshold 0.100
saving...
Train, epoch: 88; Loss: 3.95 | Acc: 26.1 ; threshold 0.100
Test, epoch: 88; Loss: 4.15 | Acc: 23.7 @1 43.2 @5 ; threshold 0.100
saving...
Train, epoch: 89; Loss: 3.95 | Acc: 26.2 ; threshold 0.100
Test, epoch: 89; Loss: 4.15 | Acc: 23.6 @1 43.1 @5 ; threshold 0.100
saving...
new lr:1e-07
Train, epoch: 90; Loss: 3.95 | Acc: 26.2 ; threshold 0.100
Test, epoch: 90; Loss: 4.15 | Acc: 23.7 @1 43.2 @5 ; threshold 0.100
saving...
Train, epoch: 91; Loss: 3.95 | Acc: 26.2 ; threshold 0.100
Test, epoch: 91; Loss: 4.15 | Acc: 23.7 @1 43.1 @5 ; threshold 0.100
Best acc (23.746).
saving...
Train, epoch: 92; Loss: 3.95 | Acc: 26.2 ; threshold 0.100
Test, epoch: 92; Loss: 4.15 | Acc: 23.7 @1 43.2 @5 ; threshold 0.100
saving...
Train, epoch: 93; Loss: 3.95 | Acc: 26.1 ; threshold 0.100
Test, epoch: 93; Loss: 4.15 | Acc: 23.6 @1 43.1 @5 ; threshold 0.100
saving...
Train, epoch: 94; Loss: 3.95 | Acc: 26.2 ; threshold 0.100
Test, epoch: 94; Loss: 4.15 | Acc: 23.6 @1 43.1 @5 ; threshold 0.100
saving...
Train, epoch: 95; Loss: 3.95 | Acc: 26.2 ; threshold 0.100
Test, epoch: 95; Loss: 4.15 | Acc: 23.7 @1 43.1 @5 ; threshold 0.100
saving...
Train, epoch: 96; Loss: 3.95 | Acc: 26.2 ; threshold 0.100
Test, epoch: 96; Loss: 4.15 | Acc: 23.7 @1 43.1 @5 ; threshold 0.100
saving...
Train, epoch: 97; Loss: 3.95 | Acc: 26.2 ; threshold 0.100
Test, epoch: 97; Loss: 4.15 | Acc: 23.6 @1 43.1 @5 ; threshold 0.100
saving...
Train, epoch: 98; Loss: 3.95 | Acc: 26.2 ; threshold 0.100
Test, epoch: 98; Loss: 4.15 | Acc: 23.7 @1 43.2 @5 ; threshold 0.100
saving...
Train, epoch: 99; Loss: 3.95 | Acc: 26.2 ; threshold 0.100
Test, epoch: 99; Loss: 4.15 | Acc: 23.6 @1 43.2 @5 ; threshold 0.100
saving...
Best test acc. 23.746  at epoch 91/99
Done in 24.7 hours with 1 GPU
