stty: standard input: Inappropriate ioctl for device
simple_logistic.py
arguments
Namespace(batch_norm=True, batchsize=256, batchsize_net=0, bias=0.1, bottleneck_dim=256, channel_pca=0, compute_nflops=False, compute_patch_gram_matrix=False, compute_sparsity=False, convolutional_classifier=6, convolutional_loss=False, correct_padding=False, dataset='imagenet128', force_recompute=False, lambda_1=0.1, learn_patches=False, lr_schedule='{0:1e-4,60:1e-5,80:1e-6,90:1e-7}', multigpu=False, n_bagging_patches=0, n_channel_convolution=512, n_channel_convolution_scale_1=0, nepochs=100, no_cudnn=False, no_jit=False, no_padding=False, no_progress_bar=True, no_zca=False, num_workers=4, numpy_seed=0, optimizer='Adam', padding_mode='reflect', patch_distribution='empirical', patches_file='', path_test='/mnt/home/fguth/datasets/imagenet128/out_data_val', path_train='/mnt/home/fguth/datasets/imagenet128/out_data_train', positive_shrink=False, resume='', save_best_model=False, save_model=True, separable_convolution=False, sgd_momentum=0.0, shrink='heaviside', spatialsize_avg_pooling=20, spatialsize_convolution=24, stride_avg_pooling=12, stride_convolution=1, topk_fraction=0.25, torch_seed=0, weight_decay=0.0, zca_bias=0.001)
device: cuda
Net output size: out1 torch.Size([512, 9, 9]) out2 torch.Size([512, 9, 9])
Parameters shape [torch.Size([512]), torch.Size([512]), torch.Size([512]), torch.Size([512]), torch.Size([1000, 256, 6, 6]), torch.Size([1000]), torch.Size([256, 512, 1, 1]), torch.Size([256]), torch.Size([256, 512, 1, 1]), torch.Size([256])]
N parameters : 9.481704 millions
optimizing net execution with torch.jit
Model will be saved at file checkpoints/imagenet128_512patches_24x24/Adam_{0:1e-4,60:1e-5,80:1e-6,90:1e-7}/3ee10355a47712e583217fd2b2b3af4f.pth.tar.
new lr:0.0001
Train, epoch: 0; Loss: 5.11 | Acc: 12.6 ; threshold 0.100
Test, epoch: 0; Loss: 4.58 | Acc: 17.5 @1 35.2 @5 ; threshold 0.100
non_zero groups 512
Best acc (17.508).
saving...
Train, epoch: 1; Loss: 4.54 | Acc: 19.1 ; threshold 0.100
Test, epoch: 1; Loss: 4.34 | Acc: 20.7 @1 39.4 @5 ; threshold 0.100
non_zero groups 512
Best acc (20.668).
saving...
Train, epoch: 2; Loss: 4.34 | Acc: 21.7 ; threshold 0.100
Test, epoch: 2; Loss: 4.22 | Acc: 22.4 @1 41.7 @5 ; threshold 0.100
non_zero groups 512
Best acc (22.396).
saving...
Train, epoch: 3; Loss: 4.23 | Acc: 23.2 ; threshold 0.100
Test, epoch: 3; Loss: 4.14 | Acc: 23.4 @1 42.8 @5 ; threshold 0.100
non_zero groups 512
Best acc (23.378).
saving...
Train, epoch: 4; Loss: 4.15 | Acc: 24.4 ; threshold 0.100
Test, epoch: 4; Loss: 4.10 | Acc: 24.0 @1 43.9 @5 ; threshold 0.100
non_zero groups 512
Best acc (24.02).
saving...
Train, epoch: 5; Loss: 4.08 | Acc: 25.2 ; threshold 0.100
Test, epoch: 5; Loss: 4.06 | Acc: 24.5 @1 44.2 @5 ; threshold 0.100
non_zero groups 512
Best acc (24.52).
saving...
Train, epoch: 6; Loss: 4.03 | Acc: 26.0 ; threshold 0.100
Test, epoch: 6; Loss: 4.00 | Acc: 25.2 @1 45.4 @5 ; threshold 0.100
non_zero groups 512
Best acc (25.248).
saving...
Train, epoch: 7; Loss: 3.99 | Acc: 26.6 ; threshold 0.100
Test, epoch: 7; Loss: 4.00 | Acc: 25.4 @1 45.4 @5 ; threshold 0.100
non_zero groups 512
Best acc (25.44).
saving...
Train, epoch: 8; Loss: 3.95 | Acc: 27.1 ; threshold 0.100
Test, epoch: 8; Loss: 3.98 | Acc: 25.6 @1 45.9 @5 ; threshold 0.100
non_zero groups 512
Best acc (25.582).
saving...
Train, epoch: 9; Loss: 3.92 | Acc: 27.5 ; threshold 0.100
Test, epoch: 9; Loss: 3.95 | Acc: 26.0 @1 46.4 @5 ; threshold 0.100
non_zero groups 512
Best acc (26.046).
saving...
Train, epoch: 10; Loss: 3.89 | Acc: 27.9 ; threshold 0.100
Test, epoch: 10; Loss: 3.94 | Acc: 26.3 @1 46.6 @5 ; threshold 0.100
non_zero groups 512
Best acc (26.296).
saving...
Train, epoch: 11; Loss: 3.87 | Acc: 28.2 ; threshold 0.100
Test, epoch: 11; Loss: 3.92 | Acc: 26.5 @1 46.8 @5 ; threshold 0.100
non_zero groups 512
Best acc (26.526).
saving...
Train, epoch: 12; Loss: 3.85 | Acc: 28.5 ; threshold 0.100
Test, epoch: 12; Loss: 3.92 | Acc: 26.5 @1 46.9 @5 ; threshold 0.100
non_zero groups 512
saving...
Train, epoch: 13; Loss: 3.83 | Acc: 28.8 ; threshold 0.100
Test, epoch: 13; Loss: 3.90 | Acc: 26.9 @1 47.1 @5 ; threshold 0.100
non_zero groups 512
Best acc (26.934).
saving...
Train, epoch: 14; Loss: 3.81 | Acc: 29.1 ; threshold 0.100
Test, epoch: 14; Loss: 3.90 | Acc: 26.7 @1 47.3 @5 ; threshold 0.100
non_zero groups 512
saving...
Train, epoch: 15; Loss: 3.80 | Acc: 29.3 ; threshold 0.100
Test, epoch: 15; Loss: 3.89 | Acc: 27.0 @1 47.4 @5 ; threshold 0.100
non_zero groups 512
Best acc (27.04).
saving...
Train, epoch: 16; Loss: 3.78 | Acc: 29.6 ; threshold 0.100
Test, epoch: 16; Loss: 3.89 | Acc: 27.1 @1 47.3 @5 ; threshold 0.100
non_zero groups 512
Best acc (27.102).
saving...
Train, epoch: 17; Loss: 3.77 | Acc: 29.7 ; threshold 0.100
Test, epoch: 17; Loss: 3.88 | Acc: 27.2 @1 47.6 @5 ; threshold 0.100
non_zero groups 512
Best acc (27.16).
saving...
Train, epoch: 18; Loss: 3.75 | Acc: 29.9 ; threshold 0.100
Test, epoch: 18; Loss: 3.87 | Acc: 27.6 @1 48.0 @5 ; threshold 0.100
non_zero groups 512
Best acc (27.598).
saving...
Train, epoch: 19; Loss: 3.74 | Acc: 30.1 ; threshold 0.100
Test, epoch: 19; Loss: 3.87 | Acc: 27.5 @1 47.9 @5 ; threshold 0.100
non_zero groups 512
saving...
Train, epoch: 20; Loss: 3.73 | Acc: 30.2 ; threshold 0.100
Test, epoch: 20; Loss: 3.86 | Acc: 27.5 @1 48.1 @5 ; threshold 0.100
non_zero groups 512
saving...
Train, epoch: 21; Loss: 3.72 | Acc: 30.4 ; threshold 0.100
Test, epoch: 21; Loss: 3.85 | Acc: 27.9 @1 48.1 @5 ; threshold 0.100
non_zero groups 512
Best acc (27.874).
saving...
Train, epoch: 22; Loss: 3.71 | Acc: 30.5 ; threshold 0.100
Test, epoch: 22; Loss: 3.87 | Acc: 27.7 @1 48.1 @5 ; threshold 0.100
non_zero groups 512
saving...
Train, epoch: 23; Loss: 3.70 | Acc: 30.7 ; threshold 0.100
Test, epoch: 23; Loss: 3.85 | Acc: 27.5 @1 48.3 @5 ; threshold 0.100
non_zero groups 512
saving...
Train, epoch: 24; Loss: 3.69 | Acc: 30.9 ; threshold 0.100
Test, epoch: 24; Loss: 3.87 | Acc: 27.5 @1 47.9 @5 ; threshold 0.100
non_zero groups 512
saving...
Train, epoch: 25; Loss: 3.69 | Acc: 30.9 ; threshold 0.100
Test, epoch: 25; Loss: 3.84 | Acc: 28.0 @1 48.3 @5 ; threshold 0.100
non_zero groups 512
Best acc (27.986).
saving...
Train, epoch: 26; Loss: 3.68 | Acc: 31.0 ; threshold 0.100
Test, epoch: 26; Loss: 3.84 | Acc: 27.8 @1 48.2 @5 ; threshold 0.100
non_zero groups 512
saving...
Train, epoch: 27; Loss: 3.67 | Acc: 31.2 ; threshold 0.100
Test, epoch: 27; Loss: 3.83 | Acc: 28.0 @1 48.5 @5 ; threshold 0.100
non_zero groups 512
saving...
Train, epoch: 28; Loss: 3.67 | Acc: 31.2 ; threshold 0.100
Test, epoch: 28; Loss: 3.84 | Acc: 27.8 @1 48.4 @5 ; threshold 0.100
non_zero groups 512
saving...
Train, epoch: 29; Loss: 3.66 | Acc: 31.3 ; threshold 0.100
Test, epoch: 29; Loss: 3.84 | Acc: 28.0 @1 48.3 @5 ; threshold 0.100
non_zero groups 512
Best acc (28.002).
saving...
Train, epoch: 30; Loss: 3.65 | Acc: 31.4 ; threshold 0.100
Test, epoch: 30; Loss: 3.83 | Acc: 28.1 @1 48.6 @5 ; threshold 0.100
non_zero groups 512
Best acc (28.086).
saving...
Train, epoch: 31; Loss: 3.65 | Acc: 31.5 ; threshold 0.100
Test, epoch: 31; Loss: 3.83 | Acc: 28.0 @1 48.8 @5 ; threshold 0.100
non_zero groups 512
saving...
Train, epoch: 32; Loss: 3.64 | Acc: 31.6 ; threshold 0.100
Test, epoch: 32; Loss: 3.84 | Acc: 27.9 @1 48.7 @5 ; threshold 0.100
non_zero groups 512
saving...
Train, epoch: 33; Loss: 3.64 | Acc: 31.7 ; threshold 0.100
Test, epoch: 33; Loss: 3.82 | Acc: 28.1 @1 48.7 @5 ; threshold 0.100
non_zero groups 512
Best acc (28.128).
saving...
Train, epoch: 34; Loss: 3.63 | Acc: 31.8 ; threshold 0.100
Test, epoch: 34; Loss: 3.82 | Acc: 28.2 @1 48.8 @5 ; threshold 0.100
non_zero groups 512
Best acc (28.238).
saving...
Train, epoch: 35; Loss: 3.63 | Acc: 31.8 ; threshold 0.100
Test, epoch: 35; Loss: 3.83 | Acc: 28.2 @1 48.5 @5 ; threshold 0.100
non_zero groups 512
saving...
Train, epoch: 36; Loss: 3.62 | Acc: 31.9 ; threshold 0.100
Test, epoch: 36; Loss: 3.83 | Acc: 28.1 @1 48.7 @5 ; threshold 0.100
non_zero groups 512
saving...
Train, epoch: 37; Loss: 3.62 | Acc: 31.9 ; threshold 0.100
Test, epoch: 37; Loss: 3.82 | Acc: 28.3 @1 48.8 @5 ; threshold 0.100
non_zero groups 512
Best acc (28.304).
saving...
Train, epoch: 38; Loss: 3.61 | Acc: 32.0 ; threshold 0.100
Test, epoch: 38; Loss: 3.82 | Acc: 28.2 @1 48.8 @5 ; threshold 0.100
non_zero groups 512
saving...
Train, epoch: 39; Loss: 3.61 | Acc: 32.1 ; threshold 0.100
Test, epoch: 39; Loss: 3.81 | Acc: 28.3 @1 48.8 @5 ; threshold 0.100
non_zero groups 512
Best acc (28.344).
saving...
Train, epoch: 40; Loss: 3.60 | Acc: 32.2 ; threshold 0.100
Test, epoch: 40; Loss: 3.82 | Acc: 28.4 @1 48.8 @5 ; threshold 0.100
non_zero groups 512
Best acc (28.39).
saving...
Train, epoch: 41; Loss: 3.60 | Acc: 32.2 ; threshold 0.100
Test, epoch: 41; Loss: 3.82 | Acc: 28.2 @1 48.7 @5 ; threshold 0.100
non_zero groups 512
saving...
Train, epoch: 42; Loss: 3.60 | Acc: 32.3 ; threshold 0.100
Test, epoch: 42; Loss: 3.81 | Acc: 28.6 @1 49.1 @5 ; threshold 0.100
non_zero groups 512
Best acc (28.576).
saving...
Train, epoch: 43; Loss: 3.59 | Acc: 32.4 ; threshold 0.100
Test, epoch: 43; Loss: 3.82 | Acc: 28.5 @1 48.9 @5 ; threshold 0.100
non_zero groups 512
saving...
Train, epoch: 44; Loss: 3.59 | Acc: 32.4 ; threshold 0.100
Test, epoch: 44; Loss: 3.81 | Acc: 28.6 @1 49.1 @5 ; threshold 0.100
non_zero groups 512
saving...
Train, epoch: 45; Loss: 3.59 | Acc: 32.4 ; threshold 0.100
Test, epoch: 45; Loss: 3.81 | Acc: 28.6 @1 48.9 @5 ; threshold 0.100
non_zero groups 512
Best acc (28.602).
saving...
Train, epoch: 46; Loss: 3.58 | Acc: 32.5 ; threshold 0.100
Test, epoch: 46; Loss: 3.81 | Acc: 28.6 @1 49.0 @5 ; threshold 0.100
non_zero groups 512
Best acc (28.614).
saving...
Train, epoch: 47; Loss: 3.58 | Acc: 32.5 ; threshold 0.100
Test, epoch: 47; Loss: 3.81 | Acc: 28.4 @1 49.0 @5 ; threshold 0.100
non_zero groups 512
saving...
Train, epoch: 48; Loss: 3.58 | Acc: 32.6 ; threshold 0.100
Test, epoch: 48; Loss: 3.80 | Acc: 28.7 @1 49.2 @5 ; threshold 0.100
non_zero groups 512
Best acc (28.708).
saving...
Train, epoch: 49; Loss: 3.58 | Acc: 32.6 ; threshold 0.100
Test, epoch: 49; Loss: 3.81 | Acc: 28.5 @1 49.0 @5 ; threshold 0.100
non_zero groups 512
saving...
Train, epoch: 50; Loss: 3.57 | Acc: 32.7 ; threshold 0.100
Test, epoch: 50; Loss: 3.81 | Acc: 28.6 @1 49.2 @5 ; threshold 0.100
non_zero groups 512
saving...
Train, epoch: 51; Loss: 3.57 | Acc: 32.7 ; threshold 0.100
Test, epoch: 51; Loss: 3.81 | Acc: 28.6 @1 49.0 @5 ; threshold 0.100
non_zero groups 512
saving...
Train, epoch: 52; Loss: 3.57 | Acc: 32.8 ; threshold 0.100
Test, epoch: 52; Loss: 3.81 | Acc: 28.5 @1 49.2 @5 ; threshold 0.100
non_zero groups 512
saving...
Train, epoch: 53; Loss: 3.56 | Acc: 32.8 ; threshold 0.100
Test, epoch: 53; Loss: 3.80 | Acc: 28.7 @1 49.2 @5 ; threshold 0.100
non_zero groups 512
Best acc (28.72).
saving...
Train, epoch: 54; Loss: 3.56 | Acc: 32.9 ; threshold 0.100
Test, epoch: 54; Loss: 3.80 | Acc: 28.4 @1 49.4 @5 ; threshold 0.100
non_zero groups 512
saving...
Train, epoch: 55; Loss: 3.56 | Acc: 32.9 ; threshold 0.100
Test, epoch: 55; Loss: 3.80 | Acc: 28.6 @1 49.3 @5 ; threshold 0.100
non_zero groups 512
saving...
Train, epoch: 56; Loss: 3.55 | Acc: 32.9 ; threshold 0.100
Test, epoch: 56; Loss: 3.80 | Acc: 28.6 @1 49.3 @5 ; threshold 0.100
non_zero groups 512
saving...
Train, epoch: 57; Loss: 3.55 | Acc: 33.0 ; threshold 0.100
Test, epoch: 57; Loss: 3.82 | Acc: 28.4 @1 49.2 @5 ; threshold 0.100
non_zero groups 512
saving...
Train, epoch: 58; Loss: 3.55 | Acc: 33.1 ; threshold 0.100
Test, epoch: 58; Loss: 3.81 | Acc: 28.6 @1 49.4 @5 ; threshold 0.100
non_zero groups 512
saving...
Train, epoch: 59; Loss: 3.55 | Acc: 33.0 ; threshold 0.100
Test, epoch: 59; Loss: 3.80 | Acc: 28.9 @1 49.4 @5 ; threshold 0.100
non_zero groups 512
Best acc (28.92).
saving...
new lr:1e-05
Train, epoch: 60; Loss: 3.39 | Acc: 35.6 ; threshold 0.100
Test, epoch: 60; Loss: 3.69 | Acc: 30.1 @1 50.9 @5 ; threshold 0.100
non_zero groups 512
Best acc (30.146).
saving...
Train, epoch: 61; Loss: 3.38 | Acc: 35.9 ; threshold 0.100
Test, epoch: 61; Loss: 3.69 | Acc: 30.2 @1 50.9 @5 ; threshold 0.100
non_zero groups 512
Best acc (30.234).
saving...
Train, epoch: 62; Loss: 3.37 | Acc: 36.0 ; threshold 0.100
Test, epoch: 62; Loss: 3.69 | Acc: 30.3 @1 51.0 @5 ; threshold 0.100
non_zero groups 512
Best acc (30.328).
saving...
Train, epoch: 63; Loss: 3.37 | Acc: 36.1 ; threshold 0.100
Test, epoch: 63; Loss: 3.69 | Acc: 30.3 @1 51.0 @5 ; threshold 0.100
non_zero groups 512
saving...
Train, epoch: 64; Loss: 3.36 | Acc: 36.2 ; threshold 0.100
Test, epoch: 64; Loss: 3.68 | Acc: 30.3 @1 51.2 @5 ; threshold 0.100
non_zero groups 512
Best acc (30.33).
saving...
Train, epoch: 65; Loss: 3.36 | Acc: 36.1 ; threshold 0.100
Test, epoch: 65; Loss: 3.68 | Acc: 30.4 @1 51.1 @5 ; threshold 0.100
non_zero groups 512
Best acc (30.358).
saving...
Train, epoch: 66; Loss: 3.36 | Acc: 36.2 ; threshold 0.100
Test, epoch: 66; Loss: 3.68 | Acc: 30.4 @1 51.1 @5 ; threshold 0.100
non_zero groups 512
saving...
Train, epoch: 67; Loss: 3.36 | Acc: 36.3 ; threshold 0.100
Test, epoch: 67; Loss: 3.68 | Acc: 30.4 @1 51.1 @5 ; threshold 0.100
non_zero groups 512
Best acc (30.396).
saving...
Train, epoch: 68; Loss: 3.35 | Acc: 36.2 ; threshold 0.100
Test, epoch: 68; Loss: 3.68 | Acc: 30.4 @1 51.2 @5 ; threshold 0.100
non_zero groups 512
Best acc (30.446).
saving...
Train, epoch: 69; Loss: 3.35 | Acc: 36.3 ; threshold 0.100
Test, epoch: 69; Loss: 3.68 | Acc: 30.4 @1 51.1 @5 ; threshold 0.100
non_zero groups 512
saving...
Train, epoch: 70; Loss: 3.35 | Acc: 36.3 ; threshold 0.100
Test, epoch: 70; Loss: 3.68 | Acc: 30.3 @1 51.2 @5 ; threshold 0.100
non_zero groups 512
saving...
Train, epoch: 71; Loss: 3.35 | Acc: 36.4 ; threshold 0.100
Test, epoch: 71; Loss: 3.68 | Acc: 30.3 @1 51.0 @5 ; threshold 0.100
non_zero groups 512
saving...
Train, epoch: 72; Loss: 3.35 | Acc: 36.4 ; threshold 0.100
Test, epoch: 72; Loss: 3.68 | Acc: 30.3 @1 51.1 @5 ; threshold 0.100
non_zero groups 512
saving...
Train, epoch: 73; Loss: 3.35 | Acc: 36.3 ; threshold 0.100
Test, epoch: 73; Loss: 3.68 | Acc: 30.4 @1 51.2 @5 ; threshold 0.100
non_zero groups 512
saving...
Train, epoch: 74; Loss: 3.35 | Acc: 36.4 ; threshold 0.100
Test, epoch: 74; Loss: 3.68 | Acc: 30.4 @1 51.2 @5 ; threshold 0.100
non_zero groups 512
saving...
Train, epoch: 75; Loss: 3.35 | Acc: 36.4 ; threshold 0.100
Test, epoch: 75; Loss: 3.68 | Acc: 30.4 @1 51.1 @5 ; threshold 0.100
non_zero groups 512
saving...
Train, epoch: 76; Loss: 3.35 | Acc: 36.4 ; threshold 0.100
Test, epoch: 76; Loss: 3.68 | Acc: 30.4 @1 51.3 @5 ; threshold 0.100
non_zero groups 512
saving...
Train, epoch: 77; Loss: 3.34 | Acc: 36.4 ; threshold 0.100
Test, epoch: 77; Loss: 3.68 | Acc: 30.5 @1 51.3 @5 ; threshold 0.100
non_zero groups 512
Best acc (30.49).
saving...
Train, epoch: 78; Loss: 3.34 | Acc: 36.5 ; threshold 0.100
Test, epoch: 78; Loss: 3.68 | Acc: 30.3 @1 51.3 @5 ; threshold 0.100
non_zero groups 512
saving...
Train, epoch: 79; Loss: 3.34 | Acc: 36.4 ; threshold 0.100
Test, epoch: 79; Loss: 3.68 | Acc: 30.6 @1 51.3 @5 ; threshold 0.100
non_zero groups 512
Best acc (30.552).
saving...
new lr:1e-06
Train, epoch: 80; Loss: 3.32 | Acc: 36.8 ; threshold 0.100
Test, epoch: 80; Loss: 3.68 | Acc: 30.6 @1 51.4 @5 ; threshold 0.100
non_zero groups 512
Best acc (30.59).
saving...
Train, epoch: 81; Loss: 3.32 | Acc: 36.9 ; threshold 0.100
Test, epoch: 81; Loss: 3.67 | Acc: 30.6 @1 51.3 @5 ; threshold 0.100
non_zero groups 512
saving...
Train, epoch: 82; Loss: 3.32 | Acc: 36.8 ; threshold 0.100
Test, epoch: 82; Loss: 3.67 | Acc: 30.5 @1 51.4 @5 ; threshold 0.100
non_zero groups 512
saving...
Train, epoch: 83; Loss: 3.32 | Acc: 36.8 ; threshold 0.100
Test, epoch: 83; Loss: 3.67 | Acc: 30.5 @1 51.4 @5 ; threshold 0.100
non_zero groups 512
saving...
Train, epoch: 84; Loss: 3.32 | Acc: 36.8 ; threshold 0.100
Test, epoch: 84; Loss: 3.67 | Acc: 30.6 @1 51.3 @5 ; threshold 0.100
non_zero groups 512
saving...
Train, epoch: 85; Loss: 3.32 | Acc: 36.8 ; threshold 0.100
Test, epoch: 85; Loss: 3.67 | Acc: 30.5 @1 51.4 @5 ; threshold 0.100
non_zero groups 512
saving...
Train, epoch: 86; Loss: 3.32 | Acc: 36.9 ; threshold 0.100
Test, epoch: 86; Loss: 3.67 | Acc: 30.6 @1 51.5 @5 ; threshold 0.100
non_zero groups 512
Best acc (30.602).
saving...
Train, epoch: 87; Loss: 3.32 | Acc: 36.8 ; threshold 0.100
Test, epoch: 87; Loss: 3.67 | Acc: 30.6 @1 51.4 @5 ; threshold 0.100
non_zero groups 512
saving...
Train, epoch: 88; Loss: 3.32 | Acc: 36.9 ; threshold 0.100
Test, epoch: 88; Loss: 3.67 | Acc: 30.5 @1 51.4 @5 ; threshold 0.100
non_zero groups 512
saving...
Train, epoch: 89; Loss: 3.32 | Acc: 36.8 ; threshold 0.100
Test, epoch: 89; Loss: 3.67 | Acc: 30.6 @1 51.4 @5 ; threshold 0.100
non_zero groups 512
saving...
new lr:1e-07
Train, epoch: 90; Loss: 3.32 | Acc: 36.8 ; threshold 0.100
Test, epoch: 90; Loss: 3.67 | Acc: 30.6 @1 51.4 @5 ; threshold 0.100
non_zero groups 512
saving...
Train, epoch: 91; Loss: 3.32 | Acc: 36.8 ; threshold 0.100
Test, epoch: 91; Loss: 3.67 | Acc: 30.5 @1 51.4 @5 ; threshold 0.100
non_zero groups 512
saving...
Train, epoch: 92; Loss: 3.32 | Acc: 36.9 ; threshold 0.100
Test, epoch: 92; Loss: 3.67 | Acc: 30.6 @1 51.4 @5 ; threshold 0.100
non_zero groups 512
Best acc (30.616).
saving...
Train, epoch: 93; Loss: 3.32 | Acc: 36.9 ; threshold 0.100
Test, epoch: 93; Loss: 3.67 | Acc: 30.6 @1 51.4 @5 ; threshold 0.100
non_zero groups 512
saving...
Train, epoch: 94; Loss: 3.32 | Acc: 36.8 ; threshold 0.100
Test, epoch: 94; Loss: 3.67 | Acc: 30.5 @1 51.4 @5 ; threshold 0.100
non_zero groups 512
saving...
Train, epoch: 95; Loss: 3.32 | Acc: 36.9 ; threshold 0.100
Test, epoch: 95; Loss: 3.67 | Acc: 30.6 @1 51.4 @5 ; threshold 0.100
non_zero groups 512
saving...
Train, epoch: 96; Loss: 3.32 | Acc: 36.9 ; threshold 0.100
Test, epoch: 96; Loss: 3.67 | Acc: 30.6 @1 51.4 @5 ; threshold 0.100
non_zero groups 512
saving...
Train, epoch: 97; Loss: 3.32 | Acc: 36.9 ; threshold 0.100
Test, epoch: 97; Loss: 3.67 | Acc: 30.6 @1 51.4 @5 ; threshold 0.100
non_zero groups 512
Best acc (30.622).
saving...
Train, epoch: 98; Loss: 3.32 | Acc: 36.9 ; threshold 0.100
Test, epoch: 98; Loss: 3.67 | Acc: 30.6 @1 51.5 @5 ; threshold 0.100
non_zero groups 512
saving...
Train, epoch: 99; Loss: 3.32 | Acc: 36.9 ; threshold 0.100
Test, epoch: 99; Loss: 3.67 | Acc: 30.6 @1 51.3 @5 ; threshold 0.100
non_zero groups 512
saving...
Best test acc. 30.622  at epoch 97/99
Done in 25.6 hours with 1 GPU
