stty: standard input: Inappropriate ioctl for device
simple_logistic.py
arguments
Namespace(batch_norm=True, batchsize=128, batchsize_net=16384, bias=0.14, bottleneck_dim=512, channel_pca=0, compute_nflops=False, compute_patch_gram_matrix=False, compute_sparsity=False, convolutional_classifier=6, convolutional_loss=False, correct_padding=False, dataset='cifar10', force_recompute=False, learn_patches=False, lr_schedule='{0:1e-4,300:1e-5,450:1e-6,550:1e-7}', multigpu=False, n_bagging_patches=0, n_channel_convolution=32768, nepochs=600, no_cudnn=False, no_jit=False, no_padding=False, no_progress_bar=True, no_zca=False, num_workers=10, numpy_seed=0, optimizer='Adam', padding_mode='reflect', patch_distribution='empirical', patches_file='', path_test='/d1/dataset/imagenet32/out_data_val', path_train='/d1/dataset/imagenet32/out_data_train', positive_shrink=False, resume='', save_best_model=False, save_model=False, separable_convolution=False, sgd_momentum=0.0, shrink='heaviside', spatialsize_avg_pooling=5, spatialsize_convolution=6, stride_avg_pooling=3, stride_convolution=1, topk_fraction=0.25, torch_seed=0, weight_decay=0.0, zca_bias=0.001)
device: cuda
Files already downloaded and verified
Files already downloaded and verified
Net output size: out1 torch.Size([32768, 9, 9]) out2 torch.Size([32768, 9, 9])
Parameters shape [torch.Size([32768]), torch.Size([32768]), torch.Size([32768]), torch.Size([32768]), torch.Size([10, 512, 6, 6]), torch.Size([10]), torch.Size([512, 32768, 1, 1]), torch.Size([512]), torch.Size([512, 32768, 1, 1]), torch.Size([512])]
N parameters : 33.870858 millions
optimizing net execution with torch.jit
new lr:0.0001
Train, epoch: 0; Loss: 1.49 | Acc: 52.1 ; threshold 0.140
Test, epoch: 0; Loss: 1.07 | Acc: 63.9 @1 96.2 @5 ; threshold 0.140
Best acc (63.89).
Train, epoch: 1; Loss: 1.18 | Acc: 60.3 ; threshold 0.140
Test, epoch: 1; Loss: 1.06 | Acc: 65.7 @1 96.8 @5 ; threshold 0.140
Best acc (65.66).
Train, epoch: 2; Loss: 1.09 | Acc: 63.4 ; threshold 0.140
Test, epoch: 2; Loss: 0.98 | Acc: 67.8 @1 97.1 @5 ; threshold 0.140
Best acc (67.82).
Train, epoch: 3; Loss: 1.05 | Acc: 65.2 ; threshold 0.140
Test, epoch: 3; Loss: 0.93 | Acc: 69.8 @1 97.3 @5 ; threshold 0.140
Best acc (69.79).
Train, epoch: 4; Loss: 1.03 | Acc: 65.9 ; threshold 0.140
Test, epoch: 4; Loss: 0.95 | Acc: 69.1 @1 97.5 @5 ; threshold 0.140
Train, epoch: 5; Loss: 0.97 | Acc: 67.7 ; threshold 0.140
Test, epoch: 5; Loss: 0.96 | Acc: 68.6 @1 97.6 @5 ; threshold 0.140
Train, epoch: 6; Loss: 0.95 | Acc: 69.0 ; threshold 0.140
Test, epoch: 6; Loss: 0.94 | Acc: 70.3 @1 97.6 @5 ; threshold 0.140
Best acc (70.29).
Train, epoch: 7; Loss: 0.93 | Acc: 69.8 ; threshold 0.140
Test, epoch: 7; Loss: 0.91 | Acc: 72.3 @1 97.7 @5 ; threshold 0.140
Best acc (72.31).
Train, epoch: 8; Loss: 0.90 | Acc: 70.4 ; threshold 0.140
Test, epoch: 8; Loss: 0.96 | Acc: 70.3 @1 97.6 @5 ; threshold 0.140
Train, epoch: 9; Loss: 0.88 | Acc: 71.4 ; threshold 0.140
Test, epoch: 9; Loss: 0.88 | Acc: 72.8 @1 98.1 @5 ; threshold 0.140
Best acc (72.77).
Train, epoch: 10; Loss: 0.87 | Acc: 71.8 ; threshold 0.140
Test, epoch: 10; Loss: 0.87 | Acc: 73.6 @1 98.0 @5 ; threshold 0.140
Best acc (73.6).
Train, epoch: 11; Loss: 0.82 | Acc: 73.1 ; threshold 0.140
Test, epoch: 11; Loss: 0.82 | Acc: 74.1 @1 98.3 @5 ; threshold 0.140
Best acc (74.11).
Train, epoch: 12; Loss: 0.82 | Acc: 73.3 ; threshold 0.140
Test, epoch: 12; Loss: 0.98 | Acc: 71.9 @1 97.8 @5 ; threshold 0.140
Train, epoch: 13; Loss: 0.83 | Acc: 73.0 ; threshold 0.140
Test, epoch: 13; Loss: 0.82 | Acc: 74.9 @1 98.3 @5 ; threshold 0.140
Best acc (74.86).
Train, epoch: 14; Loss: 0.78 | Acc: 74.4 ; threshold 0.140
Test, epoch: 14; Loss: 0.79 | Acc: 75.5 @1 98.4 @5 ; threshold 0.140
Best acc (75.51).
Train, epoch: 15; Loss: 0.77 | Acc: 74.8 ; threshold 0.140
Test, epoch: 15; Loss: 0.77 | Acc: 75.8 @1 98.3 @5 ; threshold 0.140
Best acc (75.81).
Train, epoch: 16; Loss: 0.75 | Acc: 75.6 ; threshold 0.140
Test, epoch: 16; Loss: 0.82 | Acc: 75.1 @1 98.3 @5 ; threshold 0.140
Train, epoch: 17; Loss: 0.74 | Acc: 75.9 ; threshold 0.140
Test, epoch: 17; Loss: 0.88 | Acc: 74.5 @1 98.3 @5 ; threshold 0.140
Train, epoch: 18; Loss: 0.75 | Acc: 75.7 ; threshold 0.140
Test, epoch: 18; Loss: 0.79 | Acc: 76.4 @1 98.5 @5 ; threshold 0.140
Best acc (76.36).
Train, epoch: 19; Loss: 0.72 | Acc: 76.7 ; threshold 0.140
Test, epoch: 19; Loss: 0.85 | Acc: 74.9 @1 98.2 @5 ; threshold 0.140
Train, epoch: 20; Loss: 0.70 | Acc: 77.5 ; threshold 0.140
Test, epoch: 20; Loss: 0.95 | Acc: 72.8 @1 98.0 @5 ; threshold 0.140
Train, epoch: 21; Loss: 0.73 | Acc: 76.7 ; threshold 0.140
Test, epoch: 21; Loss: 0.75 | Acc: 77.8 @1 98.5 @5 ; threshold 0.140
Best acc (77.84).
Train, epoch: 22; Loss: 0.68 | Acc: 78.0 ; threshold 0.140
Test, epoch: 22; Loss: 0.84 | Acc: 76.4 @1 98.5 @5 ; threshold 0.140
Train, epoch: 23; Loss: 0.69 | Acc: 78.0 ; threshold 0.140
Test, epoch: 23; Loss: 0.76 | Acc: 77.1 @1 98.4 @5 ; threshold 0.140
Train, epoch: 24; Loss: 0.67 | Acc: 78.6 ; threshold 0.140
Test, epoch: 24; Loss: 0.78 | Acc: 77.4 @1 98.5 @5 ; threshold 0.140
Train, epoch: 25; Loss: 0.65 | Acc: 79.3 ; threshold 0.140
Test, epoch: 25; Loss: 0.78 | Acc: 77.1 @1 98.5 @5 ; threshold 0.140
Train, epoch: 26; Loss: 0.64 | Acc: 79.4 ; threshold 0.140
Test, epoch: 26; Loss: 0.83 | Acc: 76.7 @1 98.4 @5 ; threshold 0.140
Train, epoch: 27; Loss: 0.64 | Acc: 79.8 ; threshold 0.140
Test, epoch: 27; Loss: 0.79 | Acc: 77.0 @1 98.4 @5 ; threshold 0.140
Train, epoch: 28; Loss: 0.63 | Acc: 80.0 ; threshold 0.140
Test, epoch: 28; Loss: 0.78 | Acc: 77.8 @1 98.7 @5 ; threshold 0.140
Train, epoch: 29; Loss: 0.63 | Acc: 79.8 ; threshold 0.140
Test, epoch: 29; Loss: 0.84 | Acc: 76.2 @1 98.4 @5 ; threshold 0.140
Train, epoch: 30; Loss: 0.63 | Acc: 80.1 ; threshold 0.140
Test, epoch: 30; Loss: 0.88 | Acc: 76.2 @1 98.5 @5 ; threshold 0.140
Train, epoch: 31; Loss: 0.60 | Acc: 80.9 ; threshold 0.140
Test, epoch: 31; Loss: 0.83 | Acc: 77.4 @1 98.6 @5 ; threshold 0.140
Train, epoch: 32; Loss: 0.59 | Acc: 81.0 ; threshold 0.140
Test, epoch: 32; Loss: 0.92 | Acc: 76.8 @1 98.6 @5 ; threshold 0.140
Train, epoch: 33; Loss: 0.60 | Acc: 81.1 ; threshold 0.140
Test, epoch: 33; Loss: 0.83 | Acc: 77.5 @1 98.7 @5 ; threshold 0.140
Train, epoch: 34; Loss: 0.59 | Acc: 81.4 ; threshold 0.140
Test, epoch: 34; Loss: 0.79 | Acc: 78.2 @1 98.6 @5 ; threshold 0.140
Best acc (78.23).
Train, epoch: 35; Loss: 0.58 | Acc: 82.0 ; threshold 0.140
Test, epoch: 35; Loss: 0.90 | Acc: 75.9 @1 98.5 @5 ; threshold 0.140
Train, epoch: 36; Loss: 0.55 | Acc: 82.3 ; threshold 0.140
Test, epoch: 36; Loss: 0.88 | Acc: 76.6 @1 98.4 @5 ; threshold 0.140
Train, epoch: 37; Loss: 0.56 | Acc: 82.2 ; threshold 0.140
Test, epoch: 37; Loss: 0.81 | Acc: 77.5 @1 98.7 @5 ; threshold 0.140
Train, epoch: 38; Loss: 0.57 | Acc: 82.2 ; threshold 0.140
Test, epoch: 38; Loss: 0.80 | Acc: 78.3 @1 98.5 @5 ; threshold 0.140
Best acc (78.26).
Train, epoch: 39; Loss: 0.55 | Acc: 82.7 ; threshold 0.140
Test, epoch: 39; Loss: 0.78 | Acc: 78.3 @1 98.8 @5 ; threshold 0.140
Best acc (78.28).
Train, epoch: 40; Loss: 0.56 | Acc: 82.7 ; threshold 0.140
Test, epoch: 40; Loss: 0.94 | Acc: 76.8 @1 98.2 @5 ; threshold 0.140
Train, epoch: 41; Loss: 0.51 | Acc: 83.7 ; threshold 0.140
Test, epoch: 41; Loss: 0.82 | Acc: 78.2 @1 98.5 @5 ; threshold 0.140
Train, epoch: 42; Loss: 0.55 | Acc: 82.9 ; threshold 0.140
Test, epoch: 42; Loss: 0.96 | Acc: 75.8 @1 98.3 @5 ; threshold 0.140
Train, epoch: 43; Loss: 0.52 | Acc: 83.6 ; threshold 0.140
Test, epoch: 43; Loss: 0.90 | Acc: 76.5 @1 98.3 @5 ; threshold 0.140
Train, epoch: 44; Loss: 0.53 | Acc: 83.8 ; threshold 0.140
Test, epoch: 44; Loss: 0.84 | Acc: 78.7 @1 98.6 @5 ; threshold 0.140
Best acc (78.68).
Train, epoch: 45; Loss: 0.50 | Acc: 84.6 ; threshold 0.140
Test, epoch: 45; Loss: 0.93 | Acc: 76.5 @1 98.4 @5 ; threshold 0.140
Train, epoch: 46; Loss: 0.51 | Acc: 84.1 ; threshold 0.140
Test, epoch: 46; Loss: 0.87 | Acc: 78.7 @1 98.6 @5 ; threshold 0.140
Train, epoch: 47; Loss: 0.50 | Acc: 84.7 ; threshold 0.140
Test, epoch: 47; Loss: 1.05 | Acc: 76.6 @1 98.3 @5 ; threshold 0.140
Train, epoch: 48; Loss: 0.49 | Acc: 84.7 ; threshold 0.140
Test, epoch: 48; Loss: 0.87 | Acc: 78.8 @1 98.6 @5 ; threshold 0.140
Best acc (78.77).
Train, epoch: 49; Loss: 0.49 | Acc: 84.9 ; threshold 0.140
Test, epoch: 49; Loss: 0.89 | Acc: 78.5 @1 98.7 @5 ; threshold 0.140
Train, epoch: 50; Loss: 0.49 | Acc: 85.1 ; threshold 0.140
Test, epoch: 50; Loss: 0.87 | Acc: 78.6 @1 98.8 @5 ; threshold 0.140
Train, epoch: 51; Loss: 0.48 | Acc: 85.2 ; threshold 0.140
Test, epoch: 51; Loss: 0.93 | Acc: 77.4 @1 98.7 @5 ; threshold 0.140
Train, epoch: 52; Loss: 0.48 | Acc: 85.3 ; threshold 0.140
Test, epoch: 52; Loss: 0.84 | Acc: 79.5 @1 98.8 @5 ; threshold 0.140
Best acc (79.48).
Train, epoch: 53; Loss: 0.49 | Acc: 85.3 ; threshold 0.140
Test, epoch: 53; Loss: 0.99 | Acc: 77.5 @1 98.3 @5 ; threshold 0.140
Train, epoch: 54; Loss: 0.48 | Acc: 85.4 ; threshold 0.140
Test, epoch: 54; Loss: 0.87 | Acc: 79.2 @1 98.7 @5 ; threshold 0.140
Train, epoch: 55; Loss: 0.46 | Acc: 85.8 ; threshold 0.140
Test, epoch: 55; Loss: 0.92 | Acc: 78.6 @1 98.7 @5 ; threshold 0.140
Train, epoch: 56; Loss: 0.45 | Acc: 86.2 ; threshold 0.140
Test, epoch: 56; Loss: 1.06 | Acc: 76.5 @1 98.8 @5 ; threshold 0.140
Train, epoch: 57; Loss: 0.46 | Acc: 85.9 ; threshold 0.140
Test, epoch: 57; Loss: 1.02 | Acc: 77.8 @1 98.6 @5 ; threshold 0.140
Train, epoch: 58; Loss: 0.46 | Acc: 86.1 ; threshold 0.140
Test, epoch: 58; Loss: 0.89 | Acc: 78.3 @1 98.7 @5 ; threshold 0.140
Train, epoch: 59; Loss: 0.44 | Acc: 86.5 ; threshold 0.140
Test, epoch: 59; Loss: 0.96 | Acc: 78.2 @1 98.6 @5 ; threshold 0.140
Train, epoch: 60; Loss: 0.44 | Acc: 86.9 ; threshold 0.140
Test, epoch: 60; Loss: 1.02 | Acc: 77.2 @1 98.7 @5 ; threshold 0.140
Train, epoch: 61; Loss: 0.42 | Acc: 87.2 ; threshold 0.140
Test, epoch: 61; Loss: 1.02 | Acc: 77.8 @1 98.8 @5 ; threshold 0.140
Train, epoch: 62; Loss: 0.44 | Acc: 86.9 ; threshold 0.140
Test, epoch: 62; Loss: 0.98 | Acc: 77.4 @1 98.5 @5 ; threshold 0.140
Train, epoch: 63; Loss: 0.43 | Acc: 86.9 ; threshold 0.140
Test, epoch: 63; Loss: 1.06 | Acc: 77.9 @1 98.5 @5 ; threshold 0.140
Train, epoch: 64; Loss: 0.43 | Acc: 87.2 ; threshold 0.140
Test, epoch: 64; Loss: 0.87 | Acc: 80.3 @1 98.8 @5 ; threshold 0.140
Best acc (80.32).
Train, epoch: 65; Loss: 0.42 | Acc: 87.3 ; threshold 0.140
Test, epoch: 65; Loss: 0.96 | Acc: 79.8 @1 98.8 @5 ; threshold 0.140
Train, epoch: 66; Loss: 0.39 | Acc: 88.1 ; threshold 0.140
Test, epoch: 66; Loss: 0.90 | Acc: 80.1 @1 98.9 @5 ; threshold 0.140
Train, epoch: 67; Loss: 0.42 | Acc: 87.4 ; threshold 0.140
Test, epoch: 67; Loss: 0.89 | Acc: 80.3 @1 98.7 @5 ; threshold 0.140
Train, epoch: 68; Loss: 0.43 | Acc: 87.2 ; threshold 0.140
Test, epoch: 68; Loss: 1.08 | Acc: 77.2 @1 98.4 @5 ; threshold 0.140
Train, epoch: 69; Loss: 0.44 | Acc: 87.2 ; threshold 0.140
Test, epoch: 69; Loss: 1.04 | Acc: 78.0 @1 98.5 @5 ; threshold 0.140
Train, epoch: 70; Loss: 0.39 | Acc: 88.3 ; threshold 0.140
Test, epoch: 70; Loss: 0.95 | Acc: 79.6 @1 98.7 @5 ; threshold 0.140
Train, epoch: 71; Loss: 0.39 | Acc: 88.3 ; threshold 0.140
Test, epoch: 71; Loss: 1.07 | Acc: 78.6 @1 98.6 @5 ; threshold 0.140
Train, epoch: 72; Loss: 0.38 | Acc: 88.6 ; threshold 0.140
Test, epoch: 72; Loss: 1.04 | Acc: 78.7 @1 98.7 @5 ; threshold 0.140
Train, epoch: 73; Loss: 0.43 | Acc: 87.8 ; threshold 0.140
Test, epoch: 73; Loss: 1.09 | Acc: 78.9 @1 98.8 @5 ; threshold 0.140
Train, epoch: 74; Loss: 0.42 | Acc: 87.9 ; threshold 0.140
Test, epoch: 74; Loss: 0.98 | Acc: 79.0 @1 98.8 @5 ; threshold 0.140
Train, epoch: 75; Loss: 0.36 | Acc: 89.3 ; threshold 0.140
Test, epoch: 75; Loss: 0.95 | Acc: 80.4 @1 98.8 @5 ; threshold 0.140
Best acc (80.36).
Train, epoch: 76; Loss: 0.39 | Acc: 88.6 ; threshold 0.140
Test, epoch: 76; Loss: 0.99 | Acc: 79.0 @1 98.8 @5 ; threshold 0.140
Train, epoch: 77; Loss: 0.41 | Acc: 88.1 ; threshold 0.140
Test, epoch: 77; Loss: 0.94 | Acc: 80.4 @1 98.8 @5 ; threshold 0.140
Best acc (80.42).
Train, epoch: 78; Loss: 0.39 | Acc: 88.9 ; threshold 0.140
Test, epoch: 78; Loss: 0.98 | Acc: 79.5 @1 98.7 @5 ; threshold 0.140
Train, epoch: 79; Loss: 0.40 | Acc: 88.7 ; threshold 0.140
Test, epoch: 79; Loss: 1.05 | Acc: 79.3 @1 98.7 @5 ; threshold 0.140
Train, epoch: 80; Loss: 0.38 | Acc: 88.8 ; threshold 0.140
Test, epoch: 80; Loss: 1.07 | Acc: 78.8 @1 98.7 @5 ; threshold 0.140
Train, epoch: 81; Loss: 0.38 | Acc: 89.1 ; threshold 0.140
Test, epoch: 81; Loss: 1.07 | Acc: 79.0 @1 98.7 @5 ; threshold 0.140
Train, epoch: 82; Loss: 0.37 | Acc: 89.5 ; threshold 0.140
Test, epoch: 82; Loss: 1.27 | Acc: 77.2 @1 98.4 @5 ; threshold 0.140
Train, epoch: 83; Loss: 0.36 | Acc: 89.5 ; threshold 0.140
Test, epoch: 83; Loss: 1.07 | Acc: 79.6 @1 98.8 @5 ; threshold 0.140
Train, epoch: 84; Loss: 0.39 | Acc: 89.1 ; threshold 0.140
Test, epoch: 84; Loss: 1.33 | Acc: 76.7 @1 98.2 @5 ; threshold 0.140
Train, epoch: 85; Loss: 0.41 | Acc: 88.8 ; threshold 0.140
Test, epoch: 85; Loss: 1.16 | Acc: 78.8 @1 98.5 @5 ; threshold 0.140
Train, epoch: 86; Loss: 0.35 | Acc: 89.9 ; threshold 0.140
Test, epoch: 86; Loss: 1.07 | Acc: 79.3 @1 98.8 @5 ; threshold 0.140
Train, epoch: 87; Loss: 0.34 | Acc: 90.0 ; threshold 0.140
Test, epoch: 87; Loss: 1.00 | Acc: 80.3 @1 99.0 @5 ; threshold 0.140
Train, epoch: 88; Loss: 0.39 | Acc: 89.3 ; threshold 0.140
Test, epoch: 88; Loss: 1.15 | Acc: 79.0 @1 98.6 @5 ; threshold 0.140
Train, epoch: 89; Loss: 0.35 | Acc: 90.1 ; threshold 0.140
Test, epoch: 89; Loss: 1.06 | Acc: 79.8 @1 98.8 @5 ; threshold 0.140
Train, epoch: 90; Loss: 0.35 | Acc: 90.0 ; threshold 0.140
Test, epoch: 90; Loss: 1.07 | Acc: 79.5 @1 98.9 @5 ; threshold 0.140
Train, epoch: 91; Loss: 0.36 | Acc: 89.9 ; threshold 0.140
Test, epoch: 91; Loss: 1.32 | Acc: 77.4 @1 98.6 @5 ; threshold 0.140
Train, epoch: 92; Loss: 0.37 | Acc: 89.8 ; threshold 0.140
Test, epoch: 92; Loss: 1.14 | Acc: 78.9 @1 98.6 @5 ; threshold 0.140
Train, epoch: 93; Loss: 0.34 | Acc: 90.5 ; threshold 0.140
Test, epoch: 93; Loss: 1.10 | Acc: 79.5 @1 98.8 @5 ; threshold 0.140
Train, epoch: 94; Loss: 0.36 | Acc: 90.2 ; threshold 0.140
Test, epoch: 94; Loss: 1.25 | Acc: 78.2 @1 98.6 @5 ; threshold 0.140
Train, epoch: 95; Loss: 0.35 | Acc: 90.0 ; threshold 0.140
Test, epoch: 95; Loss: 1.15 | Acc: 80.1 @1 98.6 @5 ; threshold 0.140
Train, epoch: 96; Loss: 0.37 | Acc: 90.0 ; threshold 0.140
Test, epoch: 96; Loss: 1.31 | Acc: 78.6 @1 98.6 @5 ; threshold 0.140
Train, epoch: 97; Loss: 0.34 | Acc: 90.4 ; threshold 0.140
Test, epoch: 97; Loss: 1.23 | Acc: 79.0 @1 98.7 @5 ; threshold 0.140
Train, epoch: 98; Loss: 0.35 | Acc: 90.3 ; threshold 0.140
Test, epoch: 98; Loss: 1.07 | Acc: 80.3 @1 98.9 @5 ; threshold 0.140
Train, epoch: 99; Loss: 0.37 | Acc: 90.0 ; threshold 0.140
Test, epoch: 99; Loss: 1.15 | Acc: 80.1 @1 98.8 @5 ; threshold 0.140
Train, epoch: 100; Loss: 0.30 | Acc: 91.4 ; threshold 0.140
Test, epoch: 100; Loss: 1.15 | Acc: 79.3 @1 99.1 @5 ; threshold 0.140
Train, epoch: 101; Loss: 0.34 | Acc: 90.8 ; threshold 0.140
Test, epoch: 101; Loss: 1.27 | Acc: 78.8 @1 98.8 @5 ; threshold 0.140
Train, epoch: 102; Loss: 0.35 | Acc: 90.5 ; threshold 0.140
Test, epoch: 102; Loss: 1.18 | Acc: 79.7 @1 98.8 @5 ; threshold 0.140
Train, epoch: 103; Loss: 0.32 | Acc: 91.1 ; threshold 0.140
Test, epoch: 103; Loss: 1.16 | Acc: 79.8 @1 98.6 @5 ; threshold 0.140
Train, epoch: 104; Loss: 0.34 | Acc: 90.7 ; threshold 0.140
Test, epoch: 104; Loss: 1.13 | Acc: 80.3 @1 98.6 @5 ; threshold 0.140
Train, epoch: 105; Loss: 0.33 | Acc: 91.0 ; threshold 0.140
Test, epoch: 105; Loss: 1.10 | Acc: 80.7 @1 98.8 @5 ; threshold 0.140
Best acc (80.7).
Train, epoch: 106; Loss: 0.36 | Acc: 90.7 ; threshold 0.140
Test, epoch: 106; Loss: 1.06 | Acc: 80.6 @1 98.9 @5 ; threshold 0.140
Train, epoch: 107; Loss: 0.31 | Acc: 91.3 ; threshold 0.140
Test, epoch: 107; Loss: 1.21 | Acc: 79.2 @1 98.9 @5 ; threshold 0.140
Train, epoch: 108; Loss: 0.33 | Acc: 91.1 ; threshold 0.140
Test, epoch: 108; Loss: 1.23 | Acc: 80.0 @1 98.6 @5 ; threshold 0.140
Train, epoch: 109; Loss: 0.34 | Acc: 90.9 ; threshold 0.140
Test, epoch: 109; Loss: 1.22 | Acc: 79.6 @1 98.9 @5 ; threshold 0.140
Train, epoch: 110; Loss: 0.31 | Acc: 91.5 ; threshold 0.140
Test, epoch: 110; Loss: 1.35 | Acc: 78.2 @1 98.5 @5 ; threshold 0.140
Train, epoch: 111; Loss: 0.32 | Acc: 91.3 ; threshold 0.140
Test, epoch: 111; Loss: 1.16 | Acc: 80.5 @1 98.8 @5 ; threshold 0.140
Train, epoch: 112; Loss: 0.31 | Acc: 91.6 ; threshold 0.140
Test, epoch: 112; Loss: 1.37 | Acc: 77.7 @1 98.7 @5 ; threshold 0.140
Train, epoch: 113; Loss: 0.34 | Acc: 91.2 ; threshold 0.140
Test, epoch: 113; Loss: 1.15 | Acc: 80.5 @1 99.0 @5 ; threshold 0.140
Train, epoch: 114; Loss: 0.33 | Acc: 91.3 ; threshold 0.140
Test, epoch: 114; Loss: 1.53 | Acc: 77.1 @1 98.5 @5 ; threshold 0.140
Train, epoch: 115; Loss: 0.37 | Acc: 90.7 ; threshold 0.140
Test, epoch: 115; Loss: 1.23 | Acc: 80.2 @1 98.7 @5 ; threshold 0.140
Train, epoch: 116; Loss: 0.31 | Acc: 91.8 ; threshold 0.140
Test, epoch: 116; Loss: 1.31 | Acc: 79.4 @1 98.5 @5 ; threshold 0.140
Train, epoch: 117; Loss: 0.30 | Acc: 92.0 ; threshold 0.140
Test, epoch: 117; Loss: 1.25 | Acc: 80.1 @1 98.9 @5 ; threshold 0.140
Train, epoch: 118; Loss: 0.32 | Acc: 91.8 ; threshold 0.140
Test, epoch: 118; Loss: 1.21 | Acc: 80.1 @1 98.8 @5 ; threshold 0.140
Train, epoch: 119; Loss: 0.31 | Acc: 91.9 ; threshold 0.140
Test, epoch: 119; Loss: 1.27 | Acc: 79.3 @1 98.7 @5 ; threshold 0.140
Train, epoch: 120; Loss: 0.35 | Acc: 91.0 ; threshold 0.140
Test, epoch: 120; Loss: 1.26 | Acc: 79.7 @1 98.7 @5 ; threshold 0.140
Train, epoch: 121; Loss: 0.30 | Acc: 92.0 ; threshold 0.140
Test, epoch: 121; Loss: 1.31 | Acc: 79.6 @1 98.7 @5 ; threshold 0.140
Train, epoch: 122; Loss: 0.34 | Acc: 91.2 ; threshold 0.140
Test, epoch: 122; Loss: 1.43 | Acc: 78.9 @1 98.7 @5 ; threshold 0.140
Train, epoch: 123; Loss: 0.29 | Acc: 92.4 ; threshold 0.140
Test, epoch: 123; Loss: 1.43 | Acc: 79.3 @1 98.5 @5 ; threshold 0.140
Train, epoch: 124; Loss: 0.32 | Acc: 91.8 ; threshold 0.140
Test, epoch: 124; Loss: 1.42 | Acc: 78.5 @1 98.7 @5 ; threshold 0.140
Train, epoch: 125; Loss: 0.29 | Acc: 92.5 ; threshold 0.140
Test, epoch: 125; Loss: 1.23 | Acc: 80.5 @1 98.8 @5 ; threshold 0.140
Train, epoch: 126; Loss: 0.31 | Acc: 92.1 ; threshold 0.140
Test, epoch: 126; Loss: 1.34 | Acc: 79.7 @1 98.8 @5 ; threshold 0.140
Train, epoch: 127; Loss: 0.31 | Acc: 92.0 ; threshold 0.140
Test, epoch: 127; Loss: 1.50 | Acc: 78.6 @1 98.7 @5 ; threshold 0.140
Train, epoch: 128; Loss: 0.31 | Acc: 92.1 ; threshold 0.140
Test, epoch: 128; Loss: 1.29 | Acc: 80.3 @1 98.8 @5 ; threshold 0.140
Train, epoch: 129; Loss: 0.30 | Acc: 92.2 ; threshold 0.140
Test, epoch: 129; Loss: 1.36 | Acc: 79.2 @1 98.8 @5 ; threshold 0.140
Train, epoch: 130; Loss: 0.29 | Acc: 92.6 ; threshold 0.140
Test, epoch: 130; Loss: 1.36 | Acc: 80.4 @1 98.8 @5 ; threshold 0.140
Train, epoch: 131; Loss: 0.32 | Acc: 92.0 ; threshold 0.140
Test, epoch: 131; Loss: 1.36 | Acc: 80.8 @1 98.9 @5 ; threshold 0.140
Best acc (80.83).
Train, epoch: 132; Loss: 0.31 | Acc: 92.2 ; threshold 0.140
Test, epoch: 132; Loss: 1.31 | Acc: 80.3 @1 98.8 @5 ; threshold 0.140
Train, epoch: 133; Loss: 0.29 | Acc: 92.4 ; threshold 0.140
Test, epoch: 133; Loss: 1.50 | Acc: 78.7 @1 98.5 @5 ; threshold 0.140
Train, epoch: 134; Loss: 0.30 | Acc: 92.4 ; threshold 0.140
Test, epoch: 134; Loss: 1.43 | Acc: 78.8 @1 98.6 @5 ; threshold 0.140
Train, epoch: 135; Loss: 0.32 | Acc: 92.1 ; threshold 0.140
Test, epoch: 135; Loss: 1.40 | Acc: 80.0 @1 98.8 @5 ; threshold 0.140
Train, epoch: 136; Loss: 0.29 | Acc: 92.7 ; threshold 0.140
Test, epoch: 136; Loss: 1.34 | Acc: 80.4 @1 98.9 @5 ; threshold 0.140
Train, epoch: 137; Loss: 0.30 | Acc: 92.5 ; threshold 0.140
Test, epoch: 137; Loss: 1.38 | Acc: 80.4 @1 98.9 @5 ; threshold 0.140
Train, epoch: 138; Loss: 0.30 | Acc: 92.6 ; threshold 0.140
Test, epoch: 138; Loss: 1.43 | Acc: 79.7 @1 98.9 @5 ; threshold 0.140
Train, epoch: 139; Loss: 0.30 | Acc: 92.7 ; threshold 0.140
Test, epoch: 139; Loss: 1.32 | Acc: 79.8 @1 98.8 @5 ; threshold 0.140
Train, epoch: 140; Loss: 0.28 | Acc: 92.9 ; threshold 0.140
Test, epoch: 140; Loss: 1.56 | Acc: 78.2 @1 98.9 @5 ; threshold 0.140
Train, epoch: 141; Loss: 0.33 | Acc: 92.2 ; threshold 0.140
Test, epoch: 141; Loss: 1.49 | Acc: 78.3 @1 98.6 @5 ; threshold 0.140
Train, epoch: 142; Loss: 0.27 | Acc: 93.1 ; threshold 0.140
Test, epoch: 142; Loss: 1.59 | Acc: 78.6 @1 98.7 @5 ; threshold 0.140
Train, epoch: 143; Loss: 0.32 | Acc: 92.3 ; threshold 0.140
Test, epoch: 143; Loss: 1.45 | Acc: 79.4 @1 98.7 @5 ; threshold 0.140
Train, epoch: 144; Loss: 0.29 | Acc: 93.1 ; threshold 0.140
Test, epoch: 144; Loss: 1.56 | Acc: 79.0 @1 98.9 @5 ; threshold 0.140
Train, epoch: 145; Loss: 0.29 | Acc: 92.7 ; threshold 0.140
Test, epoch: 145; Loss: 1.42 | Acc: 80.2 @1 98.9 @5 ; threshold 0.140
Train, epoch: 146; Loss: 0.31 | Acc: 92.6 ; threshold 0.140
Test, epoch: 146; Loss: 1.73 | Acc: 78.1 @1 98.6 @5 ; threshold 0.140
Train, epoch: 147; Loss: 0.30 | Acc: 92.8 ; threshold 0.140
Test, epoch: 147; Loss: 1.46 | Acc: 79.0 @1 98.9 @5 ; threshold 0.140
Train, epoch: 148; Loss: 0.31 | Acc: 92.7 ; threshold 0.140
Test, epoch: 148; Loss: 1.41 | Acc: 79.8 @1 99.0 @5 ; threshold 0.140
Train, epoch: 149; Loss: 0.31 | Acc: 92.6 ; threshold 0.140
Test, epoch: 149; Loss: 1.51 | Acc: 79.5 @1 98.7 @5 ; threshold 0.140
Train, epoch: 150; Loss: 0.29 | Acc: 93.0 ; threshold 0.140
Test, epoch: 150; Loss: 1.46 | Acc: 79.8 @1 98.8 @5 ; threshold 0.140
Train, epoch: 151; Loss: 0.26 | Acc: 93.4 ; threshold 0.140
Test, epoch: 151; Loss: 1.62 | Acc: 78.4 @1 98.7 @5 ; threshold 0.140
Train, epoch: 152; Loss: 0.30 | Acc: 92.9 ; threshold 0.140
Test, epoch: 152; Loss: 1.49 | Acc: 80.2 @1 98.9 @5 ; threshold 0.140
Train, epoch: 153; Loss: 0.27 | Acc: 93.6 ; threshold 0.140
Test, epoch: 153; Loss: 1.44 | Acc: 80.6 @1 99.0 @5 ; threshold 0.140
Train, epoch: 154; Loss: 0.28 | Acc: 93.2 ; threshold 0.140
Test, epoch: 154; Loss: 1.68 | Acc: 79.1 @1 98.6 @5 ; threshold 0.140
Train, epoch: 155; Loss: 0.31 | Acc: 92.8 ; threshold 0.140
Test, epoch: 155; Loss: 1.54 | Acc: 79.6 @1 98.9 @5 ; threshold 0.140
Train, epoch: 156; Loss: 0.28 | Acc: 93.3 ; threshold 0.140
Test, epoch: 156; Loss: 1.58 | Acc: 78.8 @1 98.9 @5 ; threshold 0.140
Train, epoch: 157; Loss: 0.28 | Acc: 93.3 ; threshold 0.140
Test, epoch: 157; Loss: 1.78 | Acc: 77.7 @1 98.5 @5 ; threshold 0.140
Train, epoch: 158; Loss: 0.29 | Acc: 93.1 ; threshold 0.140
Test, epoch: 158; Loss: 1.53 | Acc: 80.5 @1 98.9 @5 ; threshold 0.140
Train, epoch: 159; Loss: 0.30 | Acc: 92.9 ; threshold 0.140
Test, epoch: 159; Loss: 1.57 | Acc: 79.7 @1 98.9 @5 ; threshold 0.140
Train, epoch: 160; Loss: 0.29 | Acc: 93.2 ; threshold 0.140
Test, epoch: 160; Loss: 1.40 | Acc: 80.8 @1 98.9 @5 ; threshold 0.140
Train, epoch: 161; Loss: 0.25 | Acc: 94.0 ; threshold 0.140
Test, epoch: 161; Loss: 1.53 | Acc: 80.3 @1 98.8 @5 ; threshold 0.140
Train, epoch: 162; Loss: 0.31 | Acc: 93.0 ; threshold 0.140
Test, epoch: 162; Loss: 1.50 | Acc: 80.7 @1 99.0 @5 ; threshold 0.140
Train, epoch: 163; Loss: 0.30 | Acc: 93.2 ; threshold 0.140
Test, epoch: 163; Loss: 1.56 | Acc: 79.5 @1 98.8 @5 ; threshold 0.140
Train, epoch: 164; Loss: 0.26 | Acc: 93.9 ; threshold 0.140
Test, epoch: 164; Loss: 1.61 | Acc: 79.3 @1 98.9 @5 ; threshold 0.140
Train, epoch: 165; Loss: 0.26 | Acc: 93.8 ; threshold 0.140
Test, epoch: 165; Loss: 1.65 | Acc: 79.5 @1 98.8 @5 ; threshold 0.140
Train, epoch: 166; Loss: 0.25 | Acc: 94.1 ; threshold 0.140
Test, epoch: 166; Loss: 1.65 | Acc: 79.9 @1 98.8 @5 ; threshold 0.140
Train, epoch: 167; Loss: 0.29 | Acc: 93.3 ; threshold 0.140
Test, epoch: 167; Loss: 1.52 | Acc: 80.2 @1 98.7 @5 ; threshold 0.140
Train, epoch: 168; Loss: 0.28 | Acc: 93.3 ; threshold 0.140
Test, epoch: 168; Loss: 1.56 | Acc: 79.8 @1 98.9 @5 ; threshold 0.140
Train, epoch: 169; Loss: 0.26 | Acc: 94.0 ; threshold 0.140
Test, epoch: 169; Loss: 1.69 | Acc: 80.3 @1 98.8 @5 ; threshold 0.140
Train, epoch: 170; Loss: 0.31 | Acc: 93.1 ; threshold 0.140
Test, epoch: 170; Loss: 1.67 | Acc: 79.1 @1 98.7 @5 ; threshold 0.140
Train, epoch: 171; Loss: 0.28 | Acc: 93.6 ; threshold 0.140
Test, epoch: 171; Loss: 1.55 | Acc: 80.2 @1 98.9 @5 ; threshold 0.140
Train, epoch: 172; Loss: 0.25 | Acc: 94.0 ; threshold 0.140
Test, epoch: 172; Loss: 1.52 | Acc: 81.0 @1 98.8 @5 ; threshold 0.140
Best acc (81.03).
Train, epoch: 173; Loss: 0.28 | Acc: 93.5 ; threshold 0.140
Test, epoch: 173; Loss: 1.54 | Acc: 80.6 @1 99.0 @5 ; threshold 0.140
Train, epoch: 174; Loss: 0.26 | Acc: 93.8 ; threshold 0.140
Test, epoch: 174; Loss: 1.65 | Acc: 79.8 @1 98.6 @5 ; threshold 0.140
Train, epoch: 175; Loss: 0.29 | Acc: 93.5 ; threshold 0.140
Test, epoch: 175; Loss: 1.74 | Acc: 78.9 @1 98.7 @5 ; threshold 0.140
Train, epoch: 176; Loss: 0.28 | Acc: 93.8 ; threshold 0.140
Test, epoch: 176; Loss: 1.72 | Acc: 79.8 @1 99.1 @5 ; threshold 0.140
Train, epoch: 177; Loss: 0.24 | Acc: 94.3 ; threshold 0.140
Test, epoch: 177; Loss: 1.67 | Acc: 79.4 @1 98.9 @5 ; threshold 0.140
Train, epoch: 178; Loss: 0.27 | Acc: 93.7 ; threshold 0.140
Test, epoch: 178; Loss: 1.49 | Acc: 81.5 @1 98.9 @5 ; threshold 0.140
Best acc (81.51).
Train, epoch: 179; Loss: 0.29 | Acc: 93.6 ; threshold 0.140
Test, epoch: 179; Loss: 1.69 | Acc: 79.8 @1 98.7 @5 ; threshold 0.140
Train, epoch: 180; Loss: 0.29 | Acc: 93.7 ; threshold 0.140
Test, epoch: 180; Loss: 1.70 | Acc: 80.3 @1 98.8 @5 ; threshold 0.140
Train, epoch: 181; Loss: 0.27 | Acc: 94.0 ; threshold 0.140
Test, epoch: 181; Loss: 1.71 | Acc: 80.4 @1 98.9 @5 ; threshold 0.140
Train, epoch: 182; Loss: 0.25 | Acc: 94.3 ; threshold 0.140
Test, epoch: 182; Loss: 1.69 | Acc: 80.3 @1 98.8 @5 ; threshold 0.140
Train, epoch: 183; Loss: 0.27 | Acc: 93.9 ; threshold 0.140
Test, epoch: 183; Loss: 1.66 | Acc: 80.0 @1 98.9 @5 ; threshold 0.140
Train, epoch: 184; Loss: 0.29 | Acc: 93.8 ; threshold 0.140
Test, epoch: 184; Loss: 1.71 | Acc: 80.5 @1 98.8 @5 ; threshold 0.140
Train, epoch: 185; Loss: 0.26 | Acc: 94.1 ; threshold 0.140
Test, epoch: 185; Loss: 1.52 | Acc: 81.6 @1 99.0 @5 ; threshold 0.140
Best acc (81.6).
Train, epoch: 186; Loss: 0.28 | Acc: 93.8 ; threshold 0.140
Test, epoch: 186; Loss: 1.70 | Acc: 79.4 @1 98.7 @5 ; threshold 0.140
Train, epoch: 187; Loss: 0.29 | Acc: 93.7 ; threshold 0.140
Test, epoch: 187; Loss: 2.03 | Acc: 76.8 @1 98.7 @5 ; threshold 0.140
Train, epoch: 188; Loss: 0.27 | Acc: 93.9 ; threshold 0.140
Test, epoch: 188; Loss: 1.68 | Acc: 80.0 @1 98.8 @5 ; threshold 0.140
Train, epoch: 189; Loss: 0.25 | Acc: 94.4 ; threshold 0.140
Test, epoch: 189; Loss: 1.57 | Acc: 80.6 @1 99.0 @5 ; threshold 0.140
Train, epoch: 190; Loss: 0.28 | Acc: 93.8 ; threshold 0.140
Test, epoch: 190; Loss: 1.84 | Acc: 79.5 @1 98.9 @5 ; threshold 0.140
Train, epoch: 191; Loss: 0.28 | Acc: 94.1 ; threshold 0.140
Test, epoch: 191; Loss: 1.58 | Acc: 80.5 @1 99.0 @5 ; threshold 0.140
Train, epoch: 192; Loss: 0.25 | Acc: 94.4 ; threshold 0.140
Test, epoch: 192; Loss: 1.80 | Acc: 80.6 @1 98.8 @5 ; threshold 0.140
Train, epoch: 193; Loss: 0.25 | Acc: 94.5 ; threshold 0.140
Test, epoch: 193; Loss: 1.69 | Acc: 80.2 @1 98.9 @5 ; threshold 0.140
Train, epoch: 194; Loss: 0.26 | Acc: 94.2 ; threshold 0.140
Test, epoch: 194; Loss: 1.94 | Acc: 78.9 @1 98.7 @5 ; threshold 0.140
Train, epoch: 195; Loss: 0.30 | Acc: 93.7 ; threshold 0.140
Test, epoch: 195; Loss: 1.98 | Acc: 78.2 @1 98.8 @5 ; threshold 0.140
Train, epoch: 196; Loss: 0.25 | Acc: 94.5 ; threshold 0.140
Test, epoch: 196; Loss: 1.67 | Acc: 80.4 @1 98.7 @5 ; threshold 0.140
Train, epoch: 197; Loss: 0.26 | Acc: 94.1 ; threshold 0.140
Test, epoch: 197; Loss: 1.79 | Acc: 80.1 @1 98.8 @5 ; threshold 0.140
Train, epoch: 198; Loss: 0.26 | Acc: 94.4 ; threshold 0.140
Test, epoch: 198; Loss: 1.68 | Acc: 81.2 @1 98.8 @5 ; threshold 0.140
Train, epoch: 199; Loss: 0.32 | Acc: 93.6 ; threshold 0.140
Test, epoch: 199; Loss: 1.78 | Acc: 80.2 @1 98.9 @5 ; threshold 0.140
Train, epoch: 200; Loss: 0.23 | Acc: 94.8 ; threshold 0.140
Test, epoch: 200; Loss: 1.78 | Acc: 79.6 @1 98.7 @5 ; threshold 0.140
Train, epoch: 201; Loss: 0.26 | Acc: 94.5 ; threshold 0.140
Test, epoch: 201; Loss: 1.67 | Acc: 80.9 @1 99.0 @5 ; threshold 0.140
Train, epoch: 202; Loss: 0.27 | Acc: 94.3 ; threshold 0.140
Test, epoch: 202; Loss: 1.97 | Acc: 79.3 @1 98.8 @5 ; threshold 0.140
Train, epoch: 203; Loss: 0.25 | Acc: 94.5 ; threshold 0.140
Test, epoch: 203; Loss: 1.73 | Acc: 80.4 @1 98.9 @5 ; threshold 0.140
Train, epoch: 204; Loss: 0.24 | Acc: 94.9 ; threshold 0.140
Test, epoch: 204; Loss: 1.87 | Acc: 79.9 @1 98.9 @5 ; threshold 0.140
Train, epoch: 205; Loss: 0.28 | Acc: 94.1 ; threshold 0.140
Test, epoch: 205; Loss: 2.26 | Acc: 77.5 @1 98.5 @5 ; threshold 0.140
Train, epoch: 206; Loss: 0.31 | Acc: 93.6 ; threshold 0.140
Test, epoch: 206; Loss: 1.88 | Acc: 79.9 @1 98.6 @5 ; threshold 0.140
Train, epoch: 207; Loss: 0.26 | Acc: 94.5 ; threshold 0.140
Test, epoch: 207; Loss: 2.01 | Acc: 78.8 @1 98.6 @5 ; threshold 0.140
Train, epoch: 208; Loss: 0.24 | Acc: 94.9 ; threshold 0.140
Test, epoch: 208; Loss: 1.75 | Acc: 80.6 @1 99.1 @5 ; threshold 0.140
Train, epoch: 209; Loss: 0.25 | Acc: 94.8 ; threshold 0.140
Test, epoch: 209; Loss: 1.71 | Acc: 80.9 @1 98.9 @5 ; threshold 0.140
Train, epoch: 210; Loss: 0.24 | Acc: 94.8 ; threshold 0.140
Test, epoch: 210; Loss: 1.87 | Acc: 80.3 @1 98.7 @5 ; threshold 0.140
Train, epoch: 211; Loss: 0.30 | Acc: 94.1 ; threshold 0.140
Test, epoch: 211; Loss: 1.92 | Acc: 79.8 @1 98.7 @5 ; threshold 0.140
Train, epoch: 212; Loss: 0.26 | Acc: 94.5 ; threshold 0.140
Test, epoch: 212; Loss: 1.81 | Acc: 80.0 @1 98.8 @5 ; threshold 0.140
Train, epoch: 213; Loss: 0.26 | Acc: 94.5 ; threshold 0.140
Test, epoch: 213; Loss: 2.04 | Acc: 79.7 @1 98.7 @5 ; threshold 0.140
Train, epoch: 214; Loss: 0.28 | Acc: 94.2 ; threshold 0.140
Test, epoch: 214; Loss: 1.78 | Acc: 80.3 @1 98.9 @5 ; threshold 0.140
Train, epoch: 215; Loss: 0.27 | Acc: 94.4 ; threshold 0.140
Test, epoch: 215; Loss: 1.94 | Acc: 79.9 @1 98.8 @5 ; threshold 0.140
Train, epoch: 216; Loss: 0.22 | Acc: 95.2 ; threshold 0.140
Test, epoch: 216; Loss: 1.69 | Acc: 81.5 @1 99.0 @5 ; threshold 0.140
Train, epoch: 217; Loss: 0.23 | Acc: 95.2 ; threshold 0.140
Test, epoch: 217; Loss: 1.82 | Acc: 80.5 @1 98.9 @5 ; threshold 0.140
Train, epoch: 218; Loss: 0.26 | Acc: 94.6 ; threshold 0.140
Test, epoch: 218; Loss: 1.92 | Acc: 79.9 @1 98.8 @5 ; threshold 0.140
Train, epoch: 219; Loss: 0.29 | Acc: 94.2 ; threshold 0.140
Test, epoch: 219; Loss: 1.89 | Acc: 80.3 @1 98.7 @5 ; threshold 0.140
Train, epoch: 220; Loss: 0.27 | Acc: 94.6 ; threshold 0.140
Test, epoch: 220; Loss: 1.91 | Acc: 79.8 @1 98.7 @5 ; threshold 0.140
Train, epoch: 221; Loss: 0.25 | Acc: 94.9 ; threshold 0.140
Test, epoch: 221; Loss: 1.97 | Acc: 79.5 @1 98.7 @5 ; threshold 0.140
Train, epoch: 222; Loss: 0.26 | Acc: 94.8 ; threshold 0.140
Test, epoch: 222; Loss: 1.90 | Acc: 80.0 @1 99.0 @5 ; threshold 0.140
Train, epoch: 223; Loss: 0.26 | Acc: 94.6 ; threshold 0.140
Test, epoch: 223; Loss: 1.95 | Acc: 80.9 @1 98.8 @5 ; threshold 0.140
Train, epoch: 224; Loss: 0.23 | Acc: 95.1 ; threshold 0.140
Test, epoch: 224; Loss: 1.80 | Acc: 80.6 @1 98.9 @5 ; threshold 0.140
Train, epoch: 225; Loss: 0.24 | Acc: 95.0 ; threshold 0.140
Test, epoch: 225; Loss: 1.90 | Acc: 80.1 @1 98.8 @5 ; threshold 0.140
Train, epoch: 226; Loss: 0.30 | Acc: 94.3 ; threshold 0.140
Test, epoch: 226; Loss: 2.01 | Acc: 79.8 @1 98.7 @5 ; threshold 0.140
Train, epoch: 227; Loss: 0.28 | Acc: 94.4 ; threshold 0.140
Test, epoch: 227; Loss: 1.77 | Acc: 81.6 @1 99.0 @5 ; threshold 0.140
Train, epoch: 228; Loss: 0.23 | Acc: 95.1 ; threshold 0.140
Test, epoch: 228; Loss: 1.83 | Acc: 81.0 @1 98.8 @5 ; threshold 0.140
Train, epoch: 229; Loss: 0.26 | Acc: 94.8 ; threshold 0.140
Test, epoch: 229; Loss: 1.85 | Acc: 80.8 @1 99.0 @5 ; threshold 0.140
Train, epoch: 230; Loss: 0.25 | Acc: 94.9 ; threshold 0.140
Test, epoch: 230; Loss: 1.94 | Acc: 80.6 @1 98.9 @5 ; threshold 0.140
Train, epoch: 231; Loss: 0.28 | Acc: 94.4 ; threshold 0.140
Test, epoch: 231; Loss: 2.16 | Acc: 79.0 @1 98.8 @5 ; threshold 0.140
Train, epoch: 232; Loss: 0.26 | Acc: 94.8 ; threshold 0.140
Test, epoch: 232; Loss: 2.04 | Acc: 80.1 @1 98.8 @5 ; threshold 0.140
Train, epoch: 233; Loss: 0.24 | Acc: 95.1 ; threshold 0.140
Test, epoch: 233; Loss: 2.19 | Acc: 79.2 @1 98.8 @5 ; threshold 0.140
Train, epoch: 234; Loss: 0.26 | Acc: 95.0 ; threshold 0.140
Test, epoch: 234; Loss: 2.10 | Acc: 79.3 @1 98.8 @5 ; threshold 0.140
Train, epoch: 235; Loss: 0.29 | Acc: 94.5 ; threshold 0.140
Test, epoch: 235; Loss: 1.94 | Acc: 80.3 @1 99.0 @5 ; threshold 0.140
Train, epoch: 236; Loss: 0.25 | Acc: 94.9 ; threshold 0.140
Test, epoch: 236; Loss: 2.05 | Acc: 79.6 @1 98.9 @5 ; threshold 0.140
Train, epoch: 237; Loss: 0.22 | Acc: 95.4 ; threshold 0.140
Test, epoch: 237; Loss: 1.85 | Acc: 81.4 @1 98.8 @5 ; threshold 0.140
Train, epoch: 238; Loss: 0.22 | Acc: 95.6 ; threshold 0.140
Test, epoch: 238; Loss: 2.19 | Acc: 79.7 @1 98.7 @5 ; threshold 0.140
Train, epoch: 239; Loss: 0.28 | Acc: 94.7 ; threshold 0.140
Test, epoch: 239; Loss: 2.01 | Acc: 80.2 @1 98.8 @5 ; threshold 0.140
Train, epoch: 240; Loss: 0.26 | Acc: 94.8 ; threshold 0.140
Test, epoch: 240; Loss: 2.13 | Acc: 79.8 @1 98.9 @5 ; threshold 0.140
Train, epoch: 241; Loss: 0.28 | Acc: 94.7 ; threshold 0.140
Test, epoch: 241; Loss: 2.29 | Acc: 78.8 @1 98.9 @5 ; threshold 0.140
Train, epoch: 242; Loss: 0.27 | Acc: 94.9 ; threshold 0.140
Test, epoch: 242; Loss: 2.06 | Acc: 79.8 @1 98.8 @5 ; threshold 0.140
Train, epoch: 243; Loss: 0.23 | Acc: 95.3 ; threshold 0.140
Test, epoch: 243; Loss: 1.94 | Acc: 80.8 @1 98.9 @5 ; threshold 0.140
Train, epoch: 244; Loss: 0.26 | Acc: 95.0 ; threshold 0.140
Test, epoch: 244; Loss: 2.11 | Acc: 80.2 @1 98.8 @5 ; threshold 0.140
Train, epoch: 245; Loss: 0.26 | Acc: 95.0 ; threshold 0.140
Test, epoch: 245; Loss: 2.07 | Acc: 80.2 @1 99.0 @5 ; threshold 0.140
Train, epoch: 246; Loss: 0.24 | Acc: 95.3 ; threshold 0.140
Test, epoch: 246; Loss: 2.11 | Acc: 79.7 @1 98.9 @5 ; threshold 0.140
Train, epoch: 247; Loss: 0.25 | Acc: 95.0 ; threshold 0.140
Test, epoch: 247; Loss: 2.02 | Acc: 80.7 @1 98.8 @5 ; threshold 0.140
Train, epoch: 248; Loss: 0.25 | Acc: 95.2 ; threshold 0.140
Test, epoch: 248; Loss: 2.09 | Acc: 79.8 @1 98.9 @5 ; threshold 0.140
Train, epoch: 249; Loss: 0.24 | Acc: 95.4 ; threshold 0.140
Test, epoch: 249; Loss: 1.97 | Acc: 80.5 @1 99.0 @5 ; threshold 0.140
Train, epoch: 250; Loss: 0.27 | Acc: 94.7 ; threshold 0.140
Test, epoch: 250; Loss: 2.01 | Acc: 81.1 @1 99.0 @5 ; threshold 0.140
Train, epoch: 251; Loss: 0.22 | Acc: 95.4 ; threshold 0.140
Test, epoch: 251; Loss: 2.00 | Acc: 80.4 @1 98.8 @5 ; threshold 0.140
Train, epoch: 252; Loss: 0.27 | Acc: 95.0 ; threshold 0.140
Test, epoch: 252; Loss: 1.98 | Acc: 81.0 @1 98.9 @5 ; threshold 0.140
Train, epoch: 253; Loss: 0.25 | Acc: 95.3 ; threshold 0.140
Test, epoch: 253; Loss: 2.16 | Acc: 79.8 @1 98.7 @5 ; threshold 0.140
Train, epoch: 254; Loss: 0.22 | Acc: 95.6 ; threshold 0.140
Test, epoch: 254; Loss: 2.05 | Acc: 80.5 @1 98.8 @5 ; threshold 0.140
Train, epoch: 255; Loss: 0.29 | Acc: 94.7 ; threshold 0.140
Test, epoch: 255; Loss: 2.21 | Acc: 80.2 @1 98.9 @5 ; threshold 0.140
Train, epoch: 256; Loss: 0.27 | Acc: 94.9 ; threshold 0.140
Test, epoch: 256; Loss: 2.29 | Acc: 79.6 @1 99.1 @5 ; threshold 0.140
Train, epoch: 257; Loss: 0.21 | Acc: 95.8 ; threshold 0.140
Test, epoch: 257; Loss: 2.15 | Acc: 80.5 @1 98.8 @5 ; threshold 0.140
Train, epoch: 258; Loss: 0.21 | Acc: 95.9 ; threshold 0.140
Test, epoch: 258; Loss: 2.05 | Acc: 80.6 @1 99.0 @5 ; threshold 0.140
Train, epoch: 259; Loss: 0.27 | Acc: 95.0 ; threshold 0.140
Test, epoch: 259; Loss: 2.27 | Acc: 79.6 @1 98.6 @5 ; threshold 0.140
Train, epoch: 260; Loss: 0.26 | Acc: 95.2 ; threshold 0.140
Test, epoch: 260; Loss: 2.29 | Acc: 80.1 @1 98.8 @5 ; threshold 0.140
Train, epoch: 261; Loss: 0.24 | Acc: 95.5 ; threshold 0.140
Test, epoch: 261; Loss: 2.04 | Acc: 80.5 @1 98.9 @5 ; threshold 0.140
Train, epoch: 262; Loss: 0.25 | Acc: 95.4 ; threshold 0.140
Test, epoch: 262; Loss: 2.33 | Acc: 79.9 @1 98.7 @5 ; threshold 0.140
Train, epoch: 263; Loss: 0.25 | Acc: 95.3 ; threshold 0.140
Test, epoch: 263; Loss: 2.16 | Acc: 80.5 @1 99.0 @5 ; threshold 0.140
Train, epoch: 264; Loss: 0.26 | Acc: 95.2 ; threshold 0.140
Test, epoch: 264; Loss: 2.15 | Acc: 80.6 @1 98.9 @5 ; threshold 0.140
Train, epoch: 265; Loss: 0.23 | Acc: 95.6 ; threshold 0.140
Test, epoch: 265; Loss: 2.22 | Acc: 80.3 @1 98.9 @5 ; threshold 0.140
Train, epoch: 266; Loss: 0.25 | Acc: 95.3 ; threshold 0.140
Test, epoch: 266; Loss: 2.29 | Acc: 80.6 @1 98.8 @5 ; threshold 0.140
Train, epoch: 267; Loss: 0.26 | Acc: 95.3 ; threshold 0.140
Test, epoch: 267; Loss: 2.07 | Acc: 81.2 @1 98.9 @5 ; threshold 0.140
Train, epoch: 268; Loss: 0.23 | Acc: 95.6 ; threshold 0.140
Test, epoch: 268; Loss: 2.14 | Acc: 80.3 @1 98.9 @5 ; threshold 0.140
Train, epoch: 269; Loss: 0.26 | Acc: 95.1 ; threshold 0.140
Test, epoch: 269; Loss: 2.44 | Acc: 79.3 @1 98.6 @5 ; threshold 0.140
Train, epoch: 270; Loss: 0.26 | Acc: 95.1 ; threshold 0.140
Test, epoch: 270; Loss: 2.20 | Acc: 80.6 @1 98.9 @5 ; threshold 0.140
Train, epoch: 271; Loss: 0.20 | Acc: 96.2 ; threshold 0.140
Test, epoch: 271; Loss: 2.30 | Acc: 80.3 @1 98.7 @5 ; threshold 0.140
Train, epoch: 272; Loss: 0.27 | Acc: 95.3 ; threshold 0.140
Test, epoch: 272; Loss: 2.13 | Acc: 80.8 @1 98.9 @5 ; threshold 0.140
Train, epoch: 273; Loss: 0.24 | Acc: 95.5 ; threshold 0.140
Test, epoch: 273; Loss: 2.28 | Acc: 79.9 @1 98.7 @5 ; threshold 0.140
Train, epoch: 274; Loss: 0.26 | Acc: 95.2 ; threshold 0.140
Test, epoch: 274; Loss: 2.19 | Acc: 81.1 @1 98.7 @5 ; threshold 0.140
Train, epoch: 275; Loss: 0.24 | Acc: 95.5 ; threshold 0.140
Test, epoch: 275; Loss: 2.32 | Acc: 79.5 @1 98.9 @5 ; threshold 0.140
Train, epoch: 276; Loss: 0.28 | Acc: 95.1 ; threshold 0.140
Test, epoch: 276; Loss: 2.25 | Acc: 79.9 @1 98.8 @5 ; threshold 0.140
Train, epoch: 277; Loss: 0.23 | Acc: 95.6 ; threshold 0.140
Test, epoch: 277; Loss: 2.22 | Acc: 80.9 @1 98.8 @5 ; threshold 0.140
Train, epoch: 278; Loss: 0.23 | Acc: 95.6 ; threshold 0.140
Test, epoch: 278; Loss: 2.37 | Acc: 79.9 @1 98.8 @5 ; threshold 0.140
Train, epoch: 279; Loss: 0.23 | Acc: 95.8 ; threshold 0.140
Test, epoch: 279; Loss: 2.33 | Acc: 79.9 @1 99.0 @5 ; threshold 0.140
Train, epoch: 280; Loss: 0.24 | Acc: 95.7 ; threshold 0.140
Test, epoch: 280; Loss: 2.18 | Acc: 81.1 @1 98.8 @5 ; threshold 0.140
Train, epoch: 281; Loss: 0.24 | Acc: 95.7 ; threshold 0.140
Test, epoch: 281; Loss: 2.30 | Acc: 80.1 @1 98.8 @5 ; threshold 0.140
Train, epoch: 282; Loss: 0.27 | Acc: 95.2 ; threshold 0.140
Test, epoch: 282; Loss: 2.09 | Acc: 81.6 @1 99.0 @5 ; threshold 0.140
Train, epoch: 283; Loss: 0.23 | Acc: 95.8 ; threshold 0.140
Test, epoch: 283; Loss: 2.33 | Acc: 79.4 @1 98.9 @5 ; threshold 0.140
Train, epoch: 284; Loss: 0.24 | Acc: 95.6 ; threshold 0.140
Test, epoch: 284; Loss: 2.54 | Acc: 79.0 @1 98.7 @5 ; threshold 0.140
Train, epoch: 285; Loss: 0.25 | Acc: 95.4 ; threshold 0.140
Test, epoch: 285; Loss: 2.41 | Acc: 80.2 @1 98.8 @5 ; threshold 0.140
Train, epoch: 286; Loss: 0.24 | Acc: 95.7 ; threshold 0.140
Test, epoch: 286; Loss: 2.34 | Acc: 80.2 @1 98.9 @5 ; threshold 0.140
Train, epoch: 287; Loss: 0.22 | Acc: 95.9 ; threshold 0.140
Test, epoch: 287; Loss: 2.44 | Acc: 80.0 @1 98.9 @5 ; threshold 0.140
Train, epoch: 288; Loss: 0.27 | Acc: 95.3 ; threshold 0.140
Test, epoch: 288; Loss: 2.45 | Acc: 80.6 @1 98.8 @5 ; threshold 0.140
Train, epoch: 289; Loss: 0.26 | Acc: 95.4 ; threshold 0.140
Test, epoch: 289; Loss: 2.33 | Acc: 80.3 @1 98.9 @5 ; threshold 0.140
Train, epoch: 290; Loss: 0.21 | Acc: 96.1 ; threshold 0.140
Test, epoch: 290; Loss: 2.30 | Acc: 80.8 @1 98.9 @5 ; threshold 0.140
Train, epoch: 291; Loss: 0.24 | Acc: 95.7 ; threshold 0.140
Test, epoch: 291; Loss: 2.49 | Acc: 79.6 @1 98.8 @5 ; threshold 0.140
Train, epoch: 292; Loss: 0.28 | Acc: 95.3 ; threshold 0.140
Test, epoch: 292; Loss: 2.41 | Acc: 80.4 @1 98.8 @5 ; threshold 0.140
Train, epoch: 293; Loss: 0.22 | Acc: 96.0 ; threshold 0.140
Test, epoch: 293; Loss: 2.17 | Acc: 81.6 @1 98.7 @5 ; threshold 0.140
Train, epoch: 294; Loss: 0.20 | Acc: 96.3 ; threshold 0.140
Test, epoch: 294; Loss: 2.37 | Acc: 80.3 @1 98.7 @5 ; threshold 0.140
Train, epoch: 295; Loss: 0.27 | Acc: 95.4 ; threshold 0.140
Test, epoch: 295; Loss: 2.32 | Acc: 80.4 @1 98.9 @5 ; threshold 0.140
Train, epoch: 296; Loss: 0.23 | Acc: 95.9 ; threshold 0.140
Test, epoch: 296; Loss: 2.56 | Acc: 79.8 @1 98.8 @5 ; threshold 0.140
Train, epoch: 297; Loss: 0.23 | Acc: 95.7 ; threshold 0.140
Test, epoch: 297; Loss: 2.27 | Acc: 80.5 @1 99.0 @5 ; threshold 0.140
Train, epoch: 298; Loss: 0.24 | Acc: 95.8 ; threshold 0.140
Test, epoch: 298; Loss: 2.45 | Acc: 79.8 @1 99.0 @5 ; threshold 0.140
Train, epoch: 299; Loss: 0.23 | Acc: 95.9 ; threshold 0.140
Test, epoch: 299; Loss: 2.39 | Acc: 80.6 @1 98.9 @5 ; threshold 0.140
new lr:1e-05
Train, epoch: 300; Loss: 0.03 | Acc: 99.2 ; threshold 0.140
Test, epoch: 300; Loss: 1.69 | Acc: 84.2 @1 99.2 @5 ; threshold 0.140
Best acc (84.17).
Train, epoch: 301; Loss: 0.02 | Acc: 99.5 ; threshold 0.140
Test, epoch: 301; Loss: 1.62 | Acc: 84.3 @1 99.2 @5 ; threshold 0.140
Best acc (84.31).
Train, epoch: 302; Loss: 0.01 | Acc: 99.6 ; threshold 0.140
Test, epoch: 302; Loss: 1.65 | Acc: 84.4 @1 99.1 @5 ; threshold 0.140
Best acc (84.4).
Train, epoch: 303; Loss: 0.01 | Acc: 99.6 ; threshold 0.140
Test, epoch: 303; Loss: 1.60 | Acc: 84.7 @1 99.2 @5 ; threshold 0.140
Best acc (84.69).
Train, epoch: 304; Loss: 0.01 | Acc: 99.6 ; threshold 0.140
Test, epoch: 304; Loss: 1.64 | Acc: 84.5 @1 99.1 @5 ; threshold 0.140
Train, epoch: 305; Loss: 0.01 | Acc: 99.7 ; threshold 0.140
Test, epoch: 305; Loss: 1.61 | Acc: 84.4 @1 99.1 @5 ; threshold 0.140
Train, epoch: 306; Loss: 0.01 | Acc: 99.7 ; threshold 0.140
Test, epoch: 306; Loss: 1.64 | Acc: 84.2 @1 99.2 @5 ; threshold 0.140
Train, epoch: 307; Loss: 0.01 | Acc: 99.7 ; threshold 0.140
Test, epoch: 307; Loss: 1.61 | Acc: 84.5 @1 99.2 @5 ; threshold 0.140
Train, epoch: 308; Loss: 0.01 | Acc: 99.6 ; threshold 0.140
Test, epoch: 308; Loss: 1.59 | Acc: 84.5 @1 99.2 @5 ; threshold 0.140
Train, epoch: 309; Loss: 0.01 | Acc: 99.7 ; threshold 0.140
Test, epoch: 309; Loss: 1.63 | Acc: 84.0 @1 99.2 @5 ; threshold 0.140
Train, epoch: 310; Loss: 0.01 | Acc: 99.6 ; threshold 0.140
Test, epoch: 310; Loss: 1.57 | Acc: 84.0 @1 99.2 @5 ; threshold 0.140
Train, epoch: 311; Loss: 0.01 | Acc: 99.6 ; threshold 0.140
Test, epoch: 311; Loss: 1.58 | Acc: 84.0 @1 99.2 @5 ; threshold 0.140
Train, epoch: 312; Loss: 0.01 | Acc: 99.8 ; threshold 0.140
Test, epoch: 312; Loss: 1.58 | Acc: 84.4 @1 99.3 @5 ; threshold 0.140
Train, epoch: 313; Loss: 0.01 | Acc: 99.7 ; threshold 0.140
Test, epoch: 313; Loss: 1.61 | Acc: 84.4 @1 99.3 @5 ; threshold 0.140
Train, epoch: 314; Loss: 0.01 | Acc: 99.7 ; threshold 0.140
Test, epoch: 314; Loss: 1.55 | Acc: 84.7 @1 99.3 @5 ; threshold 0.140
Train, epoch: 315; Loss: 0.01 | Acc: 99.7 ; threshold 0.140
Test, epoch: 315; Loss: 1.58 | Acc: 84.2 @1 99.3 @5 ; threshold 0.140
Train, epoch: 316; Loss: 0.01 | Acc: 99.6 ; threshold 0.140
Test, epoch: 316; Loss: 1.54 | Acc: 84.2 @1 99.2 @5 ; threshold 0.140
Train, epoch: 317; Loss: 0.01 | Acc: 99.7 ; threshold 0.140
Test, epoch: 317; Loss: 1.56 | Acc: 84.3 @1 99.3 @5 ; threshold 0.140
Train, epoch: 318; Loss: 0.01 | Acc: 99.7 ; threshold 0.140
Test, epoch: 318; Loss: 1.57 | Acc: 84.5 @1 99.2 @5 ; threshold 0.140
Train, epoch: 319; Loss: 0.01 | Acc: 99.7 ; threshold 0.140
Test, epoch: 319; Loss: 1.54 | Acc: 84.5 @1 99.3 @5 ; threshold 0.140
Train, epoch: 320; Loss: 0.01 | Acc: 99.7 ; threshold 0.140
Test, epoch: 320; Loss: 1.55 | Acc: 84.3 @1 99.2 @5 ; threshold 0.140
Train, epoch: 321; Loss: 0.01 | Acc: 99.7 ; threshold 0.140
Test, epoch: 321; Loss: 1.57 | Acc: 84.3 @1 99.2 @5 ; threshold 0.140
Train, epoch: 322; Loss: 0.01 | Acc: 99.8 ; threshold 0.140
Test, epoch: 322; Loss: 1.54 | Acc: 84.3 @1 99.2 @5 ; threshold 0.140
Train, epoch: 323; Loss: 0.01 | Acc: 99.8 ; threshold 0.140
Test, epoch: 323; Loss: 1.58 | Acc: 84.2 @1 99.2 @5 ; threshold 0.140
Train, epoch: 324; Loss: 0.01 | Acc: 99.7 ; threshold 0.140
Test, epoch: 324; Loss: 1.60 | Acc: 84.0 @1 99.2 @5 ; threshold 0.140
Train, epoch: 325; Loss: 0.01 | Acc: 99.8 ; threshold 0.140
Test, epoch: 325; Loss: 1.57 | Acc: 84.1 @1 99.2 @5 ; threshold 0.140
Train, epoch: 326; Loss: 0.01 | Acc: 99.7 ; threshold 0.140
Test, epoch: 326; Loss: 1.58 | Acc: 84.1 @1 99.2 @5 ; threshold 0.140
Train, epoch: 327; Loss: 0.01 | Acc: 99.8 ; threshold 0.140
Test, epoch: 327; Loss: 1.59 | Acc: 84.0 @1 99.2 @5 ; threshold 0.140
Train, epoch: 328; Loss: 0.01 | Acc: 99.7 ; threshold 0.140
Test, epoch: 328; Loss: 1.55 | Acc: 84.4 @1 99.1 @5 ; threshold 0.140
Train, epoch: 329; Loss: 0.01 | Acc: 99.7 ; threshold 0.140
Test, epoch: 329; Loss: 1.58 | Acc: 84.4 @1 99.2 @5 ; threshold 0.140
Train, epoch: 330; Loss: 0.01 | Acc: 99.7 ; threshold 0.140
Test, epoch: 330; Loss: 1.63 | Acc: 84.2 @1 99.2 @5 ; threshold 0.140
Train, epoch: 331; Loss: 0.01 | Acc: 99.8 ; threshold 0.140
Test, epoch: 331; Loss: 1.55 | Acc: 84.4 @1 99.2 @5 ; threshold 0.140
Train, epoch: 332; Loss: 0.01 | Acc: 99.8 ; threshold 0.140
Test, epoch: 332; Loss: 1.54 | Acc: 84.4 @1 99.2 @5 ; threshold 0.140
Train, epoch: 333; Loss: 0.01 | Acc: 99.8 ; threshold 0.140
Test, epoch: 333; Loss: 1.61 | Acc: 83.8 @1 99.2 @5 ; threshold 0.140
Train, epoch: 334; Loss: 0.01 | Acc: 99.7 ; threshold 0.140
Test, epoch: 334; Loss: 1.51 | Acc: 84.7 @1 99.3 @5 ; threshold 0.140
Best acc (84.72).
Train, epoch: 335; Loss: 0.01 | Acc: 99.8 ; threshold 0.140
Test, epoch: 335; Loss: 1.53 | Acc: 84.6 @1 99.3 @5 ; threshold 0.140
Train, epoch: 336; Loss: 0.01 | Acc: 99.8 ; threshold 0.140
Test, epoch: 336; Loss: 1.54 | Acc: 84.1 @1 99.3 @5 ; threshold 0.140
Train, epoch: 337; Loss: 0.01 | Acc: 99.8 ; threshold 0.140
Test, epoch: 337; Loss: 1.53 | Acc: 84.2 @1 99.2 @5 ; threshold 0.140
Train, epoch: 338; Loss: 0.01 | Acc: 99.7 ; threshold 0.140
Test, epoch: 338; Loss: 1.56 | Acc: 84.2 @1 99.3 @5 ; threshold 0.140
Train, epoch: 339; Loss: 0.01 | Acc: 99.8 ; threshold 0.140
Test, epoch: 339; Loss: 1.52 | Acc: 84.2 @1 99.2 @5 ; threshold 0.140
Train, epoch: 340; Loss: 0.01 | Acc: 99.8 ; threshold 0.140
Test, epoch: 340; Loss: 1.61 | Acc: 83.8 @1 99.2 @5 ; threshold 0.140
Train, epoch: 341; Loss: 0.01 | Acc: 99.7 ; threshold 0.140
Test, epoch: 341; Loss: 1.58 | Acc: 84.0 @1 99.2 @5 ; threshold 0.140
Train, epoch: 342; Loss: 0.01 | Acc: 99.8 ; threshold 0.140
Test, epoch: 342; Loss: 1.56 | Acc: 84.4 @1 99.2 @5 ; threshold 0.140
Train, epoch: 343; Loss: 0.01 | Acc: 99.8 ; threshold 0.140
Test, epoch: 343; Loss: 1.55 | Acc: 84.5 @1 99.3 @5 ; threshold 0.140
Train, epoch: 344; Loss: 0.01 | Acc: 99.8 ; threshold 0.140
Test, epoch: 344; Loss: 1.50 | Acc: 84.5 @1 99.2 @5 ; threshold 0.140
Train, epoch: 345; Loss: 0.01 | Acc: 99.7 ; threshold 0.140
Test, epoch: 345; Loss: 1.54 | Acc: 84.4 @1 99.2 @5 ; threshold 0.140
Train, epoch: 346; Loss: 0.01 | Acc: 99.7 ; threshold 0.140
Test, epoch: 346; Loss: 1.51 | Acc: 84.5 @1 99.2 @5 ; threshold 0.140
Train, epoch: 347; Loss: 0.01 | Acc: 99.8 ; threshold 0.140
Test, epoch: 347; Loss: 1.50 | Acc: 84.6 @1 99.3 @5 ; threshold 0.140
Train, epoch: 348; Loss: 0.01 | Acc: 99.8 ; threshold 0.140
Test, epoch: 348; Loss: 1.50 | Acc: 84.7 @1 99.2 @5 ; threshold 0.140
Train, epoch: 349; Loss: 0.01 | Acc: 99.8 ; threshold 0.140
Test, epoch: 349; Loss: 1.53 | Acc: 84.3 @1 99.2 @5 ; threshold 0.140
Train, epoch: 350; Loss: 0.01 | Acc: 99.7 ; threshold 0.140
Test, epoch: 350; Loss: 1.51 | Acc: 84.5 @1 99.2 @5 ; threshold 0.140
Train, epoch: 351; Loss: 0.01 | Acc: 99.8 ; threshold 0.140
Test, epoch: 351; Loss: 1.53 | Acc: 84.4 @1 99.2 @5 ; threshold 0.140
Train, epoch: 352; Loss: 0.01 | Acc: 99.8 ; threshold 0.140
Test, epoch: 352; Loss: 1.58 | Acc: 84.2 @1 99.2 @5 ; threshold 0.140
Train, epoch: 353; Loss: 0.01 | Acc: 99.7 ; threshold 0.140
Test, epoch: 353; Loss: 1.54 | Acc: 84.3 @1 99.3 @5 ; threshold 0.140
Train, epoch: 354; Loss: 0.01 | Acc: 99.8 ; threshold 0.140
Test, epoch: 354; Loss: 1.53 | Acc: 84.5 @1 99.2 @5 ; threshold 0.140
Train, epoch: 355; Loss: 0.01 | Acc: 99.8 ; threshold 0.140
Test, epoch: 355; Loss: 1.54 | Acc: 84.3 @1 99.2 @5 ; threshold 0.140
Train, epoch: 356; Loss: 0.01 | Acc: 99.8 ; threshold 0.140
Test, epoch: 356; Loss: 1.55 | Acc: 84.2 @1 99.2 @5 ; threshold 0.140
Train, epoch: 357; Loss: 0.01 | Acc: 99.8 ; threshold 0.140
Test, epoch: 357; Loss: 1.57 | Acc: 84.2 @1 99.2 @5 ; threshold 0.140
Train, epoch: 358; Loss: 0.01 | Acc: 99.7 ; threshold 0.140
Test, epoch: 358; Loss: 1.53 | Acc: 84.5 @1 99.3 @5 ; threshold 0.140
Train, epoch: 359; Loss: 0.01 | Acc: 99.8 ; threshold 0.140
Test, epoch: 359; Loss: 1.54 | Acc: 84.5 @1 99.3 @5 ; threshold 0.140
Train, epoch: 360; Loss: 0.01 | Acc: 99.8 ; threshold 0.140
Test, epoch: 360; Loss: 1.49 | Acc: 84.8 @1 99.2 @5 ; threshold 0.140
Best acc (84.77).
Train, epoch: 361; Loss: 0.01 | Acc: 99.8 ; threshold 0.140
Test, epoch: 361; Loss: 1.61 | Acc: 83.8 @1 99.3 @5 ; threshold 0.140
Train, epoch: 362; Loss: 0.01 | Acc: 99.8 ; threshold 0.140
Test, epoch: 362; Loss: 1.52 | Acc: 84.4 @1 99.3 @5 ; threshold 0.140
Train, epoch: 363; Loss: 0.01 | Acc: 99.8 ; threshold 0.140
Test, epoch: 363; Loss: 1.55 | Acc: 84.6 @1 99.3 @5 ; threshold 0.140
Train, epoch: 364; Loss: 0.00 | Acc: 99.8 ; threshold 0.140
Test, epoch: 364; Loss: 1.54 | Acc: 84.5 @1 99.2 @5 ; threshold 0.140
Train, epoch: 365; Loss: 0.01 | Acc: 99.8 ; threshold 0.140
Test, epoch: 365; Loss: 1.57 | Acc: 84.2 @1 99.2 @5 ; threshold 0.140
Train, epoch: 366; Loss: 0.01 | Acc: 99.7 ; threshold 0.140
Test, epoch: 366; Loss: 1.52 | Acc: 84.4 @1 99.2 @5 ; threshold 0.140
Train, epoch: 367; Loss: 0.01 | Acc: 99.8 ; threshold 0.140
Test, epoch: 367; Loss: 1.60 | Acc: 84.1 @1 99.2 @5 ; threshold 0.140
Train, epoch: 368; Loss: 0.01 | Acc: 99.8 ; threshold 0.140
Test, epoch: 368; Loss: 1.52 | Acc: 84.4 @1 99.3 @5 ; threshold 0.140
Train, epoch: 369; Loss: 0.01 | Acc: 99.8 ; threshold 0.140
Test, epoch: 369; Loss: 1.55 | Acc: 84.2 @1 99.3 @5 ; threshold 0.140
Train, epoch: 370; Loss: 0.01 | Acc: 99.8 ; threshold 0.140
Test, epoch: 370; Loss: 1.53 | Acc: 84.5 @1 99.2 @5 ; threshold 0.140
Train, epoch: 371; Loss: 0.00 | Acc: 99.8 ; threshold 0.140
Test, epoch: 371; Loss: 1.49 | Acc: 84.6 @1 99.2 @5 ; threshold 0.140
Train, epoch: 372; Loss: 0.01 | Acc: 99.8 ; threshold 0.140
Test, epoch: 372; Loss: 1.56 | Acc: 84.3 @1 99.3 @5 ; threshold 0.140
Train, epoch: 373; Loss: 0.01 | Acc: 99.8 ; threshold 0.140
Test, epoch: 373; Loss: 1.51 | Acc: 84.8 @1 99.3 @5 ; threshold 0.140
Best acc (84.81).
Train, epoch: 374; Loss: 0.01 | Acc: 99.8 ; threshold 0.140
Test, epoch: 374; Loss: 1.54 | Acc: 84.5 @1 99.2 @5 ; threshold 0.140
Train, epoch: 375; Loss: 0.01 | Acc: 99.8 ; threshold 0.140
Test, epoch: 375; Loss: 1.50 | Acc: 84.5 @1 99.3 @5 ; threshold 0.140
Train, epoch: 376; Loss: 0.01 | Acc: 99.8 ; threshold 0.140
Test, epoch: 376; Loss: 1.56 | Acc: 84.1 @1 99.3 @5 ; threshold 0.140
Train, epoch: 377; Loss: 0.01 | Acc: 99.8 ; threshold 0.140
Test, epoch: 377; Loss: 1.55 | Acc: 84.4 @1 99.3 @5 ; threshold 0.140
Train, epoch: 378; Loss: 0.01 | Acc: 99.8 ; threshold 0.140
Test, epoch: 378; Loss: 1.55 | Acc: 84.3 @1 99.2 @5 ; threshold 0.140
Train, epoch: 379; Loss: 0.01 | Acc: 99.8 ; threshold 0.140
Test, epoch: 379; Loss: 1.54 | Acc: 84.3 @1 99.2 @5 ; threshold 0.140
Train, epoch: 380; Loss: 0.01 | Acc: 99.8 ; threshold 0.140
Test, epoch: 380; Loss: 1.53 | Acc: 84.5 @1 99.3 @5 ; threshold 0.140
Train, epoch: 381; Loss: 0.01 | Acc: 99.8 ; threshold 0.140
Test, epoch: 381; Loss: 1.57 | Acc: 83.9 @1 99.2 @5 ; threshold 0.140
Train, epoch: 382; Loss: 0.01 | Acc: 99.8 ; threshold 0.140
Test, epoch: 382; Loss: 1.49 | Acc: 84.8 @1 99.2 @5 ; threshold 0.140
Train, epoch: 383; Loss: 0.01 | Acc: 99.8 ; threshold 0.140
Test, epoch: 383; Loss: 1.52 | Acc: 84.6 @1 99.2 @5 ; threshold 0.140
Train, epoch: 384; Loss: 0.01 | Acc: 99.8 ; threshold 0.140
Test, epoch: 384; Loss: 1.54 | Acc: 84.1 @1 99.2 @5 ; threshold 0.140
Train, epoch: 385; Loss: 0.01 | Acc: 99.8 ; threshold 0.140
Test, epoch: 385; Loss: 1.54 | Acc: 84.5 @1 99.2 @5 ; threshold 0.140
Train, epoch: 386; Loss: 0.01 | Acc: 99.8 ; threshold 0.140
Test, epoch: 386; Loss: 1.53 | Acc: 84.4 @1 99.3 @5 ; threshold 0.140
Train, epoch: 387; Loss: 0.01 | Acc: 99.8 ; threshold 0.140
Test, epoch: 387; Loss: 1.53 | Acc: 84.4 @1 99.2 @5 ; threshold 0.140
Train, epoch: 388; Loss: 0.01 | Acc: 99.8 ; threshold 0.140
Test, epoch: 388; Loss: 1.49 | Acc: 84.5 @1 99.3 @5 ; threshold 0.140
Train, epoch: 389; Loss: 0.01 | Acc: 99.9 ; threshold 0.140
Test, epoch: 389; Loss: 1.51 | Acc: 84.4 @1 99.3 @5 ; threshold 0.140
Train, epoch: 390; Loss: 0.01 | Acc: 99.8 ; threshold 0.140
Test, epoch: 390; Loss: 1.54 | Acc: 84.5 @1 99.3 @5 ; threshold 0.140
Train, epoch: 391; Loss: 0.01 | Acc: 99.8 ; threshold 0.140
Test, epoch: 391; Loss: 1.50 | Acc: 84.7 @1 99.2 @5 ; threshold 0.140
Train, epoch: 392; Loss: 0.01 | Acc: 99.8 ; threshold 0.140
Test, epoch: 392; Loss: 1.52 | Acc: 84.7 @1 99.2 @5 ; threshold 0.140
Train, epoch: 393; Loss: 0.01 | Acc: 99.8 ; threshold 0.140
Test, epoch: 393; Loss: 1.50 | Acc: 84.5 @1 99.2 @5 ; threshold 0.140
Train, epoch: 394; Loss: 0.01 | Acc: 99.8 ; threshold 0.140
Test, epoch: 394; Loss: 1.51 | Acc: 84.7 @1 99.2 @5 ; threshold 0.140
Train, epoch: 395; Loss: 0.01 | Acc: 99.8 ; threshold 0.140
Test, epoch: 395; Loss: 1.54 | Acc: 84.4 @1 99.2 @5 ; threshold 0.140
Train, epoch: 396; Loss: 0.01 | Acc: 99.8 ; threshold 0.140
Test, epoch: 396; Loss: 1.54 | Acc: 84.5 @1 99.3 @5 ; threshold 0.140
Train, epoch: 397; Loss: 0.01 | Acc: 99.8 ; threshold 0.140
Test, epoch: 397; Loss: 1.54 | Acc: 84.3 @1 99.2 @5 ; threshold 0.140
Train, epoch: 398; Loss: 0.01 | Acc: 99.8 ; threshold 0.140
Test, epoch: 398; Loss: 1.55 | Acc: 84.2 @1 99.3 @5 ; threshold 0.140
Train, epoch: 399; Loss: 0.01 | Acc: 99.8 ; threshold 0.140
Test, epoch: 399; Loss: 1.48 | Acc: 84.8 @1 99.3 @5 ; threshold 0.140
Train, epoch: 400; Loss: 0.01 | Acc: 99.8 ; threshold 0.140
Test, epoch: 400; Loss: 1.58 | Acc: 84.0 @1 99.2 @5 ; threshold 0.140
Train, epoch: 401; Loss: 0.00 | Acc: 99.9 ; threshold 0.140
Test, epoch: 401; Loss: 1.48 | Acc: 84.8 @1 99.3 @5 ; threshold 0.140
Train, epoch: 402; Loss: 0.01 | Acc: 99.8 ; threshold 0.140
Test, epoch: 402; Loss: 1.56 | Acc: 83.8 @1 99.2 @5 ; threshold 0.140
Train, epoch: 403; Loss: 0.00 | Acc: 99.8 ; threshold 0.140
Test, epoch: 403; Loss: 1.48 | Acc: 84.5 @1 99.2 @5 ; threshold 0.140
Train, epoch: 404; Loss: 0.01 | Acc: 99.8 ; threshold 0.140
Test, epoch: 404; Loss: 1.56 | Acc: 84.2 @1 99.2 @5 ; threshold 0.140
Train, epoch: 405; Loss: 0.01 | Acc: 99.8 ; threshold 0.140
Test, epoch: 405; Loss: 1.58 | Acc: 84.2 @1 99.1 @5 ; threshold 0.140
Train, epoch: 406; Loss: 0.01 | Acc: 99.8 ; threshold 0.140
Test, epoch: 406; Loss: 1.62 | Acc: 83.8 @1 99.3 @5 ; threshold 0.140
Train, epoch: 407; Loss: 0.01 | Acc: 99.8 ; threshold 0.140
Test, epoch: 407; Loss: 1.57 | Acc: 84.0 @1 99.3 @5 ; threshold 0.140
Train, epoch: 408; Loss: 0.01 | Acc: 99.8 ; threshold 0.140
Test, epoch: 408; Loss: 1.59 | Acc: 83.8 @1 99.2 @5 ; threshold 0.140
Train, epoch: 409; Loss: 0.01 | Acc: 99.8 ; threshold 0.140
Test, epoch: 409; Loss: 1.54 | Acc: 84.2 @1 99.2 @5 ; threshold 0.140
Train, epoch: 410; Loss: 0.01 | Acc: 99.8 ; threshold 0.140
Test, epoch: 410; Loss: 1.54 | Acc: 84.3 @1 99.2 @5 ; threshold 0.140
Train, epoch: 411; Loss: 0.01 | Acc: 99.8 ; threshold 0.140
Test, epoch: 411; Loss: 1.60 | Acc: 84.0 @1 99.1 @5 ; threshold 0.140
Train, epoch: 412; Loss: 0.01 | Acc: 99.8 ; threshold 0.140
Test, epoch: 412; Loss: 1.57 | Acc: 84.3 @1 99.2 @5 ; threshold 0.140
Train, epoch: 413; Loss: 0.01 | Acc: 99.8 ; threshold 0.140
Test, epoch: 413; Loss: 1.55 | Acc: 84.3 @1 99.2 @5 ; threshold 0.140
Train, epoch: 414; Loss: 0.01 | Acc: 99.8 ; threshold 0.140
Test, epoch: 414; Loss: 1.54 | Acc: 84.0 @1 99.2 @5 ; threshold 0.140
Train, epoch: 415; Loss: 0.01 | Acc: 99.8 ; threshold 0.140
Test, epoch: 415; Loss: 1.59 | Acc: 83.8 @1 99.2 @5 ; threshold 0.140
Train, epoch: 416; Loss: 0.00 | Acc: 99.8 ; threshold 0.140
Test, epoch: 416; Loss: 1.52 | Acc: 84.6 @1 99.2 @5 ; threshold 0.140
Train, epoch: 417; Loss: 0.00 | Acc: 99.9 ; threshold 0.140
Test, epoch: 417; Loss: 1.54 | Acc: 84.4 @1 99.3 @5 ; threshold 0.140
Train, epoch: 418; Loss: 0.01 | Acc: 99.8 ; threshold 0.140
Test, epoch: 418; Loss: 1.59 | Acc: 83.8 @1 99.2 @5 ; threshold 0.140
Train, epoch: 419; Loss: 0.00 | Acc: 99.8 ; threshold 0.140
Test, epoch: 419; Loss: 1.56 | Acc: 84.1 @1 99.2 @5 ; threshold 0.140
Train, epoch: 420; Loss: 0.01 | Acc: 99.8 ; threshold 0.140
Test, epoch: 420; Loss: 1.53 | Acc: 84.3 @1 99.2 @5 ; threshold 0.140
Train, epoch: 421; Loss: 0.01 | Acc: 99.8 ; threshold 0.140
Test, epoch: 421; Loss: 1.55 | Acc: 84.4 @1 99.3 @5 ; threshold 0.140
Train, epoch: 422; Loss: 0.00 | Acc: 99.8 ; threshold 0.140
Test, epoch: 422; Loss: 1.57 | Acc: 84.0 @1 99.3 @5 ; threshold 0.140
Train, epoch: 423; Loss: 0.01 | Acc: 99.8 ; threshold 0.140
Test, epoch: 423; Loss: 1.53 | Acc: 84.3 @1 99.2 @5 ; threshold 0.140
Train, epoch: 424; Loss: 0.01 | Acc: 99.8 ; threshold 0.140
Test, epoch: 424; Loss: 1.57 | Acc: 84.3 @1 99.2 @5 ; threshold 0.140
Train, epoch: 425; Loss: 0.01 | Acc: 99.8 ; threshold 0.140
Test, epoch: 425; Loss: 1.58 | Acc: 84.4 @1 99.2 @5 ; threshold 0.140
Train, epoch: 426; Loss: 0.01 | Acc: 99.8 ; threshold 0.140
Test, epoch: 426; Loss: 1.53 | Acc: 84.5 @1 99.3 @5 ; threshold 0.140
Train, epoch: 427; Loss: 0.01 | Acc: 99.8 ; threshold 0.140
Test, epoch: 427; Loss: 1.52 | Acc: 84.5 @1 99.3 @5 ; threshold 0.140
Train, epoch: 428; Loss: 0.00 | Acc: 99.9 ; threshold 0.140
Test, epoch: 428; Loss: 1.54 | Acc: 84.2 @1 99.3 @5 ; threshold 0.140
Train, epoch: 429; Loss: 0.00 | Acc: 99.8 ; threshold 0.140
Test, epoch: 429; Loss: 1.50 | Acc: 84.3 @1 99.3 @5 ; threshold 0.140
Train, epoch: 430; Loss: 0.01 | Acc: 99.8 ; threshold 0.140
Test, epoch: 430; Loss: 1.51 | Acc: 84.2 @1 99.2 @5 ; threshold 0.140
Train, epoch: 431; Loss: 0.01 | Acc: 99.8 ; threshold 0.140
Test, epoch: 431; Loss: 1.53 | Acc: 84.2 @1 99.3 @5 ; threshold 0.140
Train, epoch: 432; Loss: 0.00 | Acc: 99.9 ; threshold 0.140
Test, epoch: 432; Loss: 1.49 | Acc: 84.4 @1 99.3 @5 ; threshold 0.140
Train, epoch: 433; Loss: 0.01 | Acc: 99.8 ; threshold 0.140
Test, epoch: 433; Loss: 1.58 | Acc: 83.9 @1 99.2 @5 ; threshold 0.140
Train, epoch: 434; Loss: 0.01 | Acc: 99.8 ; threshold 0.140
Test, epoch: 434; Loss: 1.51 | Acc: 84.4 @1 99.2 @5 ; threshold 0.140
Train, epoch: 435; Loss: 0.00 | Acc: 99.9 ; threshold 0.140
Test, epoch: 435; Loss: 1.49 | Acc: 84.5 @1 99.3 @5 ; threshold 0.140
Train, epoch: 436; Loss: 0.00 | Acc: 99.9 ; threshold 0.140
Test, epoch: 436; Loss: 1.49 | Acc: 84.3 @1 99.3 @5 ; threshold 0.140
Train, epoch: 437; Loss: 0.01 | Acc: 99.8 ; threshold 0.140
Test, epoch: 437; Loss: 1.54 | Acc: 84.6 @1 99.2 @5 ; threshold 0.140
Train, epoch: 438; Loss: 0.01 | Acc: 99.8 ; threshold 0.140
Test, epoch: 438; Loss: 1.53 | Acc: 84.3 @1 99.2 @5 ; threshold 0.140
Train, epoch: 439; Loss: 0.01 | Acc: 99.8 ; threshold 0.140
Test, epoch: 439; Loss: 1.56 | Acc: 84.4 @1 99.3 @5 ; threshold 0.140
Train, epoch: 440; Loss: 0.01 | Acc: 99.8 ; threshold 0.140
Test, epoch: 440; Loss: 1.52 | Acc: 84.7 @1 99.2 @5 ; threshold 0.140
Train, epoch: 441; Loss: 0.01 | Acc: 99.8 ; threshold 0.140
Test, epoch: 441; Loss: 1.55 | Acc: 84.6 @1 99.2 @5 ; threshold 0.140
Train, epoch: 442; Loss: 0.00 | Acc: 99.8 ; threshold 0.140
Test, epoch: 442; Loss: 1.52 | Acc: 84.5 @1 99.2 @5 ; threshold 0.140
Train, epoch: 443; Loss: 0.01 | Acc: 99.7 ; threshold 0.140
Test, epoch: 443; Loss: 1.61 | Acc: 84.2 @1 99.1 @5 ; threshold 0.140
Train, epoch: 444; Loss: 0.00 | Acc: 99.9 ; threshold 0.140
Test, epoch: 444; Loss: 1.52 | Acc: 84.4 @1 99.2 @5 ; threshold 0.140
Train, epoch: 445; Loss: 0.01 | Acc: 99.8 ; threshold 0.140
Test, epoch: 445; Loss: 1.52 | Acc: 84.4 @1 99.3 @5 ; threshold 0.140
Train, epoch: 446; Loss: 0.01 | Acc: 99.8 ; threshold 0.140
Test, epoch: 446; Loss: 1.50 | Acc: 84.7 @1 99.2 @5 ; threshold 0.140
Train, epoch: 447; Loss: 0.01 | Acc: 99.8 ; threshold 0.140
Test, epoch: 447; Loss: 1.55 | Acc: 84.2 @1 99.2 @5 ; threshold 0.140
Train, epoch: 448; Loss: 0.00 | Acc: 99.8 ; threshold 0.140
Test, epoch: 448; Loss: 1.50 | Acc: 84.5 @1 99.2 @5 ; threshold 0.140
Train, epoch: 449; Loss: 0.00 | Acc: 99.9 ; threshold 0.140
Test, epoch: 449; Loss: 1.51 | Acc: 84.3 @1 99.2 @5 ; threshold 0.140
new lr:1e-06
Train, epoch: 450; Loss: 0.00 | Acc: 99.9 ; threshold 0.140
Test, epoch: 450; Loss: 1.46 | Acc: 84.6 @1 99.2 @5 ; threshold 0.140
Train, epoch: 451; Loss: 0.00 | Acc: 99.9 ; threshold 0.140
Test, epoch: 451; Loss: 1.46 | Acc: 85.0 @1 99.2 @5 ; threshold 0.140
Best acc (84.99).
Train, epoch: 452; Loss: 0.00 | Acc: 100.0 ; threshold 0.140
Test, epoch: 452; Loss: 1.44 | Acc: 85.0 @1 99.2 @5 ; threshold 0.140
Best acc (85.0).
Train, epoch: 453; Loss: 0.00 | Acc: 100.0 ; threshold 0.140
Test, epoch: 453; Loss: 1.45 | Acc: 85.0 @1 99.2 @5 ; threshold 0.140
Train, epoch: 454; Loss: 0.00 | Acc: 100.0 ; threshold 0.140
Test, epoch: 454; Loss: 1.44 | Acc: 84.9 @1 99.2 @5 ; threshold 0.140
Train, epoch: 455; Loss: 0.00 | Acc: 100.0 ; threshold 0.140
Test, epoch: 455; Loss: 1.44 | Acc: 85.1 @1 99.2 @5 ; threshold 0.140
Best acc (85.1).
Train, epoch: 456; Loss: 0.00 | Acc: 100.0 ; threshold 0.140
Test, epoch: 456; Loss: 1.43 | Acc: 85.0 @1 99.2 @5 ; threshold 0.140
Train, epoch: 457; Loss: 0.00 | Acc: 100.0 ; threshold 0.140
Test, epoch: 457; Loss: 1.44 | Acc: 84.9 @1 99.2 @5 ; threshold 0.140
Train, epoch: 458; Loss: 0.00 | Acc: 100.0 ; threshold 0.140
Test, epoch: 458; Loss: 1.43 | Acc: 85.2 @1 99.3 @5 ; threshold 0.140
Best acc (85.22).
Train, epoch: 459; Loss: 0.00 | Acc: 100.0 ; threshold 0.140
Test, epoch: 459; Loss: 1.44 | Acc: 85.1 @1 99.2 @5 ; threshold 0.140
Train, epoch: 460; Loss: 0.00 | Acc: 100.0 ; threshold 0.140
Test, epoch: 460; Loss: 1.43 | Acc: 85.1 @1 99.3 @5 ; threshold 0.140
Train, epoch: 461; Loss: 0.00 | Acc: 100.0 ; threshold 0.140
Test, epoch: 461; Loss: 1.44 | Acc: 85.0 @1 99.3 @5 ; threshold 0.140
Train, epoch: 462; Loss: 0.00 | Acc: 100.0 ; threshold 0.140
Test, epoch: 462; Loss: 1.44 | Acc: 84.9 @1 99.3 @5 ; threshold 0.140
Train, epoch: 463; Loss: 0.00 | Acc: 100.0 ; threshold 0.140
Test, epoch: 463; Loss: 1.44 | Acc: 84.9 @1 99.2 @5 ; threshold 0.140
Train, epoch: 464; Loss: 0.00 | Acc: 100.0 ; threshold 0.140
Test, epoch: 464; Loss: 1.44 | Acc: 84.9 @1 99.2 @5 ; threshold 0.140
Train, epoch: 465; Loss: 0.00 | Acc: 100.0 ; threshold 0.140
Test, epoch: 465; Loss: 1.44 | Acc: 84.9 @1 99.3 @5 ; threshold 0.140
Train, epoch: 466; Loss: 0.00 | Acc: 100.0 ; threshold 0.140
Test, epoch: 466; Loss: 1.44 | Acc: 85.2 @1 99.3 @5 ; threshold 0.140
Train, epoch: 467; Loss: 0.00 | Acc: 99.9 ; threshold 0.140
Test, epoch: 467; Loss: 1.44 | Acc: 85.0 @1 99.3 @5 ; threshold 0.140
Train, epoch: 468; Loss: 0.00 | Acc: 100.0 ; threshold 0.140
Test, epoch: 468; Loss: 1.43 | Acc: 85.0 @1 99.3 @5 ; threshold 0.140
Train, epoch: 469; Loss: 0.00 | Acc: 100.0 ; threshold 0.140
Test, epoch: 469; Loss: 1.43 | Acc: 85.2 @1 99.3 @5 ; threshold 0.140
Train, epoch: 470; Loss: 0.00 | Acc: 100.0 ; threshold 0.140
Test, epoch: 470; Loss: 1.43 | Acc: 85.3 @1 99.3 @5 ; threshold 0.140
Best acc (85.27).
Train, epoch: 471; Loss: 0.00 | Acc: 100.0 ; threshold 0.140
Test, epoch: 471; Loss: 1.43 | Acc: 85.3 @1 99.2 @5 ; threshold 0.140
Best acc (85.29).
Train, epoch: 472; Loss: 0.00 | Acc: 100.0 ; threshold 0.140
Test, epoch: 472; Loss: 1.42 | Acc: 85.2 @1 99.3 @5 ; threshold 0.140
Train, epoch: 473; Loss: 0.00 | Acc: 100.0 ; threshold 0.140
Test, epoch: 473; Loss: 1.43 | Acc: 85.0 @1 99.3 @5 ; threshold 0.140
Train, epoch: 474; Loss: 0.00 | Acc: 100.0 ; threshold 0.140
Test, epoch: 474; Loss: 1.44 | Acc: 84.9 @1 99.3 @5 ; threshold 0.140
Train, epoch: 475; Loss: 0.00 | Acc: 100.0 ; threshold 0.140
Test, epoch: 475; Loss: 1.43 | Acc: 85.1 @1 99.3 @5 ; threshold 0.140
Train, epoch: 476; Loss: 0.00 | Acc: 100.0 ; threshold 0.140
Test, epoch: 476; Loss: 1.42 | Acc: 85.0 @1 99.3 @5 ; threshold 0.140
Train, epoch: 477; Loss: 0.00 | Acc: 100.0 ; threshold 0.140
Test, epoch: 477; Loss: 1.41 | Acc: 85.1 @1 99.2 @5 ; threshold 0.140
Train, epoch: 478; Loss: 0.00 | Acc: 100.0 ; threshold 0.140
Test, epoch: 478; Loss: 1.42 | Acc: 85.0 @1 99.2 @5 ; threshold 0.140
Train, epoch: 479; Loss: 0.00 | Acc: 100.0 ; threshold 0.140
Test, epoch: 479; Loss: 1.43 | Acc: 84.9 @1 99.2 @5 ; threshold 0.140
Train, epoch: 480; Loss: 0.00 | Acc: 100.0 ; threshold 0.140
Test, epoch: 480; Loss: 1.43 | Acc: 85.1 @1 99.3 @5 ; threshold 0.140
Train, epoch: 481; Loss: 0.00 | Acc: 100.0 ; threshold 0.140
Test, epoch: 481; Loss: 1.43 | Acc: 85.0 @1 99.3 @5 ; threshold 0.140
Train, epoch: 482; Loss: 0.00 | Acc: 100.0 ; threshold 0.140
Test, epoch: 482; Loss: 1.43 | Acc: 85.0 @1 99.3 @5 ; threshold 0.140
Train, epoch: 483; Loss: 0.00 | Acc: 100.0 ; threshold 0.140
Test, epoch: 483; Loss: 1.43 | Acc: 85.0 @1 99.2 @5 ; threshold 0.140
Train, epoch: 484; Loss: 0.00 | Acc: 100.0 ; threshold 0.140
Test, epoch: 484; Loss: 1.44 | Acc: 85.0 @1 99.3 @5 ; threshold 0.140
Train, epoch: 485; Loss: 0.00 | Acc: 100.0 ; threshold 0.140
Test, epoch: 485; Loss: 1.43 | Acc: 85.3 @1 99.3 @5 ; threshold 0.140
Best acc (85.32).
Train, epoch: 486; Loss: 0.00 | Acc: 100.0 ; threshold 0.140
Test, epoch: 486; Loss: 1.44 | Acc: 85.0 @1 99.3 @5 ; threshold 0.140
Train, epoch: 487; Loss: 0.00 | Acc: 100.0 ; threshold 0.140
Test, epoch: 487; Loss: 1.45 | Acc: 84.9 @1 99.3 @5 ; threshold 0.140
Train, epoch: 488; Loss: 0.00 | Acc: 100.0 ; threshold 0.140
Test, epoch: 488; Loss: 1.44 | Acc: 85.2 @1 99.3 @5 ; threshold 0.140
Train, epoch: 489; Loss: 0.00 | Acc: 100.0 ; threshold 0.140
Test, epoch: 489; Loss: 1.44 | Acc: 85.1 @1 99.3 @5 ; threshold 0.140
Train, epoch: 490; Loss: 0.00 | Acc: 100.0 ; threshold 0.140
Test, epoch: 490; Loss: 1.42 | Acc: 85.2 @1 99.3 @5 ; threshold 0.140
Train, epoch: 491; Loss: 0.00 | Acc: 100.0 ; threshold 0.140
Test, epoch: 491; Loss: 1.43 | Acc: 85.3 @1 99.3 @5 ; threshold 0.140
Train, epoch: 492; Loss: 0.00 | Acc: 100.0 ; threshold 0.140
Test, epoch: 492; Loss: 1.42 | Acc: 85.2 @1 99.3 @5 ; threshold 0.140
Train, epoch: 493; Loss: 0.00 | Acc: 100.0 ; threshold 0.140
Test, epoch: 493; Loss: 1.43 | Acc: 85.1 @1 99.2 @5 ; threshold 0.140
Train, epoch: 494; Loss: 0.00 | Acc: 100.0 ; threshold 0.140
Test, epoch: 494; Loss: 1.44 | Acc: 85.1 @1 99.3 @5 ; threshold 0.140
Train, epoch: 495; Loss: 0.00 | Acc: 100.0 ; threshold 0.140
Test, epoch: 495; Loss: 1.43 | Acc: 85.2 @1 99.3 @5 ; threshold 0.140
Train, epoch: 496; Loss: 0.00 | Acc: 100.0 ; threshold 0.140
Test, epoch: 496; Loss: 1.43 | Acc: 85.1 @1 99.3 @5 ; threshold 0.140
Train, epoch: 497; Loss: 0.00 | Acc: 100.0 ; threshold 0.140
Test, epoch: 497; Loss: 1.43 | Acc: 85.3 @1 99.2 @5 ; threshold 0.140
Train, epoch: 498; Loss: 0.00 | Acc: 100.0 ; threshold 0.140
Test, epoch: 498; Loss: 1.44 | Acc: 85.1 @1 99.2 @5 ; threshold 0.140
Train, epoch: 499; Loss: 0.00 | Acc: 100.0 ; threshold 0.140
Test, epoch: 499; Loss: 1.43 | Acc: 85.0 @1 99.3 @5 ; threshold 0.140
Train, epoch: 500; Loss: 0.00 | Acc: 100.0 ; threshold 0.140
Test, epoch: 500; Loss: 1.44 | Acc: 84.8 @1 99.3 @5 ; threshold 0.140
Train, epoch: 501; Loss: 0.00 | Acc: 100.0 ; threshold 0.140
Test, epoch: 501; Loss: 1.44 | Acc: 85.1 @1 99.3 @5 ; threshold 0.140
Train, epoch: 502; Loss: 0.00 | Acc: 100.0 ; threshold 0.140
Test, epoch: 502; Loss: 1.42 | Acc: 85.3 @1 99.2 @5 ; threshold 0.140
Best acc (85.34).
Train, epoch: 503; Loss: 0.00 | Acc: 100.0 ; threshold 0.140
Test, epoch: 503; Loss: 1.42 | Acc: 85.2 @1 99.3 @5 ; threshold 0.140
Train, epoch: 504; Loss: 0.00 | Acc: 100.0 ; threshold 0.140
Test, epoch: 504; Loss: 1.45 | Acc: 85.1 @1 99.3 @5 ; threshold 0.140
Train, epoch: 505; Loss: 0.00 | Acc: 100.0 ; threshold 0.140
Test, epoch: 505; Loss: 1.44 | Acc: 85.3 @1 99.3 @5 ; threshold 0.140
Train, epoch: 506; Loss: 0.00 | Acc: 100.0 ; threshold 0.140
Test, epoch: 506; Loss: 1.43 | Acc: 85.3 @1 99.2 @5 ; threshold 0.140
Train, epoch: 507; Loss: 0.00 | Acc: 100.0 ; threshold 0.140
Test, epoch: 507; Loss: 1.42 | Acc: 85.2 @1 99.3 @5 ; threshold 0.140
Train, epoch: 508; Loss: 0.00 | Acc: 100.0 ; threshold 0.140
Test, epoch: 508; Loss: 1.42 | Acc: 85.2 @1 99.3 @5 ; threshold 0.140
Train, epoch: 509; Loss: 0.00 | Acc: 100.0 ; threshold 0.140
Test, epoch: 509; Loss: 1.41 | Acc: 85.2 @1 99.2 @5 ; threshold 0.140
Train, epoch: 510; Loss: 0.00 | Acc: 100.0 ; threshold 0.140
Test, epoch: 510; Loss: 1.41 | Acc: 85.2 @1 99.2 @5 ; threshold 0.140
Train, epoch: 511; Loss: 0.00 | Acc: 100.0 ; threshold 0.140
Test, epoch: 511; Loss: 1.44 | Acc: 85.1 @1 99.2 @5 ; threshold 0.140
Train, epoch: 512; Loss: 0.00 | Acc: 100.0 ; threshold 0.140
Test, epoch: 512; Loss: 1.43 | Acc: 85.2 @1 99.2 @5 ; threshold 0.140
Train, epoch: 513; Loss: 0.00 | Acc: 100.0 ; threshold 0.140
Test, epoch: 513; Loss: 1.43 | Acc: 85.2 @1 99.3 @5 ; threshold 0.140
Train, epoch: 514; Loss: 0.00 | Acc: 100.0 ; threshold 0.140
Test, epoch: 514; Loss: 1.42 | Acc: 85.2 @1 99.2 @5 ; threshold 0.140
Train, epoch: 515; Loss: 0.00 | Acc: 100.0 ; threshold 0.140
Test, epoch: 515; Loss: 1.42 | Acc: 85.2 @1 99.2 @5 ; threshold 0.140
Train, epoch: 516; Loss: 0.00 | Acc: 100.0 ; threshold 0.140
Test, epoch: 516; Loss: 1.41 | Acc: 85.1 @1 99.3 @5 ; threshold 0.140
Train, epoch: 517; Loss: 0.00 | Acc: 100.0 ; threshold 0.140
Test, epoch: 517; Loss: 1.41 | Acc: 85.3 @1 99.3 @5 ; threshold 0.140
Train, epoch: 518; Loss: 0.00 | Acc: 100.0 ; threshold 0.140
Test, epoch: 518; Loss: 1.43 | Acc: 85.3 @1 99.2 @5 ; threshold 0.140
Train, epoch: 519; Loss: 0.00 | Acc: 100.0 ; threshold 0.140
Test, epoch: 519; Loss: 1.42 | Acc: 85.3 @1 99.3 @5 ; threshold 0.140
Train, epoch: 520; Loss: 0.00 | Acc: 100.0 ; threshold 0.140
Test, epoch: 520; Loss: 1.41 | Acc: 85.3 @1 99.3 @5 ; threshold 0.140
Train, epoch: 521; Loss: 0.00 | Acc: 100.0 ; threshold 0.140
Test, epoch: 521; Loss: 1.41 | Acc: 85.3 @1 99.3 @5 ; threshold 0.140
Train, epoch: 522; Loss: 0.00 | Acc: 100.0 ; threshold 0.140
Test, epoch: 522; Loss: 1.41 | Acc: 85.3 @1 99.3 @5 ; threshold 0.140
Train, epoch: 523; Loss: 0.00 | Acc: 100.0 ; threshold 0.140
Test, epoch: 523; Loss: 1.43 | Acc: 85.1 @1 99.3 @5 ; threshold 0.140
Train, epoch: 524; Loss: 0.00 | Acc: 100.0 ; threshold 0.140
Test, epoch: 524; Loss: 1.43 | Acc: 85.2 @1 99.2 @5 ; threshold 0.140
Train, epoch: 525; Loss: 0.00 | Acc: 100.0 ; threshold 0.140
Test, epoch: 525; Loss: 1.42 | Acc: 85.2 @1 99.2 @5 ; threshold 0.140
Train, epoch: 526; Loss: 0.00 | Acc: 100.0 ; threshold 0.140
Test, epoch: 526; Loss: 1.43 | Acc: 85.2 @1 99.2 @5 ; threshold 0.140
Train, epoch: 527; Loss: 0.00 | Acc: 100.0 ; threshold 0.140
Test, epoch: 527; Loss: 1.42 | Acc: 85.2 @1 99.3 @5 ; threshold 0.140
Train, epoch: 528; Loss: 0.00 | Acc: 100.0 ; threshold 0.140
Test, epoch: 528; Loss: 1.42 | Acc: 85.3 @1 99.3 @5 ; threshold 0.140
Train, epoch: 529; Loss: 0.00 | Acc: 100.0 ; threshold 0.140
Test, epoch: 529; Loss: 1.42 | Acc: 85.2 @1 99.2 @5 ; threshold 0.140
Train, epoch: 530; Loss: 0.00 | Acc: 100.0 ; threshold 0.140
Test, epoch: 530; Loss: 1.43 | Acc: 85.3 @1 99.3 @5 ; threshold 0.140
Train, epoch: 531; Loss: 0.00 | Acc: 100.0 ; threshold 0.140
Test, epoch: 531; Loss: 1.44 | Acc: 85.3 @1 99.3 @5 ; threshold 0.140
Train, epoch: 532; Loss: 0.00 | Acc: 100.0 ; threshold 0.140
Test, epoch: 532; Loss: 1.42 | Acc: 85.4 @1 99.3 @5 ; threshold 0.140
Best acc (85.44).
Train, epoch: 533; Loss: 0.00 | Acc: 100.0 ; threshold 0.140
Test, epoch: 533; Loss: 1.43 | Acc: 85.3 @1 99.3 @5 ; threshold 0.140
Train, epoch: 534; Loss: 0.00 | Acc: 100.0 ; threshold 0.140
Test, epoch: 534; Loss: 1.42 | Acc: 85.3 @1 99.2 @5 ; threshold 0.140
Train, epoch: 535; Loss: 0.00 | Acc: 100.0 ; threshold 0.140
Test, epoch: 535; Loss: 1.43 | Acc: 85.2 @1 99.3 @5 ; threshold 0.140
Train, epoch: 536; Loss: 0.00 | Acc: 100.0 ; threshold 0.140
Test, epoch: 536; Loss: 1.43 | Acc: 85.2 @1 99.3 @5 ; threshold 0.140
Train, epoch: 537; Loss: 0.00 | Acc: 100.0 ; threshold 0.140
Test, epoch: 537; Loss: 1.42 | Acc: 85.2 @1 99.3 @5 ; threshold 0.140
Train, epoch: 538; Loss: 0.00 | Acc: 100.0 ; threshold 0.140
Test, epoch: 538; Loss: 1.41 | Acc: 85.3 @1 99.3 @5 ; threshold 0.140
Train, epoch: 539; Loss: 0.00 | Acc: 100.0 ; threshold 0.140
Test, epoch: 539; Loss: 1.43 | Acc: 85.3 @1 99.3 @5 ; threshold 0.140
Train, epoch: 540; Loss: 0.00 | Acc: 100.0 ; threshold 0.140
Test, epoch: 540; Loss: 1.45 | Acc: 85.3 @1 99.3 @5 ; threshold 0.140
Train, epoch: 541; Loss: 0.00 | Acc: 100.0 ; threshold 0.140
Test, epoch: 541; Loss: 1.43 | Acc: 85.1 @1 99.2 @5 ; threshold 0.140
Train, epoch: 542; Loss: 0.00 | Acc: 100.0 ; threshold 0.140
Test, epoch: 542; Loss: 1.43 | Acc: 85.0 @1 99.3 @5 ; threshold 0.140
Train, epoch: 543; Loss: 0.00 | Acc: 100.0 ; threshold 0.140
Test, epoch: 543; Loss: 1.42 | Acc: 85.1 @1 99.3 @5 ; threshold 0.140
Train, epoch: 544; Loss: 0.00 | Acc: 100.0 ; threshold 0.140
Test, epoch: 544; Loss: 1.40 | Acc: 85.2 @1 99.3 @5 ; threshold 0.140
Train, epoch: 545; Loss: 0.00 | Acc: 100.0 ; threshold 0.140
Test, epoch: 545; Loss: 1.42 | Acc: 85.0 @1 99.2 @5 ; threshold 0.140
Train, epoch: 546; Loss: 0.00 | Acc: 100.0 ; threshold 0.140
Test, epoch: 546; Loss: 1.41 | Acc: 85.2 @1 99.3 @5 ; threshold 0.140
Train, epoch: 547; Loss: 0.00 | Acc: 100.0 ; threshold 0.140
Test, epoch: 547; Loss: 1.41 | Acc: 85.0 @1 99.3 @5 ; threshold 0.140
Train, epoch: 548; Loss: 0.00 | Acc: 100.0 ; threshold 0.140
Test, epoch: 548; Loss: 1.43 | Acc: 85.1 @1 99.3 @5 ; threshold 0.140
Train, epoch: 549; Loss: 0.00 | Acc: 100.0 ; threshold 0.140
Test, epoch: 549; Loss: 1.42 | Acc: 85.2 @1 99.3 @5 ; threshold 0.140
new lr:1e-07
Train, epoch: 550; Loss: 0.00 | Acc: 100.0 ; threshold 0.140
Test, epoch: 550; Loss: 1.42 | Acc: 85.3 @1 99.3 @5 ; threshold 0.140
Train, epoch: 551; Loss: 0.00 | Acc: 100.0 ; threshold 0.140
Test, epoch: 551; Loss: 1.41 | Acc: 85.2 @1 99.3 @5 ; threshold 0.140
Train, epoch: 552; Loss: 0.00 | Acc: 100.0 ; threshold 0.140
Test, epoch: 552; Loss: 1.41 | Acc: 85.3 @1 99.3 @5 ; threshold 0.140
Train, epoch: 553; Loss: 0.00 | Acc: 100.0 ; threshold 0.140
Test, epoch: 553; Loss: 1.41 | Acc: 85.2 @1 99.3 @5 ; threshold 0.140
Train, epoch: 554; Loss: 0.00 | Acc: 100.0 ; threshold 0.140
Test, epoch: 554; Loss: 1.41 | Acc: 85.2 @1 99.2 @5 ; threshold 0.140
Train, epoch: 555; Loss: 0.00 | Acc: 100.0 ; threshold 0.140
Test, epoch: 555; Loss: 1.41 | Acc: 85.2 @1 99.3 @5 ; threshold 0.140
Train, epoch: 556; Loss: 0.00 | Acc: 100.0 ; threshold 0.140
Test, epoch: 556; Loss: 1.41 | Acc: 85.2 @1 99.3 @5 ; threshold 0.140
Train, epoch: 557; Loss: 0.00 | Acc: 100.0 ; threshold 0.140
Test, epoch: 557; Loss: 1.41 | Acc: 85.4 @1 99.3 @5 ; threshold 0.140
Train, epoch: 558; Loss: 0.00 | Acc: 100.0 ; threshold 0.140
Test, epoch: 558; Loss: 1.41 | Acc: 85.3 @1 99.3 @5 ; threshold 0.140
Train, epoch: 559; Loss: 0.00 | Acc: 100.0 ; threshold 0.140
Test, epoch: 559; Loss: 1.42 | Acc: 85.2 @1 99.3 @5 ; threshold 0.140
Train, epoch: 560; Loss: 0.00 | Acc: 100.0 ; threshold 0.140
Test, epoch: 560; Loss: 1.41 | Acc: 85.2 @1 99.2 @5 ; threshold 0.140
Train, epoch: 561; Loss: 0.00 | Acc: 100.0 ; threshold 0.140
Test, epoch: 561; Loss: 1.41 | Acc: 85.2 @1 99.3 @5 ; threshold 0.140
Train, epoch: 562; Loss: 0.00 | Acc: 100.0 ; threshold 0.140
Test, epoch: 562; Loss: 1.41 | Acc: 85.2 @1 99.3 @5 ; threshold 0.140
Train, epoch: 563; Loss: 0.00 | Acc: 100.0 ; threshold 0.140
Test, epoch: 563; Loss: 1.40 | Acc: 85.2 @1 99.3 @5 ; threshold 0.140
Train, epoch: 564; Loss: 0.00 | Acc: 100.0 ; threshold 0.140
Test, epoch: 564; Loss: 1.40 | Acc: 85.3 @1 99.3 @5 ; threshold 0.140
Train, epoch: 565; Loss: 0.00 | Acc: 100.0 ; threshold 0.140
Test, epoch: 565; Loss: 1.41 | Acc: 85.2 @1 99.3 @5 ; threshold 0.140
Train, epoch: 566; Loss: 0.00 | Acc: 100.0 ; threshold 0.140
Test, epoch: 566; Loss: 1.41 | Acc: 85.2 @1 99.3 @5 ; threshold 0.140
Train, epoch: 567; Loss: 0.00 | Acc: 100.0 ; threshold 0.140
Test, epoch: 567; Loss: 1.40 | Acc: 85.3 @1 99.3 @5 ; threshold 0.140
Train, epoch: 568; Loss: 0.00 | Acc: 100.0 ; threshold 0.140
Test, epoch: 568; Loss: 1.41 | Acc: 85.3 @1 99.3 @5 ; threshold 0.140
Train, epoch: 569; Loss: 0.00 | Acc: 100.0 ; threshold 0.140
Test, epoch: 569; Loss: 1.40 | Acc: 85.2 @1 99.3 @5 ; threshold 0.140
Train, epoch: 570; Loss: 0.00 | Acc: 100.0 ; threshold 0.140
Test, epoch: 570; Loss: 1.41 | Acc: 85.2 @1 99.3 @5 ; threshold 0.140
Train, epoch: 571; Loss: 0.00 | Acc: 100.0 ; threshold 0.140
Test, epoch: 571; Loss: 1.41 | Acc: 85.2 @1 99.3 @5 ; threshold 0.140
Train, epoch: 572; Loss: 0.00 | Acc: 100.0 ; threshold 0.140
Test, epoch: 572; Loss: 1.41 | Acc: 85.2 @1 99.3 @5 ; threshold 0.140
Train, epoch: 573; Loss: 0.00 | Acc: 100.0 ; threshold 0.140
Test, epoch: 573; Loss: 1.41 | Acc: 85.2 @1 99.3 @5 ; threshold 0.140
Train, epoch: 574; Loss: 0.00 | Acc: 100.0 ; threshold 0.140
Test, epoch: 574; Loss: 1.41 | Acc: 85.3 @1 99.3 @5 ; threshold 0.140
Train, epoch: 575; Loss: 0.00 | Acc: 100.0 ; threshold 0.140
Test, epoch: 575; Loss: 1.40 | Acc: 85.4 @1 99.3 @5 ; threshold 0.140
Train, epoch: 576; Loss: 0.00 | Acc: 100.0 ; threshold 0.140
Test, epoch: 576; Loss: 1.40 | Acc: 85.3 @1 99.3 @5 ; threshold 0.140
Train, epoch: 577; Loss: 0.00 | Acc: 100.0 ; threshold 0.140
Test, epoch: 577; Loss: 1.41 | Acc: 85.3 @1 99.3 @5 ; threshold 0.140
Train, epoch: 578; Loss: 0.00 | Acc: 100.0 ; threshold 0.140
Test, epoch: 578; Loss: 1.41 | Acc: 85.3 @1 99.3 @5 ; threshold 0.140
Train, epoch: 579; Loss: 0.00 | Acc: 100.0 ; threshold 0.140
Test, epoch: 579; Loss: 1.41 | Acc: 85.2 @1 99.3 @5 ; threshold 0.140
Train, epoch: 580; Loss: 0.00 | Acc: 100.0 ; threshold 0.140
Test, epoch: 580; Loss: 1.41 | Acc: 85.4 @1 99.3 @5 ; threshold 0.140
Train, epoch: 581; Loss: 0.00 | Acc: 100.0 ; threshold 0.140
Test, epoch: 581; Loss: 1.41 | Acc: 85.3 @1 99.3 @5 ; threshold 0.140
Train, epoch: 582; Loss: 0.00 | Acc: 100.0 ; threshold 0.140
Test, epoch: 582; Loss: 1.40 | Acc: 85.3 @1 99.3 @5 ; threshold 0.140
Train, epoch: 583; Loss: 0.00 | Acc: 100.0 ; threshold 0.140
Test, epoch: 583; Loss: 1.39 | Acc: 85.2 @1 99.3 @5 ; threshold 0.140
Train, epoch: 584; Loss: 0.00 | Acc: 100.0 ; threshold 0.140
Test, epoch: 584; Loss: 1.40 | Acc: 85.2 @1 99.3 @5 ; threshold 0.140
Train, epoch: 585; Loss: 0.00 | Acc: 100.0 ; threshold 0.140
Test, epoch: 585; Loss: 1.40 | Acc: 85.2 @1 99.3 @5 ; threshold 0.140
Train, epoch: 586; Loss: 0.00 | Acc: 100.0 ; threshold 0.140
Test, epoch: 586; Loss: 1.40 | Acc: 85.2 @1 99.3 @5 ; threshold 0.140
Train, epoch: 587; Loss: 0.00 | Acc: 100.0 ; threshold 0.140
Test, epoch: 587; Loss: 1.41 | Acc: 85.3 @1 99.3 @5 ; threshold 0.140
Train, epoch: 588; Loss: 0.00 | Acc: 100.0 ; threshold 0.140
Test, epoch: 588; Loss: 1.40 | Acc: 85.3 @1 99.3 @5 ; threshold 0.140
Train, epoch: 589; Loss: 0.00 | Acc: 100.0 ; threshold 0.140
Test, epoch: 589; Loss: 1.41 | Acc: 85.2 @1 99.3 @5 ; threshold 0.140
Train, epoch: 590; Loss: 0.00 | Acc: 100.0 ; threshold 0.140
Test, epoch: 590; Loss: 1.41 | Acc: 85.3 @1 99.3 @5 ; threshold 0.140
Train, epoch: 591; Loss: 0.00 | Acc: 100.0 ; threshold 0.140
Test, epoch: 591; Loss: 1.40 | Acc: 85.3 @1 99.3 @5 ; threshold 0.140
Train, epoch: 592; Loss: 0.00 | Acc: 100.0 ; threshold 0.140
Test, epoch: 592; Loss: 1.41 | Acc: 85.2 @1 99.3 @5 ; threshold 0.140
Train, epoch: 593; Loss: 0.00 | Acc: 100.0 ; threshold 0.140
Test, epoch: 593; Loss: 1.40 | Acc: 85.2 @1 99.3 @5 ; threshold 0.140
Train, epoch: 594; Loss: 0.00 | Acc: 100.0 ; threshold 0.140
Test, epoch: 594; Loss: 1.41 | Acc: 85.2 @1 99.3 @5 ; threshold 0.140
Train, epoch: 595; Loss: 0.00 | Acc: 100.0 ; threshold 0.140
Test, epoch: 595; Loss: 1.41 | Acc: 85.2 @1 99.3 @5 ; threshold 0.140
Train, epoch: 596; Loss: 0.00 | Acc: 100.0 ; threshold 0.140
Test, epoch: 596; Loss: 1.41 | Acc: 85.3 @1 99.3 @5 ; threshold 0.140
Train, epoch: 597; Loss: 0.00 | Acc: 100.0 ; threshold 0.140
Test, epoch: 597; Loss: 1.41 | Acc: 85.2 @1 99.3 @5 ; threshold 0.140
Train, epoch: 598; Loss: 0.00 | Acc: 100.0 ; threshold 0.140
Test, epoch: 598; Loss: 1.40 | Acc: 85.3 @1 99.3 @5 ; threshold 0.140
Train, epoch: 599; Loss: 0.00 | Acc: 100.0 ; threshold 0.140
Test, epoch: 599; Loss: 1.40 | Acc: 85.3 @1 99.3 @5 ; threshold 0.140
Best test acc. 85.44  at epoch 532/599
Done in 34.1 hours with 1 GPU
