stty: standard input: Inappropriate ioctl for device
simple_logistic.py
arguments
Namespace(batch_norm=True, batchsize=128, batchsize_net=16384, bias=0.14, bottleneck_dim=128, channel_pca=0, compute_nflops=False, compute_patch_gram_matrix=False, compute_sparsity=False, convolutional_classifier=6, convolutional_loss=False, correct_padding=False, dataset='cifar10', force_recompute=False, lambda_1=100.0, learn_patches=False, lr_schedule='{0:1e-4,100:1e-5,150:1e-6,200:1e-7}', multigpu=False, n_bagging_patches=0, n_channel_convolution=32768, n_channel_convolution_scale_1=0, nepochs=225, no_cudnn=False, no_jit=False, no_padding=False, no_progress_bar=True, no_zca=False, num_workers=10, numpy_seed=0, optimizer='Adam', padding_mode='reflect', patch_distribution='empirical', patches_file='', path_test='/d1/dataset/imagenet32/out_data_val', path_train='/d1/dataset/imagenet32/out_data_train', positive_shrink=False, resume='', save_best_model=False, save_model=False, separable_convolution=False, sgd_momentum=0.0, shrink='heaviside', spatialsize_avg_pooling=5, spatialsize_convolution=6, stride_avg_pooling=3, stride_convolution=1, topk_fraction=0.25, torch_seed=0, weight_decay=0.0, zca_bias=0.001)
device: cuda
Files already downloaded and verified
Files already downloaded and verified
Net output size: out1 torch.Size([32768, 9, 9]) out2 torch.Size([32768, 9, 9])
Parameters shape [torch.Size([32768]), torch.Size([32768]), torch.Size([32768]), torch.Size([32768]), torch.Size([10, 128, 6, 6]), torch.Size([10]), torch.Size([128, 32768, 1, 1]), torch.Size([128]), torch.Size([128, 32768, 1, 1]), torch.Size([128])]
N parameters : 8.566026 millions
optimizing net execution with torch.jit
new lr:0.0001
Train, epoch: 0; Loss: 4.39 | Acc: 50.6 ; threshold 0.140
Test, epoch: 0; Loss: 1.23 | Acc: 57.0 @1 94.8 @5 ; threshold 0.140
non_zero groups 32768
Best acc (56.96).
Train, epoch: 1; Loss: 1.91 | Acc: 50.7 ; threshold 0.140
Test, epoch: 1; Loss: 1.36 | Acc: 52.0 @1 93.4 @5 ; threshold 0.140
non_zero groups 32768
Train, epoch: 2; Loss: 1.77 | Acc: 51.2 ; threshold 0.140
Test, epoch: 2; Loss: 1.21 | Acc: 56.0 @1 95.1 @5 ; threshold 0.140
non_zero groups 32768
Train, epoch: 3; Loss: 1.73 | Acc: 52.5 ; threshold 0.140
Test, epoch: 3; Loss: 1.23 | Acc: 56.7 @1 94.9 @5 ; threshold 0.140
non_zero groups 32768
Train, epoch: 4; Loss: 1.69 | Acc: 53.7 ; threshold 0.140
Test, epoch: 4; Loss: 1.13 | Acc: 60.0 @1 95.6 @5 ; threshold 0.140
non_zero groups 32768
Best acc (60.04).
Train, epoch: 5; Loss: 1.67 | Acc: 54.6 ; threshold 0.140
Test, epoch: 5; Loss: 1.15 | Acc: 59.4 @1 95.5 @5 ; threshold 0.140
non_zero groups 32768
Train, epoch: 6; Loss: 1.64 | Acc: 55.7 ; threshold 0.140
Test, epoch: 6; Loss: 1.10 | Acc: 61.2 @1 95.9 @5 ; threshold 0.140
non_zero groups 32768
Best acc (61.22).
Train, epoch: 7; Loss: 1.62 | Acc: 56.3 ; threshold 0.140
Test, epoch: 7; Loss: 1.11 | Acc: 60.7 @1 95.9 @5 ; threshold 0.140
non_zero groups 32768
Train, epoch: 8; Loss: 1.60 | Acc: 56.9 ; threshold 0.140
Test, epoch: 8; Loss: 1.11 | Acc: 61.0 @1 96.1 @5 ; threshold 0.140
non_zero groups 32768
Train, epoch: 9; Loss: 1.58 | Acc: 57.7 ; threshold 0.140
Test, epoch: 9; Loss: 1.12 | Acc: 60.8 @1 95.8 @5 ; threshold 0.140
non_zero groups 32768
Train, epoch: 10; Loss: 1.58 | Acc: 57.2 ; threshold 0.140
Test, epoch: 10; Loss: 1.07 | Acc: 63.0 @1 96.4 @5 ; threshold 0.140
non_zero groups 32768
Best acc (63.05).
Train, epoch: 11; Loss: 1.55 | Acc: 58.4 ; threshold 0.140
Test, epoch: 11; Loss: 1.04 | Acc: 63.7 @1 96.4 @5 ; threshold 0.140
non_zero groups 32768
Best acc (63.72).
Train, epoch: 12; Loss: 1.56 | Acc: 58.4 ; threshold 0.140
Test, epoch: 12; Loss: 1.09 | Acc: 61.7 @1 96.1 @5 ; threshold 0.140
non_zero groups 32768
Train, epoch: 13; Loss: 1.53 | Acc: 58.9 ; threshold 0.140
Test, epoch: 13; Loss: 1.06 | Acc: 63.4 @1 96.3 @5 ; threshold 0.140
non_zero groups 32768
Train, epoch: 14; Loss: 1.54 | Acc: 58.9 ; threshold 0.140
Test, epoch: 14; Loss: 1.05 | Acc: 62.9 @1 96.5 @5 ; threshold 0.140
non_zero groups 32768
Train, epoch: 15; Loss: 1.53 | Acc: 59.2 ; threshold 0.140
Test, epoch: 15; Loss: 1.04 | Acc: 63.5 @1 96.2 @5 ; threshold 0.140
non_zero groups 32768
Train, epoch: 16; Loss: 1.51 | Acc: 59.4 ; threshold 0.140
Test, epoch: 16; Loss: 1.11 | Acc: 61.3 @1 96.0 @5 ; threshold 0.140
non_zero groups 32768
Train, epoch: 17; Loss: 1.53 | Acc: 59.2 ; threshold 0.140
Test, epoch: 17; Loss: 1.09 | Acc: 61.8 @1 96.4 @5 ; threshold 0.140
non_zero groups 32768
Train, epoch: 18; Loss: 1.50 | Acc: 59.7 ; threshold 0.140
Test, epoch: 18; Loss: 1.01 | Acc: 64.8 @1 96.5 @5 ; threshold 0.140
non_zero groups 32768
Best acc (64.79).
Train, epoch: 19; Loss: 1.50 | Acc: 60.0 ; threshold 0.140
Test, epoch: 19; Loss: 1.06 | Acc: 62.5 @1 96.7 @5 ; threshold 0.140
non_zero groups 32768
Train, epoch: 20; Loss: 1.48 | Acc: 60.3 ; threshold 0.140
Test, epoch: 20; Loss: 1.00 | Acc: 64.5 @1 96.5 @5 ; threshold 0.140
non_zero groups 32768
Train, epoch: 21; Loss: 1.47 | Acc: 60.6 ; threshold 0.140
Test, epoch: 21; Loss: 0.99 | Acc: 65.1 @1 96.9 @5 ; threshold 0.140
non_zero groups 32768
Best acc (65.14).
Train, epoch: 22; Loss: 1.47 | Acc: 60.5 ; threshold 0.140
Test, epoch: 22; Loss: 1.12 | Acc: 60.6 @1 96.4 @5 ; threshold 0.140
non_zero groups 32768
Train, epoch: 23; Loss: 1.47 | Acc: 60.7 ; threshold 0.140
Test, epoch: 23; Loss: 0.97 | Acc: 65.9 @1 97.0 @5 ; threshold 0.140
non_zero groups 32768
Best acc (65.88).
Train, epoch: 24; Loss: 1.45 | Acc: 61.2 ; threshold 0.140
Test, epoch: 24; Loss: 1.01 | Acc: 64.6 @1 97.0 @5 ; threshold 0.140
non_zero groups 32768
Train, epoch: 25; Loss: 1.44 | Acc: 61.4 ; threshold 0.140
Test, epoch: 25; Loss: 0.99 | Acc: 64.9 @1 96.9 @5 ; threshold 0.140
non_zero groups 32768
Train, epoch: 26; Loss: 1.44 | Acc: 61.8 ; threshold 0.140
Test, epoch: 26; Loss: 0.97 | Acc: 65.8 @1 96.9 @5 ; threshold 0.140
non_zero groups 32768
Train, epoch: 27; Loss: 1.45 | Acc: 61.6 ; threshold 0.140
Test, epoch: 27; Loss: 0.97 | Acc: 65.9 @1 97.3 @5 ; threshold 0.140
non_zero groups 32768
Train, epoch: 28; Loss: 1.43 | Acc: 62.0 ; threshold 0.140
Test, epoch: 28; Loss: 1.01 | Acc: 64.9 @1 96.8 @5 ; threshold 0.140
non_zero groups 32768
Train, epoch: 29; Loss: 1.42 | Acc: 62.1 ; threshold 0.140
Test, epoch: 29; Loss: 1.00 | Acc: 64.7 @1 97.0 @5 ; threshold 0.140
non_zero groups 32768
Train, epoch: 30; Loss: 1.41 | Acc: 62.6 ; threshold 0.140
Test, epoch: 30; Loss: 1.02 | Acc: 64.0 @1 97.0 @5 ; threshold 0.140
non_zero groups 32768
Train, epoch: 31; Loss: 1.41 | Acc: 62.4 ; threshold 0.140
Test, epoch: 31; Loss: 1.01 | Acc: 65.0 @1 96.9 @5 ; threshold 0.140
non_zero groups 32768
Train, epoch: 32; Loss: 1.42 | Acc: 62.1 ; threshold 0.140
Test, epoch: 32; Loss: 0.96 | Acc: 66.1 @1 97.1 @5 ; threshold 0.140
non_zero groups 32768
Best acc (66.11).
Train, epoch: 33; Loss: 1.39 | Acc: 63.0 ; threshold 0.140
Test, epoch: 33; Loss: 0.96 | Acc: 66.0 @1 97.1 @5 ; threshold 0.140
non_zero groups 32768
Train, epoch: 34; Loss: 1.40 | Acc: 62.8 ; threshold 0.140
Test, epoch: 34; Loss: 0.96 | Acc: 66.6 @1 97.1 @5 ; threshold 0.140
non_zero groups 32768
Best acc (66.63).
Train, epoch: 35; Loss: 1.40 | Acc: 62.8 ; threshold 0.140
Test, epoch: 35; Loss: 0.95 | Acc: 66.9 @1 97.2 @5 ; threshold 0.140
non_zero groups 32768
Best acc (66.87).
Train, epoch: 36; Loss: 1.39 | Acc: 62.9 ; threshold 0.140
Test, epoch: 36; Loss: 0.96 | Acc: 66.6 @1 97.2 @5 ; threshold 0.140
non_zero groups 32768
Train, epoch: 37; Loss: 1.38 | Acc: 63.4 ; threshold 0.140
Test, epoch: 37; Loss: 0.97 | Acc: 66.0 @1 97.2 @5 ; threshold 0.140
non_zero groups 32768
Train, epoch: 38; Loss: 1.37 | Acc: 63.6 ; threshold 0.140
Test, epoch: 38; Loss: 0.97 | Acc: 66.0 @1 97.2 @5 ; threshold 0.140
non_zero groups 32768
Train, epoch: 39; Loss: 1.37 | Acc: 63.6 ; threshold 0.140
Test, epoch: 39; Loss: 0.95 | Acc: 67.0 @1 97.0 @5 ; threshold 0.140
non_zero groups 32768
Best acc (66.97).
Train, epoch: 40; Loss: 1.37 | Acc: 63.6 ; threshold 0.140
Test, epoch: 40; Loss: 0.93 | Acc: 67.6 @1 97.3 @5 ; threshold 0.140
non_zero groups 32768
Best acc (67.64).
Train, epoch: 41; Loss: 1.35 | Acc: 64.0 ; threshold 0.140
Test, epoch: 41; Loss: 0.95 | Acc: 66.5 @1 97.3 @5 ; threshold 0.140
non_zero groups 32768
Train, epoch: 42; Loss: 1.34 | Acc: 64.4 ; threshold 0.140
Test, epoch: 42; Loss: 0.92 | Acc: 67.4 @1 97.5 @5 ; threshold 0.140
non_zero groups 32768
Train, epoch: 43; Loss: 1.34 | Acc: 64.2 ; threshold 0.140
Test, epoch: 43; Loss: 0.90 | Acc: 68.6 @1 97.5 @5 ; threshold 0.140
non_zero groups 32768
Best acc (68.62).
Train, epoch: 44; Loss: 1.33 | Acc: 64.5 ; threshold 0.140
Test, epoch: 44; Loss: 0.91 | Acc: 68.2 @1 97.6 @5 ; threshold 0.140
non_zero groups 32768
Train, epoch: 45; Loss: 1.33 | Acc: 64.6 ; threshold 0.140
Test, epoch: 45; Loss: 0.91 | Acc: 68.5 @1 97.4 @5 ; threshold 0.140
non_zero groups 32768
Train, epoch: 46; Loss: 1.32 | Acc: 64.9 ; threshold 0.140
Test, epoch: 46; Loss: 0.90 | Acc: 68.6 @1 97.6 @5 ; threshold 0.140
non_zero groups 32768
Train, epoch: 47; Loss: 1.32 | Acc: 65.0 ; threshold 0.140
Test, epoch: 47; Loss: 0.89 | Acc: 69.3 @1 97.5 @5 ; threshold 0.140
non_zero groups 32768
Best acc (69.32).
Train, epoch: 48; Loss: 1.31 | Acc: 65.3 ; threshold 0.140
Test, epoch: 48; Loss: 0.91 | Acc: 68.2 @1 97.5 @5 ; threshold 0.140
non_zero groups 32768
Train, epoch: 49; Loss: 1.30 | Acc: 65.1 ; threshold 0.140
Test, epoch: 49; Loss: 0.90 | Acc: 68.3 @1 97.5 @5 ; threshold 0.140
non_zero groups 32768
Train, epoch: 50; Loss: 1.29 | Acc: 65.5 ; threshold 0.140
Test, epoch: 50; Loss: 0.89 | Acc: 68.9 @1 97.5 @5 ; threshold 0.140
non_zero groups 32768
Train, epoch: 51; Loss: 1.29 | Acc: 65.8 ; threshold 0.140
Test, epoch: 51; Loss: 0.87 | Acc: 69.6 @1 97.7 @5 ; threshold 0.140
non_zero groups 32768
Best acc (69.61).
Train, epoch: 52; Loss: 1.27 | Acc: 66.0 ; threshold 0.140
Test, epoch: 52; Loss: 0.91 | Acc: 68.0 @1 97.5 @5 ; threshold 0.140
non_zero groups 32768
Train, epoch: 53; Loss: 1.27 | Acc: 66.0 ; threshold 0.140
Test, epoch: 53; Loss: 0.86 | Acc: 69.6 @1 97.9 @5 ; threshold 0.140
non_zero groups 32768
Best acc (69.62).
Train, epoch: 54; Loss: 1.26 | Acc: 66.3 ; threshold 0.140
Test, epoch: 54; Loss: 0.87 | Acc: 69.6 @1 97.7 @5 ; threshold 0.140
non_zero groups 32768
Train, epoch: 55; Loss: 1.26 | Acc: 66.4 ; threshold 0.140
Test, epoch: 55; Loss: 0.86 | Acc: 70.3 @1 97.8 @5 ; threshold 0.140
non_zero groups 32768
Best acc (70.26).
Train, epoch: 56; Loss: 1.25 | Acc: 66.6 ; threshold 0.140
Test, epoch: 56; Loss: 0.86 | Acc: 70.6 @1 97.8 @5 ; threshold 0.140
non_zero groups 32768
Best acc (70.62).
Train, epoch: 57; Loss: 1.24 | Acc: 66.9 ; threshold 0.140
Test, epoch: 57; Loss: 0.88 | Acc: 69.4 @1 97.8 @5 ; threshold 0.140
non_zero groups 32768
Train, epoch: 58; Loss: 1.23 | Acc: 66.9 ; threshold 0.140
Test, epoch: 58; Loss: 0.86 | Acc: 70.2 @1 97.8 @5 ; threshold 0.140
non_zero groups 32768
Train, epoch: 59; Loss: 1.23 | Acc: 66.9 ; threshold 0.140
Test, epoch: 59; Loss: 0.85 | Acc: 70.5 @1 97.8 @5 ; threshold 0.140
non_zero groups 32768
Train, epoch: 60; Loss: 1.22 | Acc: 67.3 ; threshold 0.140
Test, epoch: 60; Loss: 0.86 | Acc: 70.0 @1 97.6 @5 ; threshold 0.140
non_zero groups 32768
Train, epoch: 61; Loss: 1.22 | Acc: 66.9 ; threshold 0.140
Test, epoch: 61; Loss: 0.87 | Acc: 69.8 @1 97.7 @5 ; threshold 0.140
non_zero groups 32768
Train, epoch: 62; Loss: 1.21 | Acc: 67.2 ; threshold 0.140
Test, epoch: 62; Loss: 0.84 | Acc: 70.8 @1 97.8 @5 ; threshold 0.140
non_zero groups 32768
Best acc (70.77).
Train, epoch: 63; Loss: 1.20 | Acc: 67.5 ; threshold 0.140
Test, epoch: 63; Loss: 0.84 | Acc: 70.8 @1 97.8 @5 ; threshold 0.140
non_zero groups 32768
Train, epoch: 64; Loss: 1.19 | Acc: 67.7 ; threshold 0.140
Test, epoch: 64; Loss: 0.82 | Acc: 71.5 @1 98.0 @5 ; threshold 0.140
non_zero groups 32768
Best acc (71.47).
Train, epoch: 65; Loss: 1.19 | Acc: 67.8 ; threshold 0.140
Test, epoch: 65; Loss: 0.82 | Acc: 71.1 @1 97.9 @5 ; threshold 0.140
non_zero groups 32768
Train, epoch: 66; Loss: 1.18 | Acc: 68.1 ; threshold 0.140
Test, epoch: 66; Loss: 0.83 | Acc: 71.0 @1 98.0 @5 ; threshold 0.140
non_zero groups 32768
Train, epoch: 67; Loss: 1.18 | Acc: 68.1 ; threshold 0.140
Test, epoch: 67; Loss: 0.82 | Acc: 71.6 @1 97.9 @5 ; threshold 0.140
non_zero groups 32768
Best acc (71.56).
Train, epoch: 68; Loss: 1.17 | Acc: 68.2 ; threshold 0.140
Test, epoch: 68; Loss: 0.83 | Acc: 71.0 @1 98.0 @5 ; threshold 0.140
non_zero groups 32768
Train, epoch: 69; Loss: 1.17 | Acc: 68.3 ; threshold 0.140
Test, epoch: 69; Loss: 0.80 | Acc: 71.6 @1 98.1 @5 ; threshold 0.140
non_zero groups 32768
Best acc (71.62).
Train, epoch: 70; Loss: 1.16 | Acc: 68.5 ; threshold 0.140
Test, epoch: 70; Loss: 0.81 | Acc: 71.9 @1 97.9 @5 ; threshold 0.140
non_zero groups 32768
Best acc (71.92).
Train, epoch: 71; Loss: 1.16 | Acc: 68.4 ; threshold 0.140
Test, epoch: 71; Loss: 0.81 | Acc: 71.6 @1 98.0 @5 ; threshold 0.140
non_zero groups 32768
Train, epoch: 72; Loss: 1.15 | Acc: 68.6 ; threshold 0.140
Test, epoch: 72; Loss: 0.82 | Acc: 71.5 @1 97.9 @5 ; threshold 0.140
non_zero groups 32768
Train, epoch: 73; Loss: 1.15 | Acc: 68.7 ; threshold 0.140
Test, epoch: 73; Loss: 0.84 | Acc: 70.8 @1 97.9 @5 ; threshold 0.140
non_zero groups 32768
Train, epoch: 74; Loss: 1.14 | Acc: 68.9 ; threshold 0.140
Test, epoch: 74; Loss: 0.81 | Acc: 71.7 @1 97.9 @5 ; threshold 0.140
non_zero groups 32768
Train, epoch: 75; Loss: 1.14 | Acc: 69.1 ; threshold 0.140
Test, epoch: 75; Loss: 0.81 | Acc: 71.8 @1 98.0 @5 ; threshold 0.140
non_zero groups 32768
Train, epoch: 76; Loss: 1.13 | Acc: 69.3 ; threshold 0.140
Test, epoch: 76; Loss: 0.79 | Acc: 72.3 @1 98.1 @5 ; threshold 0.140
non_zero groups 32768
Best acc (72.29).
Train, epoch: 77; Loss: 1.13 | Acc: 69.3 ; threshold 0.140
Test, epoch: 77; Loss: 0.80 | Acc: 72.1 @1 98.3 @5 ; threshold 0.140
non_zero groups 32768
Train, epoch: 78; Loss: 1.12 | Acc: 69.1 ; threshold 0.140
Test, epoch: 78; Loss: 0.79 | Acc: 72.4 @1 98.2 @5 ; threshold 0.140
non_zero groups 32768
Best acc (72.37).
Train, epoch: 79; Loss: 1.11 | Acc: 69.7 ; threshold 0.140
Test, epoch: 79; Loss: 0.78 | Acc: 72.9 @1 98.1 @5 ; threshold 0.140
non_zero groups 32768
Best acc (72.92).
Train, epoch: 80; Loss: 1.12 | Acc: 69.6 ; threshold 0.140
Test, epoch: 80; Loss: 0.81 | Acc: 72.0 @1 97.9 @5 ; threshold 0.140
non_zero groups 32768
Train, epoch: 81; Loss: 1.11 | Acc: 70.0 ; threshold 0.140
Test, epoch: 81; Loss: 0.77 | Acc: 73.4 @1 98.1 @5 ; threshold 0.140
non_zero groups 32768
Best acc (73.44).
Train, epoch: 82; Loss: 1.10 | Acc: 69.7 ; threshold 0.140
Test, epoch: 82; Loss: 0.78 | Acc: 72.8 @1 98.2 @5 ; threshold 0.140
non_zero groups 32768
Train, epoch: 83; Loss: 1.10 | Acc: 69.7 ; threshold 0.140
Test, epoch: 83; Loss: 0.80 | Acc: 72.4 @1 98.1 @5 ; threshold 0.140
non_zero groups 32768
Train, epoch: 84; Loss: 1.10 | Acc: 70.1 ; threshold 0.140
Test, epoch: 84; Loss: 0.78 | Acc: 73.0 @1 98.1 @5 ; threshold 0.140
non_zero groups 32768
Train, epoch: 85; Loss: 1.10 | Acc: 69.8 ; threshold 0.140
Test, epoch: 85; Loss: 0.76 | Acc: 73.3 @1 98.3 @5 ; threshold 0.140
non_zero groups 32768
Train, epoch: 86; Loss: 1.09 | Acc: 70.1 ; threshold 0.140
Test, epoch: 86; Loss: 0.77 | Acc: 73.1 @1 98.4 @5 ; threshold 0.140
non_zero groups 32768
Train, epoch: 87; Loss: 1.09 | Acc: 70.1 ; threshold 0.140
Test, epoch: 87; Loss: 0.79 | Acc: 72.5 @1 98.2 @5 ; threshold 0.140
non_zero groups 32768
Train, epoch: 88; Loss: 1.09 | Acc: 70.2 ; threshold 0.140
Test, epoch: 88; Loss: 0.77 | Acc: 72.8 @1 98.3 @5 ; threshold 0.140
non_zero groups 32768
Train, epoch: 89; Loss: 1.08 | Acc: 70.1 ; threshold 0.140
Test, epoch: 89; Loss: 0.78 | Acc: 72.6 @1 98.2 @5 ; threshold 0.140
non_zero groups 32768
Train, epoch: 90; Loss: 1.08 | Acc: 70.4 ; threshold 0.140
Test, epoch: 90; Loss: 0.75 | Acc: 73.7 @1 98.4 @5 ; threshold 0.140
non_zero groups 32768
Best acc (73.72).
Train, epoch: 91; Loss: 1.07 | Acc: 70.5 ; threshold 0.140
Test, epoch: 91; Loss: 0.75 | Acc: 74.0 @1 98.4 @5 ; threshold 0.140
non_zero groups 32768
Best acc (73.98).
Train, epoch: 92; Loss: 1.06 | Acc: 70.6 ; threshold 0.140
Test, epoch: 92; Loss: 0.77 | Acc: 73.1 @1 98.3 @5 ; threshold 0.140
non_zero groups 32768
Train, epoch: 93; Loss: 1.06 | Acc: 70.8 ; threshold 0.140
Test, epoch: 93; Loss: 0.75 | Acc: 73.6 @1 98.5 @5 ; threshold 0.140
non_zero groups 32768
Train, epoch: 94; Loss: 1.06 | Acc: 70.8 ; threshold 0.140
Test, epoch: 94; Loss: 0.75 | Acc: 74.0 @1 98.2 @5 ; threshold 0.140
non_zero groups 32768
Train, epoch: 95; Loss: 1.05 | Acc: 71.1 ; threshold 0.140
Test, epoch: 95; Loss: 0.76 | Acc: 73.6 @1 98.2 @5 ; threshold 0.140
non_zero groups 32768
Train, epoch: 96; Loss: 1.05 | Acc: 71.2 ; threshold 0.140
Test, epoch: 96; Loss: 0.75 | Acc: 73.9 @1 98.3 @5 ; threshold 0.140
non_zero groups 32768
Train, epoch: 97; Loss: 1.05 | Acc: 70.9 ; threshold 0.140
Test, epoch: 97; Loss: 0.76 | Acc: 73.1 @1 98.4 @5 ; threshold 0.140
non_zero groups 32768
Train, epoch: 98; Loss: 1.04 | Acc: 71.5 ; threshold 0.140
Test, epoch: 98; Loss: 0.74 | Acc: 74.1 @1 98.3 @5 ; threshold 0.140
non_zero groups 32768
Best acc (74.06).
Train, epoch: 99; Loss: 1.04 | Acc: 71.4 ; threshold 0.140
Test, epoch: 99; Loss: 0.74 | Acc: 74.3 @1 98.5 @5 ; threshold 0.140
non_zero groups 32768
Best acc (74.31).
new lr:1e-05
Train, epoch: 100; Loss: 0.96 | Acc: 73.3 ; threshold 0.140
Test, epoch: 100; Loss: 0.71 | Acc: 75.3 @1 98.5 @5 ; threshold 0.140
non_zero groups 32768
Best acc (75.32).
Train, epoch: 101; Loss: 0.95 | Acc: 73.7 ; threshold 0.140
Test, epoch: 101; Loss: 0.71 | Acc: 75.3 @1 98.5 @5 ; threshold 0.140
non_zero groups 32768
Train, epoch: 102; Loss: 0.95 | Acc: 73.8 ; threshold 0.140
Test, epoch: 102; Loss: 0.71 | Acc: 75.5 @1 98.5 @5 ; threshold 0.140
non_zero groups 32768
Best acc (75.48).
Train, epoch: 103; Loss: 0.95 | Acc: 73.7 ; threshold 0.140
Test, epoch: 103; Loss: 0.71 | Acc: 75.6 @1 98.6 @5 ; threshold 0.140
non_zero groups 32768
Best acc (75.61).
Train, epoch: 104; Loss: 0.94 | Acc: 73.7 ; threshold 0.140
Test, epoch: 104; Loss: 0.71 | Acc: 75.6 @1 98.6 @5 ; threshold 0.140
non_zero groups 32768
Train, epoch: 105; Loss: 0.95 | Acc: 73.3 ; threshold 0.140
Test, epoch: 105; Loss: 0.71 | Acc: 75.7 @1 98.6 @5 ; threshold 0.140
non_zero groups 32768
Best acc (75.7).
Train, epoch: 106; Loss: 0.95 | Acc: 73.7 ; threshold 0.140
Test, epoch: 106; Loss: 0.71 | Acc: 75.4 @1 98.5 @5 ; threshold 0.140
non_zero groups 32768
Train, epoch: 107; Loss: 0.94 | Acc: 73.7 ; threshold 0.140
Test, epoch: 107; Loss: 0.71 | Acc: 75.6 @1 98.5 @5 ; threshold 0.140
non_zero groups 32768
Train, epoch: 108; Loss: 0.94 | Acc: 73.8 ; threshold 0.140
Test, epoch: 108; Loss: 0.71 | Acc: 75.5 @1 98.6 @5 ; threshold 0.140
non_zero groups 32768
Train, epoch: 109; Loss: 0.94 | Acc: 73.7 ; threshold 0.140
Test, epoch: 109; Loss: 0.70 | Acc: 75.5 @1 98.5 @5 ; threshold 0.140
non_zero groups 32768
Train, epoch: 110; Loss: 0.94 | Acc: 73.8 ; threshold 0.140
Test, epoch: 110; Loss: 0.70 | Acc: 75.8 @1 98.6 @5 ; threshold 0.140
non_zero groups 32768
Best acc (75.8).
Train, epoch: 111; Loss: 0.94 | Acc: 73.7 ; threshold 0.140
Test, epoch: 111; Loss: 0.70 | Acc: 75.6 @1 98.5 @5 ; threshold 0.140
non_zero groups 32768
Train, epoch: 112; Loss: 0.93 | Acc: 73.8 ; threshold 0.140
Test, epoch: 112; Loss: 0.71 | Acc: 75.3 @1 98.5 @5 ; threshold 0.140
non_zero groups 32768
Train, epoch: 113; Loss: 0.94 | Acc: 73.8 ; threshold 0.140
Test, epoch: 113; Loss: 0.71 | Acc: 75.3 @1 98.5 @5 ; threshold 0.140
non_zero groups 32768
Train, epoch: 114; Loss: 0.93 | Acc: 73.9 ; threshold 0.140
Test, epoch: 114; Loss: 0.70 | Acc: 75.7 @1 98.6 @5 ; threshold 0.140
non_zero groups 32768
Train, epoch: 115; Loss: 0.94 | Acc: 73.8 ; threshold 0.140
Test, epoch: 115; Loss: 0.71 | Acc: 75.6 @1 98.5 @5 ; threshold 0.140
non_zero groups 32768
Train, epoch: 116; Loss: 0.94 | Acc: 73.7 ; threshold 0.140
Test, epoch: 116; Loss: 0.70 | Acc: 75.8 @1 98.5 @5 ; threshold 0.140
non_zero groups 32768
Best acc (75.81).
Train, epoch: 117; Loss: 0.93 | Acc: 73.9 ; threshold 0.140
Test, epoch: 117; Loss: 0.70 | Acc: 75.6 @1 98.5 @5 ; threshold 0.140
non_zero groups 32768
Train, epoch: 118; Loss: 0.93 | Acc: 73.9 ; threshold 0.140
Test, epoch: 118; Loss: 0.70 | Acc: 75.7 @1 98.6 @5 ; threshold 0.140
non_zero groups 32768
Train, epoch: 119; Loss: 0.93 | Acc: 74.0 ; threshold 0.140
Test, epoch: 119; Loss: 0.70 | Acc: 75.9 @1 98.5 @5 ; threshold 0.140
non_zero groups 32768
Best acc (75.93).
Train, epoch: 120; Loss: 0.93 | Acc: 73.8 ; threshold 0.140
Test, epoch: 120; Loss: 0.70 | Acc: 75.7 @1 98.6 @5 ; threshold 0.140
non_zero groups 32768
Train, epoch: 121; Loss: 0.93 | Acc: 73.8 ; threshold 0.140
Test, epoch: 121; Loss: 0.70 | Acc: 75.7 @1 98.6 @5 ; threshold 0.140
non_zero groups 32768
Train, epoch: 122; Loss: 0.93 | Acc: 73.8 ; threshold 0.140
Test, epoch: 122; Loss: 0.70 | Acc: 75.9 @1 98.5 @5 ; threshold 0.140
non_zero groups 32768
Train, epoch: 123; Loss: 0.93 | Acc: 73.9 ; threshold 0.140
Test, epoch: 123; Loss: 0.70 | Acc: 75.6 @1 98.6 @5 ; threshold 0.140
non_zero groups 32768
Train, epoch: 124; Loss: 0.93 | Acc: 74.1 ; threshold 0.140
Test, epoch: 124; Loss: 0.70 | Acc: 75.8 @1 98.6 @5 ; threshold 0.140
non_zero groups 32768
Train, epoch: 125; Loss: 0.93 | Acc: 74.3 ; threshold 0.140
Test, epoch: 125; Loss: 0.70 | Acc: 75.8 @1 98.6 @5 ; threshold 0.140
non_zero groups 32768
Train, epoch: 126; Loss: 0.93 | Acc: 73.9 ; threshold 0.140
Test, epoch: 126; Loss: 0.70 | Acc: 76.1 @1 98.5 @5 ; threshold 0.140
non_zero groups 32768
Best acc (76.09).
Train, epoch: 127; Loss: 0.92 | Acc: 74.2 ; threshold 0.140
Test, epoch: 127; Loss: 0.70 | Acc: 75.6 @1 98.5 @5 ; threshold 0.140
non_zero groups 32768
Train, epoch: 128; Loss: 0.93 | Acc: 74.1 ; threshold 0.140
Test, epoch: 128; Loss: 0.70 | Acc: 75.8 @1 98.5 @5 ; threshold 0.140
non_zero groups 32768
Train, epoch: 129; Loss: 0.93 | Acc: 74.1 ; threshold 0.140
Test, epoch: 129; Loss: 0.70 | Acc: 75.9 @1 98.6 @5 ; threshold 0.140
non_zero groups 32768
Train, epoch: 130; Loss: 0.92 | Acc: 74.1 ; threshold 0.140
Test, epoch: 130; Loss: 0.70 | Acc: 75.8 @1 98.6 @5 ; threshold 0.140
non_zero groups 32768
Train, epoch: 131; Loss: 0.93 | Acc: 74.0 ; threshold 0.140
Test, epoch: 131; Loss: 0.70 | Acc: 75.9 @1 98.7 @5 ; threshold 0.140
non_zero groups 32768
Train, epoch: 132; Loss: 0.92 | Acc: 74.0 ; threshold 0.140
Test, epoch: 132; Loss: 0.69 | Acc: 75.9 @1 98.5 @5 ; threshold 0.140
non_zero groups 32768
Train, epoch: 133; Loss: 0.92 | Acc: 74.2 ; threshold 0.140
Test, epoch: 133; Loss: 0.70 | Acc: 75.9 @1 98.6 @5 ; threshold 0.140
non_zero groups 32768
Train, epoch: 134; Loss: 0.93 | Acc: 74.0 ; threshold 0.140
Test, epoch: 134; Loss: 0.70 | Acc: 75.9 @1 98.6 @5 ; threshold 0.140
non_zero groups 32768
Train, epoch: 135; Loss: 0.92 | Acc: 74.1 ; threshold 0.140
Test, epoch: 135; Loss: 0.69 | Acc: 76.0 @1 98.5 @5 ; threshold 0.140
non_zero groups 32768
Train, epoch: 136; Loss: 0.92 | Acc: 74.2 ; threshold 0.140
Test, epoch: 136; Loss: 0.70 | Acc: 75.8 @1 98.5 @5 ; threshold 0.140
non_zero groups 32768
Train, epoch: 137; Loss: 0.92 | Acc: 74.3 ; threshold 0.140
Test, epoch: 137; Loss: 0.70 | Acc: 75.9 @1 98.6 @5 ; threshold 0.140
non_zero groups 32768
Train, epoch: 138; Loss: 0.92 | Acc: 74.3 ; threshold 0.140
Test, epoch: 138; Loss: 0.70 | Acc: 76.1 @1 98.6 @5 ; threshold 0.140
non_zero groups 32768
Train, epoch: 139; Loss: 0.92 | Acc: 74.1 ; threshold 0.140
Test, epoch: 139; Loss: 0.69 | Acc: 76.1 @1 98.6 @5 ; threshold 0.140
non_zero groups 32768
Train, epoch: 140; Loss: 0.92 | Acc: 74.2 ; threshold 0.140
Test, epoch: 140; Loss: 0.69 | Acc: 76.3 @1 98.6 @5 ; threshold 0.140
non_zero groups 32768
Best acc (76.32).
Train, epoch: 141; Loss: 0.91 | Acc: 74.5 ; threshold 0.140
Test, epoch: 141; Loss: 0.69 | Acc: 76.4 @1 98.6 @5 ; threshold 0.140
non_zero groups 32768
Best acc (76.4).
Train, epoch: 142; Loss: 0.91 | Acc: 74.4 ; threshold 0.140
Test, epoch: 142; Loss: 0.69 | Acc: 75.9 @1 98.7 @5 ; threshold 0.140
non_zero groups 32768
Train, epoch: 143; Loss: 0.91 | Acc: 74.6 ; threshold 0.140
Test, epoch: 143; Loss: 0.69 | Acc: 76.1 @1 98.6 @5 ; threshold 0.140
non_zero groups 32768
Train, epoch: 144; Loss: 0.91 | Acc: 74.5 ; threshold 0.140
Test, epoch: 144; Loss: 0.69 | Acc: 76.3 @1 98.7 @5 ; threshold 0.140
non_zero groups 32768
Train, epoch: 145; Loss: 0.92 | Acc: 74.5 ; threshold 0.140
Test, epoch: 145; Loss: 0.69 | Acc: 76.0 @1 98.5 @5 ; threshold 0.140
non_zero groups 32768
Train, epoch: 146; Loss: 0.91 | Acc: 74.4 ; threshold 0.140
Test, epoch: 146; Loss: 0.69 | Acc: 76.2 @1 98.6 @5 ; threshold 0.140
non_zero groups 32768
Train, epoch: 147; Loss: 0.91 | Acc: 74.8 ; threshold 0.140
Test, epoch: 147; Loss: 0.69 | Acc: 76.0 @1 98.6 @5 ; threshold 0.140
non_zero groups 32768
Train, epoch: 148; Loss: 0.91 | Acc: 74.7 ; threshold 0.140
Test, epoch: 148; Loss: 0.69 | Acc: 76.0 @1 98.5 @5 ; threshold 0.140
non_zero groups 32768
Train, epoch: 149; Loss: 0.91 | Acc: 74.5 ; threshold 0.140
Test, epoch: 149; Loss: 0.69 | Acc: 76.2 @1 98.7 @5 ; threshold 0.140
non_zero groups 32768
new lr:1e-06
Train, epoch: 150; Loss: 0.90 | Acc: 74.9 ; threshold 0.140
Test, epoch: 150; Loss: 0.68 | Acc: 76.5 @1 98.7 @5 ; threshold 0.140
non_zero groups 32768
Best acc (76.49).
Train, epoch: 151; Loss: 0.89 | Acc: 75.1 ; threshold 0.140
Test, epoch: 151; Loss: 0.68 | Acc: 76.5 @1 98.7 @5 ; threshold 0.140
non_zero groups 32768
Best acc (76.53).
Train, epoch: 152; Loss: 0.89 | Acc: 75.0 ; threshold 0.140
Test, epoch: 152; Loss: 0.68 | Acc: 76.4 @1 98.7 @5 ; threshold 0.140
non_zero groups 32768
Train, epoch: 153; Loss: 0.90 | Acc: 75.1 ; threshold 0.140
Test, epoch: 153; Loss: 0.68 | Acc: 76.6 @1 98.6 @5 ; threshold 0.140
non_zero groups 32768
Best acc (76.57).
Train, epoch: 154; Loss: 0.89 | Acc: 75.0 ; threshold 0.140
Test, epoch: 154; Loss: 0.68 | Acc: 76.5 @1 98.7 @5 ; threshold 0.140
non_zero groups 32768
Train, epoch: 155; Loss: 0.90 | Acc: 75.0 ; threshold 0.140
Test, epoch: 155; Loss: 0.68 | Acc: 76.5 @1 98.7 @5 ; threshold 0.140
non_zero groups 32768
Train, epoch: 156; Loss: 0.90 | Acc: 74.9 ; threshold 0.140
Test, epoch: 156; Loss: 0.68 | Acc: 76.5 @1 98.7 @5 ; threshold 0.140
non_zero groups 32768
Train, epoch: 157; Loss: 0.89 | Acc: 75.0 ; threshold 0.140
Test, epoch: 157; Loss: 0.68 | Acc: 76.5 @1 98.6 @5 ; threshold 0.140
non_zero groups 32768
Train, epoch: 158; Loss: 0.89 | Acc: 75.3 ; threshold 0.140
Test, epoch: 158; Loss: 0.68 | Acc: 76.5 @1 98.6 @5 ; threshold 0.140
non_zero groups 32768
Train, epoch: 159; Loss: 0.89 | Acc: 75.0 ; threshold 0.140
Test, epoch: 159; Loss: 0.68 | Acc: 76.5 @1 98.7 @5 ; threshold 0.140
non_zero groups 32768
Train, epoch: 160; Loss: 0.89 | Acc: 74.9 ; threshold 0.140
Test, epoch: 160; Loss: 0.68 | Acc: 76.5 @1 98.7 @5 ; threshold 0.140
non_zero groups 32768
Train, epoch: 161; Loss: 0.89 | Acc: 74.9 ; threshold 0.140
Test, epoch: 161; Loss: 0.68 | Acc: 76.6 @1 98.7 @5 ; threshold 0.140
non_zero groups 32768
Best acc (76.62).
Train, epoch: 162; Loss: 0.89 | Acc: 75.1 ; threshold 0.140
Test, epoch: 162; Loss: 0.68 | Acc: 76.5 @1 98.6 @5 ; threshold 0.140
non_zero groups 32768
Train, epoch: 163; Loss: 0.89 | Acc: 75.0 ; threshold 0.140
Test, epoch: 163; Loss: 0.68 | Acc: 76.4 @1 98.6 @5 ; threshold 0.140
non_zero groups 32768
Train, epoch: 164; Loss: 0.89 | Acc: 75.3 ; threshold 0.140
Test, epoch: 164; Loss: 0.68 | Acc: 76.7 @1 98.7 @5 ; threshold 0.140
non_zero groups 32768
Best acc (76.67).
Train, epoch: 165; Loss: 0.89 | Acc: 75.1 ; threshold 0.140
Test, epoch: 165; Loss: 0.68 | Acc: 76.7 @1 98.7 @5 ; threshold 0.140
non_zero groups 32768
Train, epoch: 166; Loss: 0.89 | Acc: 75.2 ; threshold 0.140
Test, epoch: 166; Loss: 0.68 | Acc: 76.5 @1 98.6 @5 ; threshold 0.140
non_zero groups 32768
Train, epoch: 167; Loss: 0.89 | Acc: 75.1 ; threshold 0.140
Test, epoch: 167; Loss: 0.68 | Acc: 76.5 @1 98.6 @5 ; threshold 0.140
non_zero groups 32768
Train, epoch: 168; Loss: 0.89 | Acc: 75.2 ; threshold 0.140
Test, epoch: 168; Loss: 0.68 | Acc: 76.7 @1 98.7 @5 ; threshold 0.140
non_zero groups 32768
Best acc (76.7).
Train, epoch: 169; Loss: 0.89 | Acc: 75.0 ; threshold 0.140
Test, epoch: 169; Loss: 0.68 | Acc: 76.6 @1 98.6 @5 ; threshold 0.140
non_zero groups 32768
Train, epoch: 170; Loss: 0.89 | Acc: 75.0 ; threshold 0.140
Test, epoch: 170; Loss: 0.68 | Acc: 76.6 @1 98.7 @5 ; threshold 0.140
non_zero groups 32768
Train, epoch: 171; Loss: 0.89 | Acc: 75.0 ; threshold 0.140
Test, epoch: 171; Loss: 0.68 | Acc: 76.5 @1 98.7 @5 ; threshold 0.140
non_zero groups 32768
Train, epoch: 172; Loss: 0.89 | Acc: 75.1 ; threshold 0.140
Test, epoch: 172; Loss: 0.68 | Acc: 76.6 @1 98.6 @5 ; threshold 0.140
non_zero groups 32768
Train, epoch: 173; Loss: 0.89 | Acc: 75.0 ; threshold 0.140
Test, epoch: 173; Loss: 0.68 | Acc: 76.5 @1 98.6 @5 ; threshold 0.140
non_zero groups 32768
Train, epoch: 174; Loss: 0.89 | Acc: 75.1 ; threshold 0.140
Test, epoch: 174; Loss: 0.68 | Acc: 76.6 @1 98.7 @5 ; threshold 0.140
non_zero groups 32768
Train, epoch: 175; Loss: 0.89 | Acc: 75.3 ; threshold 0.140
Test, epoch: 175; Loss: 0.68 | Acc: 76.6 @1 98.6 @5 ; threshold 0.140
non_zero groups 32768
Train, epoch: 176; Loss: 0.89 | Acc: 75.3 ; threshold 0.140
Test, epoch: 176; Loss: 0.68 | Acc: 76.6 @1 98.7 @5 ; threshold 0.140
non_zero groups 32768
Train, epoch: 177; Loss: 0.89 | Acc: 75.2 ; threshold 0.140
Test, epoch: 177; Loss: 0.68 | Acc: 76.5 @1 98.6 @5 ; threshold 0.140
non_zero groups 32768
Train, epoch: 178; Loss: 0.89 | Acc: 75.1 ; threshold 0.140
Test, epoch: 178; Loss: 0.68 | Acc: 76.5 @1 98.6 @5 ; threshold 0.140
non_zero groups 32768
Train, epoch: 179; Loss: 0.89 | Acc: 75.2 ; threshold 0.140
Test, epoch: 179; Loss: 0.68 | Acc: 76.6 @1 98.7 @5 ; threshold 0.140
non_zero groups 32768
Train, epoch: 180; Loss: 0.89 | Acc: 75.0 ; threshold 0.140
Test, epoch: 180; Loss: 0.68 | Acc: 76.6 @1 98.7 @5 ; threshold 0.140
non_zero groups 32768
Train, epoch: 181; Loss: 0.89 | Acc: 75.0 ; threshold 0.140
Test, epoch: 181; Loss: 0.68 | Acc: 76.6 @1 98.7 @5 ; threshold 0.140
non_zero groups 32768
Train, epoch: 182; Loss: 0.89 | Acc: 75.1 ; threshold 0.140
Test, epoch: 182; Loss: 0.68 | Acc: 76.6 @1 98.7 @5 ; threshold 0.140
non_zero groups 32768
Train, epoch: 183; Loss: 0.89 | Acc: 75.2 ; threshold 0.140
Test, epoch: 183; Loss: 0.68 | Acc: 76.6 @1 98.6 @5 ; threshold 0.140
non_zero groups 32768
Train, epoch: 184; Loss: 0.89 | Acc: 75.3 ; threshold 0.140
Test, epoch: 184; Loss: 0.68 | Acc: 76.6 @1 98.6 @5 ; threshold 0.140
non_zero groups 32768
Train, epoch: 185; Loss: 0.89 | Acc: 75.2 ; threshold 0.140
Test, epoch: 185; Loss: 0.68 | Acc: 76.6 @1 98.6 @5 ; threshold 0.140
non_zero groups 32768
Train, epoch: 186; Loss: 0.89 | Acc: 75.2 ; threshold 0.140
Test, epoch: 186; Loss: 0.68 | Acc: 76.6 @1 98.7 @5 ; threshold 0.140
non_zero groups 32768
Train, epoch: 187; Loss: 0.89 | Acc: 75.0 ; threshold 0.140
Test, epoch: 187; Loss: 0.68 | Acc: 76.6 @1 98.7 @5 ; threshold 0.140
non_zero groups 32768
Train, epoch: 188; Loss: 0.89 | Acc: 75.2 ; threshold 0.140
Test, epoch: 188; Loss: 0.68 | Acc: 76.5 @1 98.7 @5 ; threshold 0.140
non_zero groups 32768
Train, epoch: 189; Loss: 0.89 | Acc: 75.1 ; threshold 0.140
Test, epoch: 189; Loss: 0.68 | Acc: 76.6 @1 98.7 @5 ; threshold 0.140
non_zero groups 32768
Train, epoch: 190; Loss: 0.89 | Acc: 75.2 ; threshold 0.140
Test, epoch: 190; Loss: 0.68 | Acc: 76.4 @1 98.7 @5 ; threshold 0.140
non_zero groups 32768
Train, epoch: 191; Loss: 0.89 | Acc: 75.2 ; threshold 0.140
Test, epoch: 191; Loss: 0.68 | Acc: 76.5 @1 98.7 @5 ; threshold 0.140
non_zero groups 32768
Train, epoch: 192; Loss: 0.89 | Acc: 75.3 ; threshold 0.140
Test, epoch: 192; Loss: 0.68 | Acc: 76.7 @1 98.7 @5 ; threshold 0.140
non_zero groups 32768
Train, epoch: 193; Loss: 0.89 | Acc: 75.2 ; threshold 0.140
Test, epoch: 193; Loss: 0.68 | Acc: 76.6 @1 98.7 @5 ; threshold 0.140
non_zero groups 32768
Train, epoch: 194; Loss: 0.89 | Acc: 75.2 ; threshold 0.140
Test, epoch: 194; Loss: 0.68 | Acc: 76.7 @1 98.6 @5 ; threshold 0.140
non_zero groups 32768
Train, epoch: 195; Loss: 0.89 | Acc: 75.3 ; threshold 0.140
Test, epoch: 195; Loss: 0.68 | Acc: 76.6 @1 98.6 @5 ; threshold 0.140
non_zero groups 32768
Train, epoch: 196; Loss: 0.89 | Acc: 75.0 ; threshold 0.140
Test, epoch: 196; Loss: 0.68 | Acc: 76.6 @1 98.7 @5 ; threshold 0.140
non_zero groups 32768
Train, epoch: 197; Loss: 0.89 | Acc: 75.1 ; threshold 0.140
Test, epoch: 197; Loss: 0.68 | Acc: 76.7 @1 98.7 @5 ; threshold 0.140
non_zero groups 32768
Train, epoch: 198; Loss: 0.89 | Acc: 75.0 ; threshold 0.140
Test, epoch: 198; Loss: 0.68 | Acc: 76.7 @1 98.7 @5 ; threshold 0.140
non_zero groups 32768
Best acc (76.73).
Train, epoch: 199; Loss: 0.89 | Acc: 75.4 ; threshold 0.140
Test, epoch: 199; Loss: 0.68 | Acc: 76.6 @1 98.7 @5 ; threshold 0.140
non_zero groups 32768
new lr:1e-07
Train, epoch: 200; Loss: 0.89 | Acc: 75.4 ; threshold 0.140
Test, epoch: 200; Loss: 0.68 | Acc: 76.7 @1 98.7 @5 ; threshold 0.140
non_zero groups 32768
Train, epoch: 201; Loss: 0.89 | Acc: 75.2 ; threshold 0.140
Test, epoch: 201; Loss: 0.68 | Acc: 76.6 @1 98.7 @5 ; threshold 0.140
non_zero groups 32768
Train, epoch: 202; Loss: 0.89 | Acc: 75.2 ; threshold 0.140
Test, epoch: 202; Loss: 0.68 | Acc: 76.6 @1 98.7 @5 ; threshold 0.140
non_zero groups 32768
Train, epoch: 203; Loss: 0.88 | Acc: 75.3 ; threshold 0.140
Test, epoch: 203; Loss: 0.68 | Acc: 76.7 @1 98.7 @5 ; threshold 0.140
non_zero groups 32768
Train, epoch: 204; Loss: 0.88 | Acc: 75.3 ; threshold 0.140
Test, epoch: 204; Loss: 0.68 | Acc: 76.6 @1 98.7 @5 ; threshold 0.140
non_zero groups 32768
Train, epoch: 205; Loss: 0.89 | Acc: 75.2 ; threshold 0.140
Test, epoch: 205; Loss: 0.68 | Acc: 76.7 @1 98.7 @5 ; threshold 0.140
non_zero groups 32768
Train, epoch: 206; Loss: 0.89 | Acc: 75.1 ; threshold 0.140
Test, epoch: 206; Loss: 0.68 | Acc: 76.7 @1 98.7 @5 ; threshold 0.140
non_zero groups 32768
Train, epoch: 207; Loss: 0.89 | Acc: 75.1 ; threshold 0.140
Test, epoch: 207; Loss: 0.68 | Acc: 76.7 @1 98.7 @5 ; threshold 0.140
non_zero groups 32768
Train, epoch: 208; Loss: 0.89 | Acc: 75.0 ; threshold 0.140
Test, epoch: 208; Loss: 0.68 | Acc: 76.7 @1 98.6 @5 ; threshold 0.140
non_zero groups 32768
Train, epoch: 209; Loss: 0.88 | Acc: 75.3 ; threshold 0.140
Test, epoch: 209; Loss: 0.68 | Acc: 76.6 @1 98.7 @5 ; threshold 0.140
non_zero groups 32768
Train, epoch: 210; Loss: 0.89 | Acc: 75.1 ; threshold 0.140
Test, epoch: 210; Loss: 0.68 | Acc: 76.7 @1 98.7 @5 ; threshold 0.140
non_zero groups 32768
Train, epoch: 211; Loss: 0.89 | Acc: 75.1 ; threshold 0.140
Test, epoch: 211; Loss: 0.68 | Acc: 76.8 @1 98.7 @5 ; threshold 0.140
non_zero groups 32768
Best acc (76.8).
Train, epoch: 212; Loss: 0.88 | Acc: 75.5 ; threshold 0.140
Test, epoch: 212; Loss: 0.68 | Acc: 76.7 @1 98.7 @5 ; threshold 0.140
non_zero groups 32768
Train, epoch: 213; Loss: 0.89 | Acc: 75.1 ; threshold 0.140
Test, epoch: 213; Loss: 0.68 | Acc: 76.7 @1 98.7 @5 ; threshold 0.140
non_zero groups 32768
Train, epoch: 214; Loss: 0.89 | Acc: 75.5 ; threshold 0.140
Test, epoch: 214; Loss: 0.68 | Acc: 76.6 @1 98.6 @5 ; threshold 0.140
non_zero groups 32768
Train, epoch: 215; Loss: 0.88 | Acc: 75.4 ; threshold 0.140
Test, epoch: 215; Loss: 0.68 | Acc: 76.7 @1 98.7 @5 ; threshold 0.140
non_zero groups 32768
Train, epoch: 216; Loss: 0.89 | Acc: 75.4 ; threshold 0.140
Test, epoch: 216; Loss: 0.68 | Acc: 76.8 @1 98.6 @5 ; threshold 0.140
non_zero groups 32768
Train, epoch: 217; Loss: 0.89 | Acc: 75.1 ; threshold 0.140
Test, epoch: 217; Loss: 0.68 | Acc: 76.6 @1 98.7 @5 ; threshold 0.140
non_zero groups 32768
Train, epoch: 218; Loss: 0.89 | Acc: 75.2 ; threshold 0.140
Test, epoch: 218; Loss: 0.68 | Acc: 76.7 @1 98.7 @5 ; threshold 0.140
non_zero groups 32768
Train, epoch: 219; Loss: 0.89 | Acc: 75.3 ; threshold 0.140
Test, epoch: 219; Loss: 0.68 | Acc: 76.7 @1 98.7 @5 ; threshold 0.140
non_zero groups 32768
Train, epoch: 220; Loss: 0.88 | Acc: 75.3 ; threshold 0.140
Test, epoch: 220; Loss: 0.68 | Acc: 76.7 @1 98.7 @5 ; threshold 0.140
non_zero groups 32768
Train, epoch: 221; Loss: 0.88 | Acc: 75.4 ; threshold 0.140
Test, epoch: 221; Loss: 0.68 | Acc: 76.7 @1 98.7 @5 ; threshold 0.140
non_zero groups 32768
Train, epoch: 222; Loss: 0.89 | Acc: 75.1 ; threshold 0.140
Test, epoch: 222; Loss: 0.68 | Acc: 76.7 @1 98.7 @5 ; threshold 0.140
non_zero groups 32768
Train, epoch: 223; Loss: 0.88 | Acc: 75.4 ; threshold 0.140
Test, epoch: 223; Loss: 0.68 | Acc: 76.7 @1 98.7 @5 ; threshold 0.140
non_zero groups 32768
Train, epoch: 224; Loss: 0.88 | Acc: 75.2 ; threshold 0.140
Test, epoch: 224; Loss: 0.68 | Acc: 76.7 @1 98.7 @5 ; threshold 0.140
non_zero groups 32768
Best test acc. 76.8  at epoch 211/224
Done in 8.8 hours with 1 GPU
